- | [] | [20180905 10:58:55.704] | [INFO] | [DESKTOP-RR6N2CI] | [main] | [c.m.m.MillionaireServerWebApplication] | --> Starting MillionaireServerWebApplication on DESKTOP-RR6N2CI with PID 10200 (started by Liu Kai in C:\Users\Liu Kai\Desktop\复盘项目-聚金融\new\millionaire-club)|
- | [] | [20180905 10:58:55.720] | [INFO] | [DESKTOP-RR6N2CI] | [main] | [c.m.m.MillionaireServerWebApplication] | --> No active profile set, falling back to default profiles: default|
- | [] | [20180905 10:58:55.807] | [INFO] | [DESKTOP-RR6N2CI] | [main] | [o.s.b.w.s.c.AnnotationConfigServletWebServerApplicationContext] | --> Refreshing org.springframework.boot.web.servlet.context.AnnotationConfigServletWebServerApplicationContext@79924b: startup date [Wed Sep 05 10:58:55 CST 2018]; root of context hierarchy|
- | [] | [20180905 10:59:00.346] | [INFO] | [DESKTOP-RR6N2CI] | [main] | [o.s.d.r.c.RepositoryConfigurationDelegate] | --> Multiple Spring Data modules found, entering strict repository configuration mode!|
- | [] | [20180905 10:59:01.275] | [INFO] | [DESKTOP-RR6N2CI] | [main] | [o.s.c.s.PostProcessorRegistrationDelegate$BeanPostProcessorChecker] | --> Bean 'org.springframework.transaction.annotation.ProxyTransactionManagementConfiguration' of type [org.springframework.transaction.annotation.ProxyTransactionManagementConfiguration$$EnhancerBySpringCGLIB$$e7142617] is not eligible for getting processed by all BeanPostProcessors (for example: not eligible for auto-proxying)|
- | [] | [20180905 10:59:02.028] | [INFO] | [DESKTOP-RR6N2CI] | [main] | [o.s.b.w.e.tomcat.TomcatWebServer] | --> Tomcat initialized with port(s): 20581 (http)|
- | [] | [20180905 10:59:02.050] | [INFO] | [DESKTOP-RR6N2CI] | [main] | [o.a.coyote.http11.Http11NioProtocol] | --> Initializing ProtocolHandler ["http-nio-20581"]|
- | [] | [20180905 10:59:02.075] | [INFO] | [DESKTOP-RR6N2CI] | [main] | [o.a.catalina.core.StandardService] | --> Starting service [Tomcat]|
- | [] | [20180905 10:59:02.075] | [INFO] | [DESKTOP-RR6N2CI] | [main] | [o.a.catalina.core.StandardEngine] | --> Starting Servlet Engine: Apache Tomcat/8.5.32|
- | [] | [20180905 10:59:02.082] | [INFO] | [DESKTOP-RR6N2CI] | [localhost-startStop-1] | [o.a.c.core.AprLifecycleListener] | --> The APR based Apache Tomcat Native library which allows optimal performance in production environments was not found on the java.library.path: [C:\Program Files\Java\jdk1.8.0_171\bin;C:\WINDOWS\Sun\Java\bin;C:\WINDOWS\system32;C:\WINDOWS;C:\Program Files (x86)\Common Files\Oracle\Java\javapath;C:\WINDOWS\system32;C:\WINDOWS;C:\WINDOWS\System32\Wbem;C:\WINDOWS\System32\WindowsPowerShell\v1.0\;C:\mysql-5.7.22-winx64\bin;C:\apache-maven-3.5.3\bin;C:\Program Files\Calibre2\;C:\WINDOWS\System32\OpenSSH\;C:\JUNIT;C:\Program Files\Java\jdk1.8.0_171\bin;C:\Program Files\Java\jdk1.8.0_171\jre\bin;C:\Program Files\Git\cmd;C:\apache-tomcat-7.0.90\bin;C:\jetty-distribution-9.4.11.v20180605\bin;C:\Program Files\TortoiseSVN\bin;C:\Users\Liu Kai\AppData\Local\Microsoft\WindowsApps;C:\Users\Liu Kai\AppData\Local\GitHubDesktop\bin;.]|
- | [] | [20180905 10:59:02.345] | [INFO] | [DESKTOP-RR6N2CI] | [localhost-startStop-1] | [o.a.c.c.C.[Tomcat].[localhost].[/]] | --> Initializing Spring embedded WebApplicationContext|
- | [] | [20180905 10:59:02.345] | [INFO] | [DESKTOP-RR6N2CI] | [localhost-startStop-1] | [o.s.web.context.ContextLoader] | --> Root WebApplicationContext: initialization completed in 6538 ms|
- | [] | [20180905 10:59:02.511] | [INFO] | [DESKTOP-RR6N2CI] | [localhost-startStop-1] | [o.s.b.w.s.ServletRegistrationBean] | --> Servlet dispatcherServlet mapped to [/]|
- | [] | [20180905 10:59:02.523] | [INFO] | [DESKTOP-RR6N2CI] | [localhost-startStop-1] | [o.s.b.w.s.FilterRegistrationBean] | --> Mapping filter: 'characterEncodingFilter' to: [/*]|
- | [] | [20180905 10:59:02.523] | [INFO] | [DESKTOP-RR6N2CI] | [localhost-startStop-1] | [o.s.b.w.s.FilterRegistrationBean] | --> Mapping filter: 'hiddenHttpMethodFilter' to: [/*]|
- | [] | [20180905 10:59:02.523] | [INFO] | [DESKTOP-RR6N2CI] | [localhost-startStop-1] | [o.s.b.w.s.FilterRegistrationBean] | --> Mapping filter: 'requestContextFilter' to: [/*]|
- | [] | [20180905 10:59:02.524] | [INFO] | [DESKTOP-RR6N2CI] | [localhost-startStop-1] | [o.s.b.w.s.FilterRegistrationBean] | --> Mapping filter: 'putFilter' to: [/*]|
- | [] | [20180905 10:59:04.727] | [INFO] | [DESKTOP-RR6N2CI] | [main] | [c.alibaba.druid.pool.DruidDataSource] | --> {dataSource-1} inited|
- | [] | [20180905 10:59:05.136] | [INFO] | [DESKTOP-RR6N2CI] | [main] | [org.quartz.impl.StdSchedulerFactory] | --> Using default implementation for ThreadExecutor|
- | [] | [20180905 10:59:05.171] | [INFO] | [DESKTOP-RR6N2CI] | [main] | [o.quartz.core.SchedulerSignalerImpl] | --> Initialized Scheduler Signaller of type: class org.quartz.core.SchedulerSignalerImpl|
- | [] | [20180905 10:59:05.171] | [INFO] | [DESKTOP-RR6N2CI] | [main] | [org.quartz.core.QuartzScheduler] | --> Quartz Scheduler v.2.3.0 created.|
- | [] | [20180905 10:59:05.174] | [INFO] | [DESKTOP-RR6N2CI] | [main] | [org.quartz.simpl.RAMJobStore] | --> RAMJobStore initialized.|
- | [] | [20180905 10:59:05.176] | [INFO] | [DESKTOP-RR6N2CI] | [main] | [org.quartz.core.QuartzScheduler] | --> Scheduler meta-data: Quartz Scheduler (v2.3.0) 'schedulerFactoryBean' with instanceId 'NON_CLUSTERED'
  Scheduler class: 'org.quartz.core.QuartzScheduler' - running locally.
  NOT STARTED.
  Currently in standby mode.
  Number of jobs executed: 0
  Using thread pool 'org.quartz.simpl.SimpleThreadPool' - with 10 threads.
  Using job-store 'org.quartz.simpl.RAMJobStore' - which does not support persistence. and is not clustered.
|
- | [] | [20180905 10:59:05.176] | [INFO] | [DESKTOP-RR6N2CI] | [main] | [org.quartz.impl.StdSchedulerFactory] | --> Quartz scheduler 'schedulerFactoryBean' initialized from an externally provided properties instance.|
- | [] | [20180905 10:59:05.176] | [INFO] | [DESKTOP-RR6N2CI] | [main] | [org.quartz.impl.StdSchedulerFactory] | --> Quartz scheduler version: 2.3.0|
- | [] | [20180905 10:59:05.181] | [INFO] | [DESKTOP-RR6N2CI] | [main] | [org.quartz.core.QuartzScheduler] | --> JobFactory set to: org.springframework.scheduling.quartz.AdaptableJobFactory@1bc0d349|
- | [] | [20180905 10:59:05.429] | [INFO] | [DESKTOP-RR6N2CI] | [main] | [o.s.w.s.h.SimpleUrlHandlerMapping] | --> Mapped URL path [/**/favicon.ico] onto handler of type [class org.springframework.web.servlet.resource.ResourceHttpRequestHandler]|
- | [] | [20180905 10:59:05.986] | [INFO] | [DESKTOP-RR6N2CI] | [main] | [o.s.w.s.m.m.a.RequestMappingHandlerAdapter] | --> Looking for @ControllerAdvice: org.springframework.boot.web.servlet.context.AnnotationConfigServletWebServerApplicationContext@79924b: startup date [Wed Sep 05 10:58:55 CST 2018]; root of context hierarchy|
- | [] | [20180905 10:59:06.071] | [INFO] | [DESKTOP-RR6N2CI] | [main] | [o.s.w.s.m.m.a.RequestMappingHandlerMapping] | --> Mapped "{[/a/upload-picture],methods=[POST]}" onto public java.lang.String com.millionaire.millionaireserverweb.controller.AliyunAPIController.test(org.springframework.web.multipart.MultipartFile) throws java.io.IOException,com.millionaire.millionairecommonapi.excepion.AliyunAPIException|
- | [] | [20180905 10:59:06.074] | [INFO] | [DESKTOP-RR6N2CI] | [main] | [o.s.w.s.m.m.a.RequestMappingHandlerMapping] | --> Mapped "{[/a/ID-card-upload],methods=[POST]}" onto public java.lang.String com.millionaire.millionaireserverweb.controller.AliyunAPIController.testID(org.springframework.web.multipart.MultipartFile) throws java.io.IOException,com.millionaire.millionairecommonapi.excepion.AliyunAPIException|
- | [] | [20180905 10:59:06.077] | [INFO] | [DESKTOP-RR6N2CI] | [main] | [o.s.w.s.m.m.a.RequestMappingHandlerMapping] | --> Mapped "{[/a/bank],methods=[POST]}" onto public com.millionaire.millionaireserverweb.result.ResultBean com.millionaire.millionaireserverweb.controller.BankController.insertBank(com.millionaire.millionairemanagerservice.module.Bank)|
- | [] | [20180905 10:59:06.078] | [INFO] | [DESKTOP-RR6N2CI] | [main] | [o.s.w.s.m.m.a.RequestMappingHandlerMapping] | --> Mapped "{[/a/bank/{bankId}],methods=[PUT]}" onto public com.millionaire.millionaireserverweb.result.ResultBean com.millionaire.millionaireserverweb.controller.BankController.updateBank(java.lang.Long,com.alibaba.fastjson.JSONObject)|
- | [] | [20180905 10:59:06.078] | [INFO] | [DESKTOP-RR6N2CI] | [main] | [o.s.w.s.m.m.a.RequestMappingHandlerMapping] | --> Mapped "{[/a/bank/{bankId}],methods=[GET]}" onto public com.millionaire.millionaireserverweb.result.ResultBean com.millionaire.millionaireserverweb.controller.BankController.selectBank(long)|
- | [] | [20180905 10:59:06.080] | [INFO] | [DESKTOP-RR6N2CI] | [main] | [o.s.w.s.m.m.a.RequestMappingHandlerMapping] | --> Mapped "{[/a/list/bank],methods=[GET]}" onto public com.millionaire.millionaireserverweb.result.ResultBean com.millionaire.millionaireserverweb.controller.BankController.selectBankByPage(java.lang.Integer,java.lang.Integer,com.millionaire.millionairemanagerservice.request.BankQuery)|
- | [] | [20180905 10:59:06.081] | [INFO] | [DESKTOP-RR6N2CI] | [main] | [o.s.w.s.m.m.a.RequestMappingHandlerMapping] | --> Mapped "{[/a/claim-info/{claimId}],methods=[GET]}" onto public com.millionaire.millionaireserverweb.result.ResultBean com.millionaire.millionaireserverweb.controller.ClaimInfoController.selectClaimInfo(java.lang.Long)|
- | [] | [20180905 10:59:06.081] | [INFO] | [DESKTOP-RR6N2CI] | [main] | [o.s.w.s.m.m.a.RequestMappingHandlerMapping] | --> Mapped "{[/a/claim-info],methods=[POST]}" onto public com.millionaire.millionaireserverweb.result.ResultBean com.millionaire.millionaireserverweb.controller.ClaimInfoController.insertClaimInfo(com.millionaire.millionairebusinessservice.module.ClaimInfo)|
- | [] | [20180905 10:59:06.081] | [INFO] | [DESKTOP-RR6N2CI] | [main] | [o.s.w.s.m.m.a.RequestMappingHandlerMapping] | --> Mapped "{[/a/list/claim-info],methods=[GET]}" onto public com.millionaire.millionaireserverweb.result.ResultBean com.millionaire.millionaireserverweb.controller.ClaimInfoController.selectClaimByPage(java.lang.Integer,java.lang.Integer,com.millionaire.millionairebusinessservice.request.ClaimInfoQuery)|
- | [] | [20180905 10:59:06.082] | [INFO] | [DESKTOP-RR6N2CI] | [main] | [o.s.w.s.m.m.a.RequestMappingHandlerMapping] | --> Mapped "{[/a/list/claim-match/{claimid}],methods=[GET]}" onto public com.millionaire.millionaireserverweb.result.ResultBean com.millionaire.millionaireserverweb.controller.ClaimMatchController.listClaimMatch(long,java.lang.Integer,java.lang.Integer,com.millionaire.millionairebusinessservice.request.ClaimMatchQuery)|
- | [] | [20180905 10:59:06.082] | [INFO] | [DESKTOP-RR6N2CI] | [main] | [o.s.w.s.m.m.a.RequestMappingHandlerMapping] | --> Mapped "{[/a/list/investment-match-claim/{claimId}],methods=[GET]}" onto public com.millionaire.millionaireserverweb.result.ResultBean com.millionaire.millionaireserverweb.controller.ClaimMatchController.listRecommendedMatch(long)|
- | [] | [20180905 10:59:06.082] | [INFO] | [DESKTOP-RR6N2CI] | [main] | [o.s.w.s.m.m.a.RequestMappingHandlerMapping] | --> Mapped "{[/a/investment-credit],methods=[PUT]}" onto public com.millionaire.millionaireserverweb.result.ResultBean com.millionaire.millionaireserverweb.controller.ClaimMatchController.updateInvestmentCredit(com.alibaba.fastjson.JSONObject)|
- | [] | [20180905 10:59:06.085] | [INFO] | [DESKTOP-RR6N2CI] | [main] | [o.s.w.s.m.m.a.RequestMappingHandlerMapping] | --> Mapped "{[/a/content-info/{contentId}],methods=[GET]}" onto public com.millionaire.millionaireserverweb.result.ResultBean com.millionaire.millionaireserverweb.controller.ContentController.getContent(java.lang.Long)|
- | [] | [20180905 10:59:06.087] | [INFO] | [DESKTOP-RR6N2CI] | [main] | [o.s.w.s.m.m.a.RequestMappingHandlerMapping] | --> Mapped "{[/a/content-status/{contentId}],methods=[PUT]}" onto public com.millionaire.millionaireserverweb.result.ResultBean com.millionaire.millionaireserverweb.controller.ContentController.updateStatus(java.lang.Long,com.alibaba.fastjson.JSONObject)|
- | [] | [20180905 10:59:06.087] | [INFO] | [DESKTOP-RR6N2CI] | [main] | [o.s.w.s.m.m.a.RequestMappingHandlerMapping] | --> Mapped "{[/a/content/{contentId}],methods=[PUT]}" onto public com.millionaire.millionaireserverweb.result.ResultBean com.millionaire.millionaireserverweb.controller.ContentController.updateContent(java.lang.Long,com.millionaire.millionairemanagerservice.module.Content)|
- | [] | [20180905 10:59:06.087] | [INFO] | [DESKTOP-RR6N2CI] | [main] | [o.s.w.s.m.m.a.RequestMappingHandlerMapping] | --> Mapped "{[/a/content/{contentId}],methods=[DELETE]}" onto public com.millionaire.millionaireserverweb.result.ResultBean com.millionaire.millionaireserverweb.controller.ContentController.deleteContent(long)|
- | [] | [20180905 10:59:06.088] | [INFO] | [DESKTOP-RR6N2CI] | [main] | [o.s.w.s.m.m.a.RequestMappingHandlerMapping] | --> Mapped "{[/a/list/content],methods=[GET]}" onto public com.millionaire.millionaireserverweb.result.ResultBean com.millionaire.millionaireserverweb.controller.ContentController.listContent(java.lang.Integer,java.lang.Integer,com.millionaire.millionairemanagerservice.request.ContentQuery)|
- | [] | [20180905 10:59:06.088] | [INFO] | [DESKTOP-RR6N2CI] | [main] | [o.s.w.s.m.m.a.RequestMappingHandlerMapping] | --> Mapped "{[/a/content],methods=[POST]}" onto public com.millionaire.millionaireserverweb.result.ResultBean com.millionaire.millionaireserverweb.controller.ContentController.insertContent(com.millionaire.millionairemanagerservice.module.Content)|
- | [] | [20180905 10:59:06.090] | [INFO] | [DESKTOP-RR6N2CI] | [main] | [o.s.w.s.m.m.a.RequestMappingHandlerMapping] | --> Mapped "{[/a/investment-product],methods=[POST]}" onto public com.millionaire.millionaireserverweb.result.ResultBean com.millionaire.millionaireserverweb.controller.InvestmentProductController.insertInvestmentProduct(com.millionaire.millionairebusinessservice.module.InvestmentProduct)|
- | [] | [20180905 10:59:06.091] | [INFO] | [DESKTOP-RR6N2CI] | [main] | [o.s.w.s.m.m.a.RequestMappingHandlerMapping] | --> Mapped "{[/a/product-info/{productId}],methods=[PUT]}" onto public com.millionaire.millionaireserverweb.result.ResultBean com.millionaire.millionaireserverweb.controller.InvestmentProductController.updateProductShelfCommendLimit(java.lang.Long,com.alibaba.fastjson.JSONObject)|
- | [] | [20180905 10:59:06.091] | [INFO] | [DESKTOP-RR6N2CI] | [main] | [o.s.w.s.m.m.a.RequestMappingHandlerMapping] | --> Mapped "{[/a/product-shelf/{productId}],methods=[PUT]}" onto public com.millionaire.millionaireserverweb.result.ResultBean com.millionaire.millionaireserverweb.controller.InvestmentProductController.updateProductIsShelf(java.lang.Long,com.alibaba.fastjson.JSONObject)|
- | [] | [20180905 10:59:06.093] | [INFO] | [DESKTOP-RR6N2CI] | [main] | [o.s.w.s.m.m.a.RequestMappingHandlerMapping] | --> Mapped "{[/a/list/investment-product],methods=[GET]}" onto public com.millionaire.millionaireserverweb.result.ResultBean com.millionaire.millionaireserverweb.controller.InvestmentProductController.getListInvestmentProduct(java.lang.Integer,java.lang.Integer,com.millionaire.millionairebusinessservice.request.ProductQuery)|
- | [] | [20180905 10:59:06.093] | [INFO] | [DESKTOP-RR6N2CI] | [main] | [o.s.w.s.m.m.a.RequestMappingHandlerMapping] | --> Mapped "{[/a/product-info/{productId}],methods=[GET]}" onto public com.millionaire.millionaireserverweb.result.ResultBean com.millionaire.millionaireserverweb.controller.InvestmentProductController.selectInvestmentProduct(java.lang.Long)|
- | [] | [20180905 10:59:06.095] | [INFO] | [DESKTOP-RR6N2CI] | [main] | [o.s.w.s.m.m.a.RequestMappingHandlerMapping] | --> Mapped "{[/a/message-platform/{platformId}],methods=[GET]}" onto public com.millionaire.millionaireserverweb.result.ResultBean com.millionaire.millionaireserverweb.controller.MessagePlatformController.selectMessage(java.lang.Long)|
- | [] | [20180905 10:59:06.096] | [INFO] | [DESKTOP-RR6N2CI] | [main] | [o.s.w.s.m.m.a.RequestMappingHandlerMapping] | --> Mapped "{[/a/list/message-platform],methods=[GET]}" onto public com.millionaire.millionaireserverweb.result.ResultBean com.millionaire.millionaireserverweb.controller.MessagePlatformController.listMessagePlatform(java.lang.Integer,java.lang.Integer,com.millionaire.millionairemanagerservice.request.MessagePlatformQuery)|
- | [] | [20180905 10:59:06.096] | [INFO] | [DESKTOP-RR6N2CI] | [main] | [o.s.w.s.m.m.a.RequestMappingHandlerMapping] | --> Mapped "{[/a/message-platform],methods=[POST]}" onto public com.millionaire.millionaireserverweb.result.ResultBean com.millionaire.millionaireserverweb.controller.MessagePlatformController.insertMessagePlatform(com.millionaire.millionairemanagerservice.module.MessagePlatform)|
- | [] | [20180905 10:59:06.096] | [INFO] | [DESKTOP-RR6N2CI] | [main] | [o.s.w.s.m.m.a.RequestMappingHandlerMapping] | --> Mapped "{[/a/message-platform-status/{platformId}],methods=[PUT]}" onto public com.millionaire.millionaireserverweb.result.ResultBean com.millionaire.millionaireserverweb.controller.MessagePlatformController.updateMessageStatus(java.lang.Long,com.alibaba.fastjson.JSONObject)|
- | [] | [20180905 10:59:06.097] | [INFO] | [DESKTOP-RR6N2CI] | [main] | [o.s.w.s.m.m.a.RequestMappingHandlerMapping] | --> Mapped "{[/a/message-platform/{platformId}],methods=[DELETE]}" onto public com.millionaire.millionaireserverweb.result.ResultBean com.millionaire.millionaireserverweb.controller.MessagePlatformController.deleteMessagePlatform(long)|
- | [] | [20180905 10:59:06.097] | [INFO] | [DESKTOP-RR6N2CI] | [main] | [o.s.w.s.m.m.a.RequestMappingHandlerMapping] | --> Mapped "{[/a/system-param],methods=[PUT]}" onto public com.millionaire.millionaireserverweb.result.ResultBean com.millionaire.millionaireserverweb.controller.ParameterSettingController.systemParamSetting(com.alibaba.fastjson.JSONObject)|
- | [] | [20180905 10:59:06.098] | [INFO] | [DESKTOP-RR6N2CI] | [main] | [o.s.w.s.m.m.a.RequestMappingHandlerMapping] | --> Mapped "{[/a/proposal/{proposalId}],methods=[DELETE]}" onto public com.millionaire.millionaireserverweb.result.ResultBean com.millionaire.millionaireserverweb.controller.ProposalController.deleteProposal(java.lang.Long)|
- | [] | [20180905 10:59:06.098] | [INFO] | [DESKTOP-RR6N2CI] | [main] | [o.s.w.s.m.m.a.RequestMappingHandlerMapping] | --> Mapped "{[/a/proposal/{proposalId}],methods=[GET]}" onto public com.millionaire.millionaireserverweb.result.ResultBean com.millionaire.millionaireserverweb.controller.ProposalController.selectProposal(java.lang.Long)|
- | [] | [20180905 10:59:06.098] | [INFO] | [DESKTOP-RR6N2CI] | [main] | [o.s.w.s.m.m.a.RequestMappingHandlerMapping] | --> Mapped "{[/a/list/proposal],methods=[GET]}" onto public com.millionaire.millionaireserverweb.result.ResultBean com.millionaire.millionaireserverweb.controller.ProposalController.listProposalByPage(java.lang.Integer,java.lang.Integer,com.millionaire.millionairemanagerservice.request.ProposalQuery)|
- | [] | [20180905 10:59:06.103] | [INFO] | [DESKTOP-RR6N2CI] | [main] | [o.s.w.s.m.m.a.RequestMappingHandlerMapping] | --> Mapped "{[/a/user-status/{uid}],methods=[PUT]}" onto public com.millionaire.millionaireserverweb.result.ResultBean com.millionaire.millionaireserverweb.controller.ReceptionUsersController.updateUserStatus(java.lang.Long,com.alibaba.fastjson.JSONObject)|
- | [] | [20180905 10:59:06.103] | [INFO] | [DESKTOP-RR6N2CI] | [main] | [o.s.w.s.m.m.a.RequestMappingHandlerMapping] | --> Mapped "{[/a/user/{uid}],methods=[GET]}" onto public com.millionaire.millionaireserverweb.result.ResultBean com.millionaire.millionaireserverweb.controller.ReceptionUsersController.selectUsers(java.lang.Long)|
- | [] | [20180905 10:59:06.103] | [INFO] | [DESKTOP-RR6N2CI] | [main] | [o.s.w.s.m.m.a.RequestMappingHandlerMapping] | --> Mapped "{[/a/list/trading-flow/{uid}],methods=[GET]}" onto public com.millionaire.millionaireserverweb.result.ResultBean com.millionaire.millionaireserverweb.controller.ReceptionUsersController.listUserTradingFlow(java.lang.Long,java.lang.Integer,java.lang.Integer,com.millionaire.millionairebusinessservice.request.TradingFlowQuery)|
- | [] | [20180905 10:59:06.104] | [INFO] | [DESKTOP-RR6N2CI] | [main] | [o.s.w.s.m.m.a.RequestMappingHandlerMapping] | --> Mapped "{[/a/list/user],methods=[GET]}" onto public com.millionaire.millionaireserverweb.result.ResultBean com.millionaire.millionaireserverweb.controller.ReceptionUsersController.getListReceptionUsers(java.lang.Integer,java.lang.Integer,com.millionaire.millionaireuserservice.request.ReceptionUsersQuery)|
- | [] | [20180905 10:59:06.105] | [INFO] | [DESKTOP-RR6N2CI] | [main] | [o.s.w.s.m.m.a.RequestMappingHandlerMapping] | --> Mapped "{[/a/user-bank/{uid}],methods=[DELETE]}" onto public com.millionaire.millionaireserverweb.result.ResultBean com.millionaire.millionaireserverweb.controller.ReceptionUsersController.deleteUserBankCard(java.lang.Long,java.lang.String)|
- | [] | [20180905 10:59:06.106] | [INFO] | [DESKTOP-RR6N2CI] | [main] | [o.s.w.s.m.m.a.RequestMappingHandlerMapping] | --> Mapped "{[/a/user-verification/{uid}],methods=[GET]}" onto public com.millionaire.millionaireserverweb.result.ResultBean com.millionaire.millionaireserverweb.controller.ReceptionUsersController.selectUsersVerification(java.lang.Long)|
- | [] | [20180905 10:59:06.107] | [INFO] | [DESKTOP-RR6N2CI] | [main] | [o.s.w.s.m.m.a.RequestMappingHandlerMapping] | --> Mapped "{[/a/list/user-verification],methods=[GET]}" onto public com.millionaire.millionaireserverweb.result.ResultBean com.millionaire.millionaireserverweb.controller.ReceptionUsersController.listUsersVerification(java.lang.Integer,java.lang.Integer,com.millionaire.millionaireuserservice.request.UsersVerificationQuery)|
- | [] | [20180905 10:59:06.107] | [INFO] | [DESKTOP-RR6N2CI] | [main] | [o.s.w.s.m.m.a.RequestMappingHandlerMapping] | --> Mapped "{[/a/list/investment-user/{uid}],methods=[GET]}" onto public com.millionaire.millionaireserverweb.result.ResultBean com.millionaire.millionaireserverweb.controller.ReceptionUsersController.listUserInvestment(java.lang.Long,java.lang.Integer,java.lang.Integer,com.millionaire.millionairebusinessservice.request.InvestmentUserQuery)|
- | [] | [20180905 10:59:06.107] | [INFO] | [DESKTOP-RR6N2CI] | [main] | [o.s.w.s.m.m.a.RequestMappingHandlerMapping] | --> Mapped "{[/a/user/{uid}],methods=[PUT]}" onto public com.millionaire.millionaireserverweb.result.ResultBean com.millionaire.millionaireserverweb.controller.ReceptionUsersController.updateUserPhoneMangerNum(java.lang.Long,com.alibaba.fastjson.JSONObject)|
- | [] | [20180905 10:59:06.107] | [INFO] | [DESKTOP-RR6N2CI] | [main] | [o.s.w.s.m.m.a.RequestMappingHandlerMapping] | --> Mapped "{[/a/user-verification/{uid}],methods=[PUT]}" onto public com.millionaire.millionaireserverweb.result.ResultBean com.millionaire.millionaireserverweb.controller.ReceptionUsersController.updateAuthentication(java.lang.Long,com.alibaba.fastjson.JSONObject)|
- | [] | [20180905 10:59:06.108] | [INFO] | [DESKTOP-RR6N2CI] | [main] | [o.s.w.s.m.m.a.RequestMappingHandlerMapping] | --> Mapped "{[/a/user-verification-cancel/{uid}],methods=[PUT]}" onto public com.millionaire.millionaireserverweb.result.ResultBean com.millionaire.millionaireserverweb.controller.ReceptionUsersController.cancelUserVerification(java.lang.Long)|
- | [] | [20180905 10:59:06.110] | [INFO] | [DESKTOP-RR6N2CI] | [main] | [o.s.w.s.m.m.a.RequestMappingHandlerMapping] | --> Mapped "{[/a/investment-count],methods=[GET]}" onto public com.millionaire.millionaireserverweb.result.ResultBean com.millionaire.millionaireserverweb.controller.StatisticsController.countInvestmentProduct(java.lang.Integer,java.lang.Integer,com.millionaire.millionairebusinessservice.request.TradingFlowStatisticQuery)|
- | [] | [20180905 10:59:06.110] | [INFO] | [DESKTOP-RR6N2CI] | [main] | [o.s.w.s.m.m.a.RequestMappingHandlerMapping] | --> Mapped "{[/a/list/investment-detail/{productId}],methods=[GET]}" onto public com.millionaire.millionaireserverweb.result.ResultBean com.millionaire.millionaireserverweb.controller.StatisticsController.detailInvestmentProduct(java.lang.Long,java.lang.Integer,java.lang.Integer,com.millionaire.millionairebusinessservice.request.TradingFlowDetailQuery)|
- | [] | [20180905 10:59:06.113] | [INFO] | [DESKTOP-RR6N2CI] | [main] | [o.s.w.s.m.m.a.RequestMappingHandlerMapping] | --> Mapped "{[/a/permission],methods=[GET]}" onto public com.millionaire.millionaireadminservice.module.ResultBean com.millionaire.millionaireserverweb.controller.SunController.getPermission()|
- | [] | [20180905 10:59:06.113] | [INFO] | [DESKTOP-RR6N2CI] | [main] | [o.s.w.s.m.m.a.RequestMappingHandlerMapping] | --> Mapped "{[/backstageLoginPage],methods=[GET]}" onto public java.lang.String com.millionaire.millionaireserverweb.controller.SunController.backstageLogin()|
- | [] | [20180905 10:59:06.113] | [INFO] | [DESKTOP-RR6N2CI] | [main] | [o.s.w.s.m.m.a.RequestMappingHandlerMapping] | --> Mapped "{[/backstageLogin],methods=[POST]}" onto public com.millionaire.millionaireadminservice.module.ResultBean com.millionaire.millionaireserverweb.controller.SunController.subLogin(com.alibaba.fastjson.JSONObject)|
- | [] | [20180905 10:59:06.113] | [INFO] | [DESKTOP-RR6N2CI] | [main] | [o.s.w.s.m.m.a.RequestMappingHandlerMapping] | --> Mapped "{[/a/rolePermission/{id}],methods=[GET]}" onto public java.util.Map com.millionaire.millionaireserverweb.controller.SunController.selectRolePermission(java.lang.Long)|
- | [] | [20180905 10:59:06.114] | [INFO] | [DESKTOP-RR6N2CI] | [main] | [o.s.w.s.m.m.a.RequestMappingHandlerMapping] | --> Mapped "{[/a/backstageUser/{id}],methods=[GET]}" onto public com.millionaire.millionaireadminservice.module.ResultBean com.millionaire.millionaireserverweb.controller.SunController.getBackstageUserById(java.lang.Long)|
- | [] | [20180905 10:59:06.114] | [INFO] | [DESKTOP-RR6N2CI] | [main] | [o.s.w.s.m.m.a.RequestMappingHandlerMapping] | --> Mapped "{[/a/roles],methods=[GET]}" onto public com.millionaire.millionaireadminservice.module.ResultBean com.millionaire.millionaireserverweb.controller.SunController.getRolesAll()|
- | [] | [20180905 10:59:06.114] | [INFO] | [DESKTOP-RR6N2CI] | [main] | [o.s.w.s.m.m.a.RequestMappingHandlerMapping] | --> Mapped "{[/a/roles],methods=[POST]}" onto public com.millionaire.millionaireadminservice.module.ResultBean com.millionaire.millionaireserverweb.controller.SunController.insertRole(com.alibaba.fastjson.JSONObject)|
- | [] | [20180905 10:59:06.114] | [INFO] | [DESKTOP-RR6N2CI] | [main] | [o.s.w.s.m.m.a.RequestMappingHandlerMapping] | --> Mapped "{[/a/backstageUser/password],methods=[PUT]}" onto public com.millionaire.millionaireadminservice.module.ResultBean com.millionaire.millionaireserverweb.controller.SunController.updatePassword(com.alibaba.fastjson.JSONObject)|
- | [] | [20180905 10:59:06.114] | [INFO] | [DESKTOP-RR6N2CI] | [main] | [o.s.w.s.m.m.a.RequestMappingHandlerMapping] | --> Mapped "{[/a/list/roles],methods=[GET]}" onto public com.millionaire.millionaireadminservice.module.ResultBean com.millionaire.millionaireserverweb.controller.SunController.getRoles(java.lang.Integer)|
- | [] | [20180905 10:59:06.114] | [INFO] | [DESKTOP-RR6N2CI] | [main] | [o.s.w.s.m.m.a.RequestMappingHandlerMapping] | --> Mapped "{[/a/list/backstageUsers],methods=[GET]}" onto public com.millionaire.millionaireadminservice.module.ResultBean com.millionaire.millionaireserverweb.controller.SunController.getUsers(java.lang.Integer,java.lang.String,java.lang.String)|
- | [] | [20180905 10:59:06.115] | [INFO] | [DESKTOP-RR6N2CI] | [main] | [o.s.w.s.m.m.a.RequestMappingHandlerMapping] | --> Mapped "{[/a/backstageUsers],methods=[POST]}" onto public com.millionaire.millionaireadminservice.module.ResultBean com.millionaire.millionaireserverweb.controller.SunController.insertUser(com.alibaba.fastjson.JSONObject)|
- | [] | [20180905 10:59:06.115] | [INFO] | [DESKTOP-RR6N2CI] | [main] | [o.s.w.s.m.m.a.RequestMappingHandlerMapping] | --> Mapped "{[/a/roles/{id}],methods=[PUT]}" onto public com.millionaire.millionaireadminservice.module.ResultBean com.millionaire.millionaireserverweb.controller.SunController.updateRole(java.lang.Long,com.alibaba.fastjson.JSONObject)|
- | [] | [20180905 10:59:06.115] | [INFO] | [DESKTOP-RR6N2CI] | [main] | [o.s.w.s.m.m.a.RequestMappingHandlerMapping] | --> Mapped "{[/a/backstageUser/{id}],methods=[DELETE]}" onto public com.millionaire.millionaireadminservice.module.ResultBean com.millionaire.millionaireserverweb.controller.SunController.deleteById(java.lang.Long)|
- | [] | [20180905 10:59:06.118] | [INFO] | [DESKTOP-RR6N2CI] | [main] | [o.s.w.s.m.m.a.RequestMappingHandlerMapping] | --> Mapped "{[/a/backstageUser/{id}],methods=[PUT]}" onto public com.millionaire.millionaireadminservice.module.ResultBean com.millionaire.millionaireserverweb.controller.SunController.updateById(com.alibaba.fastjson.JSONObject,java.lang.Long)|
- | [] | [20180905 10:59:06.119] | [INFO] | [DESKTOP-RR6N2CI] | [main] | [o.s.w.s.m.m.a.RequestMappingHandlerMapping] | --> Mapped "{[/a/role/{id}],methods=[DELETE]}" onto public com.millionaire.millionaireadminservice.module.ResultBean com.millionaire.millionaireserverweb.controller.SunController.deleteRole(java.lang.Long)|
- | [] | [20180905 10:59:06.123] | [INFO] | [DESKTOP-RR6N2CI] | [main] | [o.s.w.s.m.m.a.RequestMappingHandlerMapping] | --> Mapped "{[/error]}" onto public org.springframework.http.ResponseEntity<java.util.Map<java.lang.String, java.lang.Object>> org.springframework.boot.autoconfigure.web.servlet.error.BasicErrorController.error(javax.servlet.http.HttpServletRequest)|
- | [] | [20180905 10:59:06.123] | [INFO] | [DESKTOP-RR6N2CI] | [main] | [o.s.w.s.m.m.a.RequestMappingHandlerMapping] | --> Mapped "{[/error],produces=[text/html]}" onto public org.springframework.web.servlet.ModelAndView org.springframework.boot.autoconfigure.web.servlet.error.BasicErrorController.errorHtml(javax.servlet.http.HttpServletRequest,javax.servlet.http.HttpServletResponse)|
- | [] | [20180905 10:59:06.182] | [INFO] | [DESKTOP-RR6N2CI] | [main] | [o.s.w.s.h.SimpleUrlHandlerMapping] | --> Mapped URL path [/webjars/**] onto handler of type [class org.springframework.web.servlet.resource.ResourceHttpRequestHandler]|
- | [] | [20180905 10:59:06.182] | [INFO] | [DESKTOP-RR6N2CI] | [main] | [o.s.w.s.h.SimpleUrlHandlerMapping] | --> Mapped URL path [/**] onto handler of type [class org.springframework.web.servlet.resource.ResourceHttpRequestHandler]|
- | [] | [20180905 10:59:06.243] | [INFO] | [DESKTOP-RR6N2CI] | [main] | [o.s.w.s.m.m.a.ExceptionHandlerExceptionResolver] | --> Detected @ExceptionHandler methods in globalExceptionHandler|
- | [] | [20180905 10:59:07.182] | [INFO] | [DESKTOP-RR6N2CI] | [main] | [o.s.j.e.a.AnnotationMBeanExporter] | --> Registering beans for JMX exposure on startup|
- | [] | [20180905 10:59:07.185] | [INFO] | [DESKTOP-RR6N2CI] | [main] | [o.s.j.e.a.AnnotationMBeanExporter] | --> Bean with name 'dataSource' has been autodetected for JMX exposure|
- | [] | [20180905 10:59:07.193] | [INFO] | [DESKTOP-RR6N2CI] | [main] | [o.s.j.e.a.AnnotationMBeanExporter] | --> Located MBean 'dataSource': registering with JMX server as MBean [com.alibaba.druid.pool:name=dataSource,type=DruidDataSource]|
- | [] | [20180905 10:59:07.198] | [INFO] | [DESKTOP-RR6N2CI] | [main] | [o.s.c.s.DefaultLifecycleProcessor] | --> Starting beans in phase 2147483647|
- | [] | [20180905 10:59:07.200] | [INFO] | [DESKTOP-RR6N2CI] | [main] | [o.s.s.quartz.SchedulerFactoryBean] | --> Will start Quartz Scheduler [schedulerFactoryBean] in 5 seconds|
- | [] | [20180905 10:59:07.216] | [INFO] | [DESKTOP-RR6N2CI] | [main] | [o.a.coyote.http11.Http11NioProtocol] | --> Starting ProtocolHandler ["http-nio-20581"]|
- | [] | [20180905 10:59:07.230] | [INFO] | [DESKTOP-RR6N2CI] | [main] | [o.a.tomcat.util.net.NioSelectorPool] | --> Using a shared selector for servlet write/read|
- | [] | [20180905 10:59:07.263] | [INFO] | [DESKTOP-RR6N2CI] | [main] | [o.s.b.w.e.tomcat.TomcatWebServer] | --> Tomcat started on port(s): 20581 (http) with context path ''|
- | [] | [20180905 10:59:07.267] | [INFO] | [DESKTOP-RR6N2CI] | [main] | [c.m.m.MillionaireServerWebApplication] | --> Started MillionaireServerWebApplication in 12.364 seconds (JVM running for 14.188)|
- | [] | [20180905 10:59:12.201] | [INFO] | [DESKTOP-RR6N2CI] | [Quartz Scheduler [schedulerFactoryBean]] | [o.s.s.quartz.SchedulerFactoryBean] | --> Starting Quartz Scheduler now, after delay of 5 seconds|
- | [] | [20180905 10:59:12.204] | [INFO] | [DESKTOP-RR6N2CI] | [Quartz Scheduler [schedulerFactoryBean]] | [org.quartz.core.QuartzScheduler] | --> Scheduler schedulerFactoryBean_$_NON_CLUSTERED started.|
- | [] | [20180905 11:00:00.078] | [INFO] | [DESKTOP-RR6N2CI] | [schedulerFactoryBean_Worker-1] | [c.m.m.lkjob.job.MessageSendJob] | --> 定时消息发送任务启动|
- | [] | [20180905 11:00:12.527] | [INFO] | [DESKTOP-RR6N2CI] | [http-nio-20581-exec-2] | [o.a.c.c.C.[Tomcat].[localhost].[/]] | --> Initializing Spring FrameworkServlet 'dispatcherServlet'|
- | [] | [20180905 11:00:12.528] | [INFO] | [DESKTOP-RR6N2CI] | [http-nio-20581-exec-2] | [o.s.web.servlet.DispatcherServlet] | --> FrameworkServlet 'dispatcherServlet': initialization started|
- | [] | [20180905 11:00:12.583] | [INFO] | [DESKTOP-RR6N2CI] | [http-nio-20581-exec-2] | [o.s.web.servlet.DispatcherServlet] | --> FrameworkServlet 'dispatcherServlet': initialization completed in 53 ms|
- | [] | [20180905 11:00:12.823] | [ERROR] | [DESKTOP-RR6N2CI] | [http-nio-20581-exec-2] | [o.a.c.c.C.[.[.[.[dispatcherServlet]] | --> Servlet.service() for servlet [dispatcherServlet] in context with path [] threw exception [Request processing failed; nested exception is org.apache.shiro.UnavailableSecurityManagerException: No SecurityManager accessible to the calling code, either bound to the org.apache.shiro.util.ThreadContext or as a vm static singleton.  This is an invalid application configuration.] with root cause|
org.apache.shiro.UnavailableSecurityManagerException: No SecurityManager accessible to the calling code, either bound to the org.apache.shiro.util.ThreadContext or as a vm static singleton.  This is an invalid application configuration.
	at org.apache.shiro.SecurityUtils.getSecurityManager(SecurityUtils.java:123)
	at org.apache.shiro.subject.Subject$Builder.<init>(Subject.java:627)
	at org.apache.shiro.SecurityUtils.getSubject(SecurityUtils.java:56)
	at com.millionaire.millionaireserverweb.controller.SunController.subLogin(SunController.java:68)
	at sun.reflect.NativeMethodAccessorImpl.invoke0(Native Method)
	at sun.reflect.NativeMethodAccessorImpl.invoke(NativeMethodAccessorImpl.java:62)
	at sun.reflect.DelegatingMethodAccessorImpl.invoke(DelegatingMethodAccessorImpl.java:43)
	at java.lang.reflect.Method.invoke(Method.java:498)
	at org.springframework.web.method.support.InvocableHandlerMethod.doInvoke(InvocableHandlerMethod.java:209)
	at org.springframework.web.method.support.InvocableHandlerMethod.invokeForRequest(InvocableHandlerMethod.java:136)
	at org.springframework.web.servlet.mvc.method.annotation.ServletInvocableHandlerMethod.invokeAndHandle(ServletInvocableHandlerMethod.java:102)
	at org.springframework.web.servlet.mvc.method.annotation.RequestMappingHandlerAdapter.invokeHandlerMethod(RequestMappingHandlerAdapter.java:877)
	at org.springframework.web.servlet.mvc.method.annotation.RequestMappingHandlerAdapter.handleInternal(RequestMappingHandlerAdapter.java:783)
	at org.springframework.web.servlet.mvc.method.AbstractHandlerMethodAdapter.handle(AbstractHandlerMethodAdapter.java:87)
	at org.springframework.web.servlet.DispatcherServlet.doDispatch(DispatcherServlet.java:991)
	at org.springframework.web.servlet.DispatcherServlet.doService(DispatcherServlet.java:925)
	at org.springframework.web.servlet.FrameworkServlet.processRequest(FrameworkServlet.java:974)
	at org.springframework.web.servlet.FrameworkServlet.doPost(FrameworkServlet.java:877)
	at javax.servlet.http.HttpServlet.service(HttpServlet.java:661)
	at org.springframework.web.servlet.FrameworkServlet.service(FrameworkServlet.java:851)
	at javax.servlet.http.HttpServlet.service(HttpServlet.java:742)
	at org.apache.catalina.core.ApplicationFilterChain.internalDoFilter(ApplicationFilterChain.java:231)
	at org.apache.catalina.core.ApplicationFilterChain.doFilter(ApplicationFilterChain.java:166)
	at org.apache.tomcat.websocket.server.WsFilter.doFilter(WsFilter.java:52)
	at org.apache.catalina.core.ApplicationFilterChain.internalDoFilter(ApplicationFilterChain.java:193)
	at org.apache.catalina.core.ApplicationFilterChain.doFilter(ApplicationFilterChain.java:166)
	at org.springframework.web.filter.HttpPutFormContentFilter.doFilterInternal(HttpPutFormContentFilter.java:109)
	at org.springframework.web.filter.OncePerRequestFilter.doFilter(OncePerRequestFilter.java:107)
	at org.apache.catalina.core.ApplicationFilterChain.internalDoFilter(ApplicationFilterChain.java:193)
	at org.apache.catalina.core.ApplicationFilterChain.doFilter(ApplicationFilterChain.java:166)
	at org.springframework.web.filter.RequestContextFilter.doFilterInternal(RequestContextFilter.java:99)
	at org.springframework.web.filter.OncePerRequestFilter.doFilter(OncePerRequestFilter.java:107)
	at org.apache.catalina.core.ApplicationFilterChain.internalDoFilter(ApplicationFilterChain.java:193)
	at org.apache.catalina.core.ApplicationFilterChain.doFilter(ApplicationFilterChain.java:166)
	at org.springframework.web.filter.HiddenHttpMethodFilter.doFilterInternal(HiddenHttpMethodFilter.java:93)
	at org.springframework.web.filter.OncePerRequestFilter.doFilter(OncePerRequestFilter.java:107)
	at org.apache.catalina.core.ApplicationFilterChain.internalDoFilter(ApplicationFilterChain.java:193)
	at org.apache.catalina.core.ApplicationFilterChain.doFilter(ApplicationFilterChain.java:166)
	at org.springframework.web.filter.CharacterEncodingFilter.doFilterInternal(CharacterEncodingFilter.java:200)
	at org.springframework.web.filter.OncePerRequestFilter.doFilter(OncePerRequestFilter.java:107)
	at org.apache.catalina.core.ApplicationFilterChain.internalDoFilter(ApplicationFilterChain.java:193)
	at org.apache.catalina.core.ApplicationFilterChain.doFilter(ApplicationFilterChain.java:166)
	at org.apache.catalina.core.StandardWrapperValve.invoke(StandardWrapperValve.java:198)
	at org.apache.catalina.core.StandardContextValve.invoke(StandardContextValve.java:96)
	at org.apache.catalina.authenticator.AuthenticatorBase.invoke(AuthenticatorBase.java:493)
	at org.apache.catalina.core.StandardHostValve.invoke(StandardHostValve.java:140)
	at org.apache.catalina.valves.ErrorReportValve.invoke(ErrorReportValve.java:81)
	at org.apache.catalina.core.StandardEngineValve.invoke(StandardEngineValve.java:87)
	at org.apache.catalina.connector.CoyoteAdapter.service(CoyoteAdapter.java:342)
	at org.apache.coyote.http11.Http11Processor.service(Http11Processor.java:800)
	at org.apache.coyote.AbstractProcessorLight.process(AbstractProcessorLight.java:66)
	at org.apache.coyote.AbstractProtocol$ConnectionHandler.process(AbstractProtocol.java:800)
	at org.apache.tomcat.util.net.NioEndpoint$SocketProcessor.doRun(NioEndpoint.java:1471)
	at org.apache.tomcat.util.net.SocketProcessorBase.run(SocketProcessorBase.java:49)
	at java.util.concurrent.ThreadPoolExecutor.runWorker(ThreadPoolExecutor.java:1149)
	at java.util.concurrent.ThreadPoolExecutor$Worker.run(ThreadPoolExecutor.java:624)
	at org.apache.tomcat.util.threads.TaskThread$WrappingRunnable.run(TaskThread.java:61)
	at java.lang.Thread.run(Thread.java:748)
- | [] | [20180905 11:00:37.100] | [ERROR] | [DESKTOP-RR6N2CI] | [http-nio-20581-exec-1] | [o.a.c.c.C.[.[.[.[dispatcherServlet]] | --> Servlet.service() for servlet [dispatcherServlet] in context with path [] threw exception [Request processing failed; nested exception is java.lang.NullPointerException] with root cause|
java.lang.NullPointerException: null
	at com.millionaire.millionaireserverweb.controller.ContentController.updateStatus(ContentController.java:112)
	at sun.reflect.NativeMethodAccessorImpl.invoke0(Native Method)
	at sun.reflect.NativeMethodAccessorImpl.invoke(NativeMethodAccessorImpl.java:62)
	at sun.reflect.DelegatingMethodAccessorImpl.invoke(DelegatingMethodAccessorImpl.java:43)
	at java.lang.reflect.Method.invoke(Method.java:498)
	at org.springframework.web.method.support.InvocableHandlerMethod.doInvoke(InvocableHandlerMethod.java:209)
	at org.springframework.web.method.support.InvocableHandlerMethod.invokeForRequest(InvocableHandlerMethod.java:136)
	at org.springframework.web.servlet.mvc.method.annotation.ServletInvocableHandlerMethod.invokeAndHandle(ServletInvocableHandlerMethod.java:102)
	at org.springframework.web.servlet.mvc.method.annotation.RequestMappingHandlerAdapter.invokeHandlerMethod(RequestMappingHandlerAdapter.java:877)
	at org.springframework.web.servlet.mvc.method.annotation.RequestMappingHandlerAdapter.handleInternal(RequestMappingHandlerAdapter.java:783)
	at org.springframework.web.servlet.mvc.method.AbstractHandlerMethodAdapter.handle(AbstractHandlerMethodAdapter.java:87)
	at org.springframework.web.servlet.DispatcherServlet.doDispatch(DispatcherServlet.java:991)
	at org.springframework.web.servlet.DispatcherServlet.doService(DispatcherServlet.java:925)
	at org.springframework.web.servlet.FrameworkServlet.processRequest(FrameworkServlet.java:974)
	at org.springframework.web.servlet.FrameworkServlet.doPut(FrameworkServlet.java:888)
	at javax.servlet.http.HttpServlet.service(HttpServlet.java:664)
	at org.springframework.web.servlet.FrameworkServlet.service(FrameworkServlet.java:851)
	at javax.servlet.http.HttpServlet.service(HttpServlet.java:742)
	at org.apache.catalina.core.ApplicationFilterChain.internalDoFilter(ApplicationFilterChain.java:231)
	at org.apache.catalina.core.ApplicationFilterChain.doFilter(ApplicationFilterChain.java:166)
	at org.apache.tomcat.websocket.server.WsFilter.doFilter(WsFilter.java:52)
	at org.apache.catalina.core.ApplicationFilterChain.internalDoFilter(ApplicationFilterChain.java:193)
	at org.apache.catalina.core.ApplicationFilterChain.doFilter(ApplicationFilterChain.java:166)
	at org.springframework.web.filter.HttpPutFormContentFilter.doFilterInternal(HttpPutFormContentFilter.java:109)
	at org.springframework.web.filter.OncePerRequestFilter.doFilter(OncePerRequestFilter.java:107)
	at org.apache.catalina.core.ApplicationFilterChain.internalDoFilter(ApplicationFilterChain.java:193)
	at org.apache.catalina.core.ApplicationFilterChain.doFilter(ApplicationFilterChain.java:166)
	at org.springframework.web.filter.RequestContextFilter.doFilterInternal(RequestContextFilter.java:99)
	at org.springframework.web.filter.OncePerRequestFilter.doFilter(OncePerRequestFilter.java:107)
	at org.apache.catalina.core.ApplicationFilterChain.internalDoFilter(ApplicationFilterChain.java:193)
	at org.apache.catalina.core.ApplicationFilterChain.doFilter(ApplicationFilterChain.java:166)
	at org.springframework.web.filter.HiddenHttpMethodFilter.doFilterInternal(HiddenHttpMethodFilter.java:93)
	at org.springframework.web.filter.OncePerRequestFilter.doFilter(OncePerRequestFilter.java:107)
	at org.apache.catalina.core.ApplicationFilterChain.internalDoFilter(ApplicationFilterChain.java:193)
	at org.apache.catalina.core.ApplicationFilterChain.doFilter(ApplicationFilterChain.java:166)
	at org.springframework.web.filter.CharacterEncodingFilter.doFilterInternal(CharacterEncodingFilter.java:200)
	at org.springframework.web.filter.OncePerRequestFilter.doFilter(OncePerRequestFilter.java:107)
	at org.apache.catalina.core.ApplicationFilterChain.internalDoFilter(ApplicationFilterChain.java:193)
	at org.apache.catalina.core.ApplicationFilterChain.doFilter(ApplicationFilterChain.java:166)
	at org.apache.catalina.core.StandardWrapperValve.invoke(StandardWrapperValve.java:198)
	at org.apache.catalina.core.StandardContextValve.invoke(StandardContextValve.java:96)
	at org.apache.catalina.authenticator.AuthenticatorBase.invoke(AuthenticatorBase.java:493)
	at org.apache.catalina.core.StandardHostValve.invoke(StandardHostValve.java:140)
	at org.apache.catalina.valves.ErrorReportValve.invoke(ErrorReportValve.java:81)
	at org.apache.catalina.core.StandardEngineValve.invoke(StandardEngineValve.java:87)
	at org.apache.catalina.connector.CoyoteAdapter.service(CoyoteAdapter.java:342)
	at org.apache.coyote.http11.Http11Processor.service(Http11Processor.java:800)
	at org.apache.coyote.AbstractProcessorLight.process(AbstractProcessorLight.java:66)
	at org.apache.coyote.AbstractProtocol$ConnectionHandler.process(AbstractProtocol.java:800)
	at org.apache.tomcat.util.net.NioEndpoint$SocketProcessor.doRun(NioEndpoint.java:1471)
	at org.apache.tomcat.util.net.SocketProcessorBase.run(SocketProcessorBase.java:49)
	at java.util.concurrent.ThreadPoolExecutor.runWorker(ThreadPoolExecutor.java:1149)
	at java.util.concurrent.ThreadPoolExecutor$Worker.run(ThreadPoolExecutor.java:624)
	at org.apache.tomcat.util.threads.TaskThread$WrappingRunnable.run(TaskThread.java:61)
	at java.lang.Thread.run(Thread.java:748)
- | [] | [20180905 11:01:00.024] | [INFO] | [DESKTOP-RR6N2CI] | [schedulerFactoryBean_Worker-2] | [c.m.m.lkjob.job.MessageSendJob] | --> 定时消息发送任务启动|
- | [] | [20180905 11:01:28.423] | [WARN] | [DESKTOP-RR6N2CI] | [http-nio-20581-exec-4] | [o.s.w.s.m.s.DefaultHandlerExceptionResolver] | --> Failed to read HTTP message: org.springframework.http.converter.HttpMessageNotReadableException: Required request body is missing: public com.millionaire.millionaireadminservice.module.ResultBean com.millionaire.millionaireserverweb.controller.SunController.updatePassword(com.alibaba.fastjson.JSONObject)|
- | [] | [20180905 11:01:41.173] | [WARN] | [DESKTOP-RR6N2CI] | [http-nio-20581-exec-5] | [o.s.w.s.m.s.DefaultHandlerExceptionResolver] | --> Failed to read HTTP message: org.springframework.http.converter.HttpMessageNotReadableException: Required request body is missing: public com.millionaire.millionaireadminservice.module.ResultBean com.millionaire.millionaireserverweb.controller.SunController.updatePassword(com.alibaba.fastjson.JSONObject)|
- | [] | [20180905 11:02:00.018] | [INFO] | [DESKTOP-RR6N2CI] | [schedulerFactoryBean_Worker-3] | [c.m.m.lkjob.job.MessageSendJob] | --> 定时消息发送任务启动|
- | [] | [20180905 11:03:00.014] | [INFO] | [DESKTOP-RR6N2CI] | [schedulerFactoryBean_Worker-4] | [c.m.m.lkjob.job.MessageSendJob] | --> 定时消息发送任务启动|
- | [] | [20180905 11:04:00.015] | [INFO] | [DESKTOP-RR6N2CI] | [schedulerFactoryBean_Worker-5] | [c.m.m.lkjob.job.MessageSendJob] | --> 定时消息发送任务启动|
- | [] | [20180905 11:04:17.433] | [INFO] | [DESKTOP-RR6N2CI] | [main] | [c.m.m.MillionaireServerWebApplication] | --> Starting MillionaireServerWebApplication on DESKTOP-RR6N2CI with PID 8172 (started by Liu Kai in C:\Users\Liu Kai\Desktop\复盘项目-聚金融\new\millionaire-club)|
- | [] | [20180905 11:04:17.441] | [INFO] | [DESKTOP-RR6N2CI] | [main] | [c.m.m.MillionaireServerWebApplication] | --> No active profile set, falling back to default profiles: default|
- | [] | [20180905 11:04:17.675] | [INFO] | [DESKTOP-RR6N2CI] | [main] | [o.s.b.w.s.c.AnnotationConfigServletWebServerApplicationContext] | --> Refreshing org.springframework.boot.web.servlet.context.AnnotationConfigServletWebServerApplicationContext@44ebcd03: startup date [Wed Sep 05 11:04:17 CST 2018]; root of context hierarchy|
- | [] | [20180905 11:04:20.304] | [INFO] | [DESKTOP-RR6N2CI] | [main] | [o.s.d.r.c.RepositoryConfigurationDelegate] | --> Multiple Spring Data modules found, entering strict repository configuration mode!|
- | [] | [20180905 11:04:21.263] | [INFO] | [DESKTOP-RR6N2CI] | [main] | [o.s.c.s.PostProcessorRegistrationDelegate$BeanPostProcessorChecker] | --> Bean 'org.springframework.transaction.annotation.ProxyTransactionManagementConfiguration' of type [org.springframework.transaction.annotation.ProxyTransactionManagementConfiguration$$EnhancerBySpringCGLIB$$37092834] is not eligible for getting processed by all BeanPostProcessors (for example: not eligible for auto-proxying)|
- | [] | [20180905 11:04:22.004] | [INFO] | [DESKTOP-RR6N2CI] | [main] | [o.s.b.w.e.tomcat.TomcatWebServer] | --> Tomcat initialized with port(s): 20581 (http)|
- | [] | [20180905 11:04:22.024] | [INFO] | [DESKTOP-RR6N2CI] | [main] | [o.a.coyote.http11.Http11NioProtocol] | --> Initializing ProtocolHandler ["http-nio-20581"]|
- | [] | [20180905 11:04:22.052] | [INFO] | [DESKTOP-RR6N2CI] | [main] | [o.a.catalina.core.StandardService] | --> Starting service [Tomcat]|
- | [] | [20180905 11:04:22.053] | [INFO] | [DESKTOP-RR6N2CI] | [main] | [o.a.catalina.core.StandardEngine] | --> Starting Servlet Engine: Apache Tomcat/8.5.32|
- | [] | [20180905 11:04:22.059] | [INFO] | [DESKTOP-RR6N2CI] | [localhost-startStop-1] | [o.a.c.core.AprLifecycleListener] | --> The APR based Apache Tomcat Native library which allows optimal performance in production environments was not found on the java.library.path: [C:\Program Files\Java\jdk1.8.0_171\bin;C:\WINDOWS\Sun\Java\bin;C:\WINDOWS\system32;C:\WINDOWS;C:\Program Files (x86)\Common Files\Oracle\Java\javapath;C:\WINDOWS\system32;C:\WINDOWS;C:\WINDOWS\System32\Wbem;C:\WINDOWS\System32\WindowsPowerShell\v1.0\;C:\mysql-5.7.22-winx64\bin;C:\apache-maven-3.5.3\bin;C:\Program Files\Calibre2\;C:\WINDOWS\System32\OpenSSH\;C:\JUNIT;C:\Program Files\Java\jdk1.8.0_171\bin;C:\Program Files\Java\jdk1.8.0_171\jre\bin;C:\Program Files\Git\cmd;C:\apache-tomcat-7.0.90\bin;C:\jetty-distribution-9.4.11.v20180605\bin;C:\Program Files\TortoiseSVN\bin;C:\Users\Liu Kai\AppData\Local\Microsoft\WindowsApps;C:\Users\Liu Kai\AppData\Local\GitHubDesktop\bin;.]|
- | [] | [20180905 11:04:22.340] | [INFO] | [DESKTOP-RR6N2CI] | [localhost-startStop-1] | [o.a.c.c.C.[Tomcat].[localhost].[/]] | --> Initializing Spring embedded WebApplicationContext|
- | [] | [20180905 11:04:22.341] | [INFO] | [DESKTOP-RR6N2CI] | [localhost-startStop-1] | [o.s.web.context.ContextLoader] | --> Root WebApplicationContext: initialization completed in 4665 ms|
- | [] | [20180905 11:04:22.520] | [INFO] | [DESKTOP-RR6N2CI] | [localhost-startStop-1] | [o.s.b.w.s.ServletRegistrationBean] | --> Servlet dispatcherServlet mapped to [/]|
- | [] | [20180905 11:04:22.531] | [INFO] | [DESKTOP-RR6N2CI] | [localhost-startStop-1] | [o.s.b.w.s.FilterRegistrationBean] | --> Mapping filter: 'characterEncodingFilter' to: [/*]|
- | [] | [20180905 11:04:22.532] | [INFO] | [DESKTOP-RR6N2CI] | [localhost-startStop-1] | [o.s.b.w.s.FilterRegistrationBean] | --> Mapping filter: 'hiddenHttpMethodFilter' to: [/*]|
- | [] | [20180905 11:04:22.532] | [INFO] | [DESKTOP-RR6N2CI] | [localhost-startStop-1] | [o.s.b.w.s.FilterRegistrationBean] | --> Mapping filter: 'requestContextFilter' to: [/*]|
- | [] | [20180905 11:04:22.533] | [INFO] | [DESKTOP-RR6N2CI] | [localhost-startStop-1] | [o.s.b.w.s.FilterRegistrationBean] | --> Mapping filter: 'putFilter' to: [/*]|
- | [] | [20180905 11:04:24.589] | [INFO] | [DESKTOP-RR6N2CI] | [main] | [c.alibaba.druid.pool.DruidDataSource] | --> {dataSource-1} inited|
- | [] | [20180905 11:04:25.005] | [INFO] | [DESKTOP-RR6N2CI] | [main] | [org.quartz.impl.StdSchedulerFactory] | --> Using default implementation for ThreadExecutor|
- | [] | [20180905 11:04:25.032] | [INFO] | [DESKTOP-RR6N2CI] | [main] | [o.quartz.core.SchedulerSignalerImpl] | --> Initialized Scheduler Signaller of type: class org.quartz.core.SchedulerSignalerImpl|
- | [] | [20180905 11:04:25.033] | [INFO] | [DESKTOP-RR6N2CI] | [main] | [org.quartz.core.QuartzScheduler] | --> Quartz Scheduler v.2.3.0 created.|
- | [] | [20180905 11:04:25.035] | [INFO] | [DESKTOP-RR6N2CI] | [main] | [org.quartz.simpl.RAMJobStore] | --> RAMJobStore initialized.|
- | [] | [20180905 11:04:25.037] | [INFO] | [DESKTOP-RR6N2CI] | [main] | [org.quartz.core.QuartzScheduler] | --> Scheduler meta-data: Quartz Scheduler (v2.3.0) 'schedulerFactoryBean' with instanceId 'NON_CLUSTERED'
  Scheduler class: 'org.quartz.core.QuartzScheduler' - running locally.
  NOT STARTED.
  Currently in standby mode.
  Number of jobs executed: 0
  Using thread pool 'org.quartz.simpl.SimpleThreadPool' - with 10 threads.
  Using job-store 'org.quartz.simpl.RAMJobStore' - which does not support persistence. and is not clustered.
|
- | [] | [20180905 11:04:25.038] | [INFO] | [DESKTOP-RR6N2CI] | [main] | [org.quartz.impl.StdSchedulerFactory] | --> Quartz scheduler 'schedulerFactoryBean' initialized from an externally provided properties instance.|
- | [] | [20180905 11:04:25.039] | [INFO] | [DESKTOP-RR6N2CI] | [main] | [org.quartz.impl.StdSchedulerFactory] | --> Quartz scheduler version: 2.3.0|
- | [] | [20180905 11:04:25.043] | [INFO] | [DESKTOP-RR6N2CI] | [main] | [org.quartz.core.QuartzScheduler] | --> JobFactory set to: org.springframework.scheduling.quartz.AdaptableJobFactory@6c008c24|
- | [] | [20180905 11:04:25.253] | [INFO] | [DESKTOP-RR6N2CI] | [main] | [o.s.w.s.h.SimpleUrlHandlerMapping] | --> Mapped URL path [/**/favicon.ico] onto handler of type [class org.springframework.web.servlet.resource.ResourceHttpRequestHandler]|
- | [] | [20180905 11:04:25.854] | [INFO] | [DESKTOP-RR6N2CI] | [main] | [o.s.w.s.m.m.a.RequestMappingHandlerAdapter] | --> Looking for @ControllerAdvice: org.springframework.boot.web.servlet.context.AnnotationConfigServletWebServerApplicationContext@44ebcd03: startup date [Wed Sep 05 11:04:17 CST 2018]; root of context hierarchy|
- | [] | [20180905 11:04:25.970] | [INFO] | [DESKTOP-RR6N2CI] | [main] | [o.s.w.s.m.m.a.RequestMappingHandlerMapping] | --> Mapped "{[/a/upload-picture],methods=[POST]}" onto public java.lang.String com.millionaire.millionaireserverweb.controller.AliyunAPIController.test(org.springframework.web.multipart.MultipartFile) throws java.io.IOException,com.millionaire.millionairecommonapi.excepion.AliyunAPIException|
- | [] | [20180905 11:04:25.972] | [INFO] | [DESKTOP-RR6N2CI] | [main] | [o.s.w.s.m.m.a.RequestMappingHandlerMapping] | --> Mapped "{[/a/ID-card-upload],methods=[POST]}" onto public java.lang.String com.millionaire.millionaireserverweb.controller.AliyunAPIController.testID(org.springframework.web.multipart.MultipartFile) throws java.io.IOException,com.millionaire.millionairecommonapi.excepion.AliyunAPIException|
- | [] | [20180905 11:04:25.981] | [INFO] | [DESKTOP-RR6N2CI] | [main] | [o.s.w.s.m.m.a.RequestMappingHandlerMapping] | --> Mapped "{[/a/bank/{bankId}],methods=[PUT]}" onto public com.millionaire.millionaireserverweb.result.ResultBean com.millionaire.millionaireserverweb.controller.BankController.updateBank(java.lang.Long,com.alibaba.fastjson.JSONObject)|
- | [] | [20180905 11:04:25.981] | [INFO] | [DESKTOP-RR6N2CI] | [main] | [o.s.w.s.m.m.a.RequestMappingHandlerMapping] | --> Mapped "{[/a/bank],methods=[POST]}" onto public com.millionaire.millionaireserverweb.result.ResultBean com.millionaire.millionaireserverweb.controller.BankController.insertBank(com.millionaire.millionairemanagerservice.module.Bank)|
- | [] | [20180905 11:04:25.983] | [INFO] | [DESKTOP-RR6N2CI] | [main] | [o.s.w.s.m.m.a.RequestMappingHandlerMapping] | --> Mapped "{[/a/list/bank],methods=[GET]}" onto public com.millionaire.millionaireserverweb.result.ResultBean com.millionaire.millionaireserverweb.controller.BankController.selectBankByPage(java.lang.Integer,java.lang.Integer,com.millionaire.millionairemanagerservice.request.BankQuery)|
- | [] | [20180905 11:04:25.983] | [INFO] | [DESKTOP-RR6N2CI] | [main] | [o.s.w.s.m.m.a.RequestMappingHandlerMapping] | --> Mapped "{[/a/bank/{bankId}],methods=[GET]}" onto public com.millionaire.millionaireserverweb.result.ResultBean com.millionaire.millionaireserverweb.controller.BankController.selectBank(long)|
- | [] | [20180905 11:04:25.984] | [INFO] | [DESKTOP-RR6N2CI] | [main] | [o.s.w.s.m.m.a.RequestMappingHandlerMapping] | --> Mapped "{[/a/claim-info/{claimId}],methods=[GET]}" onto public com.millionaire.millionaireserverweb.result.ResultBean com.millionaire.millionaireserverweb.controller.ClaimInfoController.selectClaimInfo(java.lang.Long)|
- | [] | [20180905 11:04:25.984] | [INFO] | [DESKTOP-RR6N2CI] | [main] | [o.s.w.s.m.m.a.RequestMappingHandlerMapping] | --> Mapped "{[/a/claim-info],methods=[POST]}" onto public com.millionaire.millionaireserverweb.result.ResultBean com.millionaire.millionaireserverweb.controller.ClaimInfoController.insertClaimInfo(com.millionaire.millionairebusinessservice.module.ClaimInfo)|
- | [] | [20180905 11:04:25.986] | [INFO] | [DESKTOP-RR6N2CI] | [main] | [o.s.w.s.m.m.a.RequestMappingHandlerMapping] | --> Mapped "{[/a/list/claim-info],methods=[GET]}" onto public com.millionaire.millionaireserverweb.result.ResultBean com.millionaire.millionaireserverweb.controller.ClaimInfoController.selectClaimByPage(java.lang.Integer,java.lang.Integer,com.millionaire.millionairebusinessservice.request.ClaimInfoQuery)|
- | [] | [20180905 11:04:25.987] | [INFO] | [DESKTOP-RR6N2CI] | [main] | [o.s.w.s.m.m.a.RequestMappingHandlerMapping] | --> Mapped "{[/a/list/claim-match/{claimid}],methods=[GET]}" onto public com.millionaire.millionaireserverweb.result.ResultBean com.millionaire.millionaireserverweb.controller.ClaimMatchController.listClaimMatch(long,java.lang.Integer,java.lang.Integer,com.millionaire.millionairebusinessservice.request.ClaimMatchQuery)|
- | [] | [20180905 11:04:25.987] | [INFO] | [DESKTOP-RR6N2CI] | [main] | [o.s.w.s.m.m.a.RequestMappingHandlerMapping] | --> Mapped "{[/a/investment-credit],methods=[PUT]}" onto public com.millionaire.millionaireserverweb.result.ResultBean com.millionaire.millionaireserverweb.controller.ClaimMatchController.updateInvestmentCredit(com.alibaba.fastjson.JSONObject)|
- | [] | [20180905 11:04:25.988] | [INFO] | [DESKTOP-RR6N2CI] | [main] | [o.s.w.s.m.m.a.RequestMappingHandlerMapping] | --> Mapped "{[/a/list/investment-match-claim/{claimId}],methods=[GET]}" onto public com.millionaire.millionaireserverweb.result.ResultBean com.millionaire.millionaireserverweb.controller.ClaimMatchController.listRecommendedMatch(long)|
- | [] | [20180905 11:04:25.992] | [INFO] | [DESKTOP-RR6N2CI] | [main] | [o.s.w.s.m.m.a.RequestMappingHandlerMapping] | --> Mapped "{[/a/content-info/{contentId}],methods=[GET]}" onto public com.millionaire.millionaireserverweb.result.ResultBean com.millionaire.millionaireserverweb.controller.ContentController.getContent(java.lang.Long)|
- | [] | [20180905 11:04:25.992] | [INFO] | [DESKTOP-RR6N2CI] | [main] | [o.s.w.s.m.m.a.RequestMappingHandlerMapping] | --> Mapped "{[/a/content-status/{contentId}],methods=[PUT]}" onto public com.millionaire.millionaireserverweb.result.ResultBean com.millionaire.millionaireserverweb.controller.ContentController.updateStatus(java.lang.Long,com.alibaba.fastjson.JSONObject)|
- | [] | [20180905 11:04:25.992] | [INFO] | [DESKTOP-RR6N2CI] | [main] | [o.s.w.s.m.m.a.RequestMappingHandlerMapping] | --> Mapped "{[/a/content],methods=[POST]}" onto public com.millionaire.millionaireserverweb.result.ResultBean com.millionaire.millionaireserverweb.controller.ContentController.insertContent(com.millionaire.millionairemanagerservice.module.Content)|
- | [] | [20180905 11:04:25.993] | [INFO] | [DESKTOP-RR6N2CI] | [main] | [o.s.w.s.m.m.a.RequestMappingHandlerMapping] | --> Mapped "{[/a/content/{contentId}],methods=[DELETE]}" onto public com.millionaire.millionaireserverweb.result.ResultBean com.millionaire.millionaireserverweb.controller.ContentController.deleteContent(long)|
- | [] | [20180905 11:04:25.993] | [INFO] | [DESKTOP-RR6N2CI] | [main] | [o.s.w.s.m.m.a.RequestMappingHandlerMapping] | --> Mapped "{[/a/content/{contentId}],methods=[PUT]}" onto public com.millionaire.millionaireserverweb.result.ResultBean com.millionaire.millionaireserverweb.controller.ContentController.updateContent(java.lang.Long,com.millionaire.millionairemanagerservice.module.Content)|
- | [] | [20180905 11:04:25.994] | [INFO] | [DESKTOP-RR6N2CI] | [main] | [o.s.w.s.m.m.a.RequestMappingHandlerMapping] | --> Mapped "{[/a/list/content],methods=[GET]}" onto public com.millionaire.millionaireserverweb.result.ResultBean com.millionaire.millionaireserverweb.controller.ContentController.listContent(java.lang.Integer,java.lang.Integer,com.millionaire.millionairemanagerservice.request.ContentQuery)|
- | [] | [20180905 11:04:25.996] | [INFO] | [DESKTOP-RR6N2CI] | [main] | [o.s.w.s.m.m.a.RequestMappingHandlerMapping] | --> Mapped "{[/a/product-shelf/{productId}],methods=[PUT]}" onto public com.millionaire.millionaireserverweb.result.ResultBean com.millionaire.millionaireserverweb.controller.InvestmentProductController.updateProductIsShelf(java.lang.Long,com.alibaba.fastjson.JSONObject)|
- | [] | [20180905 11:04:25.996] | [INFO] | [DESKTOP-RR6N2CI] | [main] | [o.s.w.s.m.m.a.RequestMappingHandlerMapping] | --> Mapped "{[/a/investment-product],methods=[POST]}" onto public com.millionaire.millionaireserverweb.result.ResultBean com.millionaire.millionaireserverweb.controller.InvestmentProductController.insertInvestmentProduct(com.millionaire.millionairebusinessservice.module.InvestmentProduct)|
- | [] | [20180905 11:04:25.998] | [INFO] | [DESKTOP-RR6N2CI] | [main] | [o.s.w.s.m.m.a.RequestMappingHandlerMapping] | --> Mapped "{[/a/product-info/{productId}],methods=[PUT]}" onto public com.millionaire.millionaireserverweb.result.ResultBean com.millionaire.millionaireserverweb.controller.InvestmentProductController.updateProductShelfCommendLimit(java.lang.Long,com.alibaba.fastjson.JSONObject)|
- | [] | [20180905 11:04:25.998] | [INFO] | [DESKTOP-RR6N2CI] | [main] | [o.s.w.s.m.m.a.RequestMappingHandlerMapping] | --> Mapped "{[/a/list/investment-product],methods=[GET]}" onto public com.millionaire.millionaireserverweb.result.ResultBean com.millionaire.millionaireserverweb.controller.InvestmentProductController.getListInvestmentProduct(java.lang.Integer,java.lang.Integer,com.millionaire.millionairebusinessservice.request.ProductQuery)|
- | [] | [20180905 11:04:25.999] | [INFO] | [DESKTOP-RR6N2CI] | [main] | [o.s.w.s.m.m.a.RequestMappingHandlerMapping] | --> Mapped "{[/a/product-info/{productId}],methods=[GET]}" onto public com.millionaire.millionaireserverweb.result.ResultBean com.millionaire.millionaireserverweb.controller.InvestmentProductController.selectInvestmentProduct(java.lang.Long)|
- | [] | [20180905 11:04:26.001] | [INFO] | [DESKTOP-RR6N2CI] | [main] | [o.s.w.s.m.m.a.RequestMappingHandlerMapping] | --> Mapped "{[/a/message-platform/{platformId}],methods=[GET]}" onto public com.millionaire.millionaireserverweb.result.ResultBean com.millionaire.millionaireserverweb.controller.MessagePlatformController.selectMessage(java.lang.Long)|
- | [] | [20180905 11:04:26.002] | [INFO] | [DESKTOP-RR6N2CI] | [main] | [o.s.w.s.m.m.a.RequestMappingHandlerMapping] | --> Mapped "{[/a/message-platform-status/{platformId}],methods=[PUT]}" onto public com.millionaire.millionaireserverweb.result.ResultBean com.millionaire.millionaireserverweb.controller.MessagePlatformController.updateMessageStatus(java.lang.Long,com.alibaba.fastjson.JSONObject)|
- | [] | [20180905 11:04:26.002] | [INFO] | [DESKTOP-RR6N2CI] | [main] | [o.s.w.s.m.m.a.RequestMappingHandlerMapping] | --> Mapped "{[/a/message-platform],methods=[POST]}" onto public com.millionaire.millionaireserverweb.result.ResultBean com.millionaire.millionaireserverweb.controller.MessagePlatformController.insertMessagePlatform(com.millionaire.millionairemanagerservice.module.MessagePlatform)|
- | [] | [20180905 11:04:26.002] | [INFO] | [DESKTOP-RR6N2CI] | [main] | [o.s.w.s.m.m.a.RequestMappingHandlerMapping] | --> Mapped "{[/a/message-platform/{platformId}],methods=[DELETE]}" onto public com.millionaire.millionaireserverweb.result.ResultBean com.millionaire.millionaireserverweb.controller.MessagePlatformController.deleteMessagePlatform(long)|
- | [] | [20180905 11:04:26.002] | [INFO] | [DESKTOP-RR6N2CI] | [main] | [o.s.w.s.m.m.a.RequestMappingHandlerMapping] | --> Mapped "{[/a/list/message-platform],methods=[GET]}" onto public com.millionaire.millionaireserverweb.result.ResultBean com.millionaire.millionaireserverweb.controller.MessagePlatformController.listMessagePlatform(java.lang.Integer,java.lang.Integer,com.millionaire.millionairemanagerservice.request.MessagePlatformQuery)|
- | [] | [20180905 11:04:26.003] | [INFO] | [DESKTOP-RR6N2CI] | [main] | [o.s.w.s.m.m.a.RequestMappingHandlerMapping] | --> Mapped "{[/a/system-param],methods=[PUT]}" onto public com.millionaire.millionaireserverweb.result.ResultBean com.millionaire.millionaireserverweb.controller.ParameterSettingController.systemParamSetting(com.alibaba.fastjson.JSONObject)|
- | [] | [20180905 11:04:26.005] | [INFO] | [DESKTOP-RR6N2CI] | [main] | [o.s.w.s.m.m.a.RequestMappingHandlerMapping] | --> Mapped "{[/a/proposal/{proposalId}],methods=[GET]}" onto public com.millionaire.millionaireserverweb.result.ResultBean com.millionaire.millionaireserverweb.controller.ProposalController.selectProposal(java.lang.Long)|
- | [] | [20180905 11:04:26.005] | [INFO] | [DESKTOP-RR6N2CI] | [main] | [o.s.w.s.m.m.a.RequestMappingHandlerMapping] | --> Mapped "{[/a/proposal/{proposalId}],methods=[DELETE]}" onto public com.millionaire.millionaireserverweb.result.ResultBean com.millionaire.millionaireserverweb.controller.ProposalController.deleteProposal(java.lang.Long)|
- | [] | [20180905 11:04:26.005] | [INFO] | [DESKTOP-RR6N2CI] | [main] | [o.s.w.s.m.m.a.RequestMappingHandlerMapping] | --> Mapped "{[/a/list/proposal],methods=[GET]}" onto public com.millionaire.millionaireserverweb.result.ResultBean com.millionaire.millionaireserverweb.controller.ProposalController.listProposalByPage(java.lang.Integer,java.lang.Integer,com.millionaire.millionairemanagerservice.request.ProposalQuery)|
- | [] | [20180905 11:04:26.011] | [INFO] | [DESKTOP-RR6N2CI] | [main] | [o.s.w.s.m.m.a.RequestMappingHandlerMapping] | --> Mapped "{[/a/user/{uid}],methods=[GET]}" onto public com.millionaire.millionaireserverweb.result.ResultBean com.millionaire.millionaireserverweb.controller.ReceptionUsersController.selectUsers(java.lang.Long)|
- | [] | [20180905 11:04:26.011] | [INFO] | [DESKTOP-RR6N2CI] | [main] | [o.s.w.s.m.m.a.RequestMappingHandlerMapping] | --> Mapped "{[/a/user-status/{uid}],methods=[PUT]}" onto public com.millionaire.millionaireserverweb.result.ResultBean com.millionaire.millionaireserverweb.controller.ReceptionUsersController.updateUserStatus(java.lang.Long,com.alibaba.fastjson.JSONObject)|
- | [] | [20180905 11:04:26.012] | [INFO] | [DESKTOP-RR6N2CI] | [main] | [o.s.w.s.m.m.a.RequestMappingHandlerMapping] | --> Mapped "{[/a/list/user],methods=[GET]}" onto public com.millionaire.millionaireserverweb.result.ResultBean com.millionaire.millionaireserverweb.controller.ReceptionUsersController.getListReceptionUsers(java.lang.Integer,java.lang.Integer,com.millionaire.millionaireuserservice.request.ReceptionUsersQuery)|
- | [] | [20180905 11:04:26.012] | [INFO] | [DESKTOP-RR6N2CI] | [main] | [o.s.w.s.m.m.a.RequestMappingHandlerMapping] | --> Mapped "{[/a/user-bank/{uid}],methods=[DELETE]}" onto public com.millionaire.millionaireserverweb.result.ResultBean com.millionaire.millionaireserverweb.controller.ReceptionUsersController.deleteUserBankCard(java.lang.Long,java.lang.String)|
- | [] | [20180905 11:04:26.014] | [INFO] | [DESKTOP-RR6N2CI] | [main] | [o.s.w.s.m.m.a.RequestMappingHandlerMapping] | --> Mapped "{[/a/user-verification/{uid}],methods=[GET]}" onto public com.millionaire.millionaireserverweb.result.ResultBean com.millionaire.millionaireserverweb.controller.ReceptionUsersController.selectUsersVerification(java.lang.Long)|
- | [] | [20180905 11:04:26.015] | [INFO] | [DESKTOP-RR6N2CI] | [main] | [o.s.w.s.m.m.a.RequestMappingHandlerMapping] | --> Mapped "{[/a/user-verification-cancel/{uid}],methods=[PUT]}" onto public com.millionaire.millionaireserverweb.result.ResultBean com.millionaire.millionaireserverweb.controller.ReceptionUsersController.cancelUserVerification(java.lang.Long)|
- | [] | [20180905 11:04:26.015] | [INFO] | [DESKTOP-RR6N2CI] | [main] | [o.s.w.s.m.m.a.RequestMappingHandlerMapping] | --> Mapped "{[/a/list/trading-flow/{uid}],methods=[GET]}" onto public com.millionaire.millionaireserverweb.result.ResultBean com.millionaire.millionaireserverweb.controller.ReceptionUsersController.listUserTradingFlow(java.lang.Long,java.lang.Integer,java.lang.Integer,com.millionaire.millionairebusinessservice.request.TradingFlowQuery)|
- | [] | [20180905 11:04:26.016] | [INFO] | [DESKTOP-RR6N2CI] | [main] | [o.s.w.s.m.m.a.RequestMappingHandlerMapping] | --> Mapped "{[/a/list/investment-user/{uid}],methods=[GET]}" onto public com.millionaire.millionaireserverweb.result.ResultBean com.millionaire.millionaireserverweb.controller.ReceptionUsersController.listUserInvestment(java.lang.Long,java.lang.Integer,java.lang.Integer,com.millionaire.millionairebusinessservice.request.InvestmentUserQuery)|
- | [] | [20180905 11:04:26.016] | [INFO] | [DESKTOP-RR6N2CI] | [main] | [o.s.w.s.m.m.a.RequestMappingHandlerMapping] | --> Mapped "{[/a/list/user-verification],methods=[GET]}" onto public com.millionaire.millionaireserverweb.result.ResultBean com.millionaire.millionaireserverweb.controller.ReceptionUsersController.listUsersVerification(java.lang.Integer,java.lang.Integer,com.millionaire.millionaireuserservice.request.UsersVerificationQuery)|
- | [] | [20180905 11:04:26.016] | [INFO] | [DESKTOP-RR6N2CI] | [main] | [o.s.w.s.m.m.a.RequestMappingHandlerMapping] | --> Mapped "{[/a/user-verification/{uid}],methods=[PUT]}" onto public com.millionaire.millionaireserverweb.result.ResultBean com.millionaire.millionaireserverweb.controller.ReceptionUsersController.updateAuthentication(java.lang.Long,com.alibaba.fastjson.JSONObject)|
- | [] | [20180905 11:04:26.017] | [INFO] | [DESKTOP-RR6N2CI] | [main] | [o.s.w.s.m.m.a.RequestMappingHandlerMapping] | --> Mapped "{[/a/user/{uid}],methods=[PUT]}" onto public com.millionaire.millionaireserverweb.result.ResultBean com.millionaire.millionaireserverweb.controller.ReceptionUsersController.updateUserPhoneMangerNum(java.lang.Long,com.alibaba.fastjson.JSONObject)|
- | [] | [20180905 11:04:26.019] | [INFO] | [DESKTOP-RR6N2CI] | [main] | [o.s.w.s.m.m.a.RequestMappingHandlerMapping] | --> Mapped "{[/a/investment-count],methods=[GET]}" onto public com.millionaire.millionaireserverweb.result.ResultBean com.millionaire.millionaireserverweb.controller.StatisticsController.countInvestmentProduct(java.lang.Integer,java.lang.Integer,com.millionaire.millionairebusinessservice.request.TradingFlowStatisticQuery)|
- | [] | [20180905 11:04:26.019] | [INFO] | [DESKTOP-RR6N2CI] | [main] | [o.s.w.s.m.m.a.RequestMappingHandlerMapping] | --> Mapped "{[/a/list/investment-detail/{productId}],methods=[GET]}" onto public com.millionaire.millionaireserverweb.result.ResultBean com.millionaire.millionaireserverweb.controller.StatisticsController.detailInvestmentProduct(java.lang.Long,java.lang.Integer,java.lang.Integer,com.millionaire.millionairebusinessservice.request.TradingFlowDetailQuery)|
- | [] | [20180905 11:04:26.022] | [INFO] | [DESKTOP-RR6N2CI] | [main] | [o.s.w.s.m.m.a.RequestMappingHandlerMapping] | --> Mapped "{[/a/permission],methods=[GET]}" onto public com.millionaire.millionaireadminservice.module.ResultBean com.millionaire.millionaireserverweb.controller.SunController.getPermission()|
- | [] | [20180905 11:04:26.022] | [INFO] | [DESKTOP-RR6N2CI] | [main] | [o.s.w.s.m.m.a.RequestMappingHandlerMapping] | --> Mapped "{[/a/roles],methods=[POST]}" onto public com.millionaire.millionaireadminservice.module.ResultBean com.millionaire.millionaireserverweb.controller.SunController.insertRole(com.alibaba.fastjson.JSONObject)|
- | [] | [20180905 11:04:26.023] | [INFO] | [DESKTOP-RR6N2CI] | [main] | [o.s.w.s.m.m.a.RequestMappingHandlerMapping] | --> Mapped "{[/a/roles/{id}],methods=[PUT]}" onto public com.millionaire.millionaireadminservice.module.ResultBean com.millionaire.millionaireserverweb.controller.SunController.updateRole(java.lang.Long,com.alibaba.fastjson.JSONObject)|
- | [] | [20180905 11:04:26.023] | [INFO] | [DESKTOP-RR6N2CI] | [main] | [o.s.w.s.m.m.a.RequestMappingHandlerMapping] | --> Mapped "{[/a/list/backstageUsers],methods=[GET]}" onto public com.millionaire.millionaireadminservice.module.ResultBean com.millionaire.millionaireserverweb.controller.SunController.getUsers(java.lang.Integer,java.lang.String,java.lang.String)|
- | [] | [20180905 11:04:26.023] | [INFO] | [DESKTOP-RR6N2CI] | [main] | [o.s.w.s.m.m.a.RequestMappingHandlerMapping] | --> Mapped "{[/a/backstageUser/{id}],methods=[DELETE]}" onto public com.millionaire.millionaireadminservice.module.ResultBean com.millionaire.millionaireserverweb.controller.SunController.deleteById(java.lang.Long)|
- | [] | [20180905 11:04:26.023] | [INFO] | [DESKTOP-RR6N2CI] | [main] | [o.s.w.s.m.m.a.RequestMappingHandlerMapping] | --> Mapped "{[/a/list/roles],methods=[GET]}" onto public com.millionaire.millionaireadminservice.module.ResultBean com.millionaire.millionaireserverweb.controller.SunController.getRoles(java.lang.Integer)|
- | [] | [20180905 11:04:26.024] | [INFO] | [DESKTOP-RR6N2CI] | [main] | [o.s.w.s.m.m.a.RequestMappingHandlerMapping] | --> Mapped "{[/a/roles],methods=[GET]}" onto public com.millionaire.millionaireadminservice.module.ResultBean com.millionaire.millionaireserverweb.controller.SunController.getRolesAll()|
- | [] | [20180905 11:04:26.024] | [INFO] | [DESKTOP-RR6N2CI] | [main] | [o.s.w.s.m.m.a.RequestMappingHandlerMapping] | --> Mapped "{[/a/role/{id}],methods=[DELETE]}" onto public com.millionaire.millionaireadminservice.module.ResultBean com.millionaire.millionaireserverweb.controller.SunController.deleteRole(java.lang.Long)|
- | [] | [20180905 11:04:26.024] | [INFO] | [DESKTOP-RR6N2CI] | [main] | [o.s.w.s.m.m.a.RequestMappingHandlerMapping] | --> Mapped "{[/backstageLoginPage],methods=[GET]}" onto public java.lang.String com.millionaire.millionaireserverweb.controller.SunController.backstageLogin()|
- | [] | [20180905 11:04:26.024] | [INFO] | [DESKTOP-RR6N2CI] | [main] | [o.s.w.s.m.m.a.RequestMappingHandlerMapping] | --> Mapped "{[/backstageLogin],methods=[POST]}" onto public com.millionaire.millionaireadminservice.module.ResultBean com.millionaire.millionaireserverweb.controller.SunController.subLogin(com.alibaba.fastjson.JSONObject)|
- | [] | [20180905 11:04:26.024] | [INFO] | [DESKTOP-RR6N2CI] | [main] | [o.s.w.s.m.m.a.RequestMappingHandlerMapping] | --> Mapped "{[/a/backstageUser/password],methods=[PUT]}" onto public com.millionaire.millionaireadminservice.module.ResultBean com.millionaire.millionaireserverweb.controller.SunController.updatePassword(com.alibaba.fastjson.JSONObject)|
- | [] | [20180905 11:04:26.024] | [INFO] | [DESKTOP-RR6N2CI] | [main] | [o.s.w.s.m.m.a.RequestMappingHandlerMapping] | --> Mapped "{[/a/backstageUser/{id}],methods=[PUT]}" onto public com.millionaire.millionaireadminservice.module.ResultBean com.millionaire.millionaireserverweb.controller.SunController.updateById(com.alibaba.fastjson.JSONObject,java.lang.Long)|
- | [] | [20180905 11:04:26.025] | [INFO] | [DESKTOP-RR6N2CI] | [main] | [o.s.w.s.m.m.a.RequestMappingHandlerMapping] | --> Mapped "{[/a/backstageUsers],methods=[POST]}" onto public com.millionaire.millionaireadminservice.module.ResultBean com.millionaire.millionaireserverweb.controller.SunController.insertUser(com.alibaba.fastjson.JSONObject)|
- | [] | [20180905 11:04:26.028] | [INFO] | [DESKTOP-RR6N2CI] | [main] | [o.s.w.s.m.m.a.RequestMappingHandlerMapping] | --> Mapped "{[/a/backstageUser/{id}],methods=[GET]}" onto public com.millionaire.millionaireadminservice.module.ResultBean com.millionaire.millionaireserverweb.controller.SunController.getBackstageUserById(java.lang.Long)|
- | [] | [20180905 11:04:26.029] | [INFO] | [DESKTOP-RR6N2CI] | [main] | [o.s.w.s.m.m.a.RequestMappingHandlerMapping] | --> Mapped "{[/a/rolePermission/{id}],methods=[GET]}" onto public java.util.Map com.millionaire.millionaireserverweb.controller.SunController.selectRolePermission(java.lang.Long)|
- | [] | [20180905 11:04:26.032] | [INFO] | [DESKTOP-RR6N2CI] | [main] | [o.s.w.s.m.m.a.RequestMappingHandlerMapping] | --> Mapped "{[/error]}" onto public org.springframework.http.ResponseEntity<java.util.Map<java.lang.String, java.lang.Object>> org.springframework.boot.autoconfigure.web.servlet.error.BasicErrorController.error(javax.servlet.http.HttpServletRequest)|
- | [] | [20180905 11:04:26.033] | [INFO] | [DESKTOP-RR6N2CI] | [main] | [o.s.w.s.m.m.a.RequestMappingHandlerMapping] | --> Mapped "{[/error],produces=[text/html]}" onto public org.springframework.web.servlet.ModelAndView org.springframework.boot.autoconfigure.web.servlet.error.BasicErrorController.errorHtml(javax.servlet.http.HttpServletRequest,javax.servlet.http.HttpServletResponse)|
- | [] | [20180905 11:04:26.108] | [INFO] | [DESKTOP-RR6N2CI] | [main] | [o.s.w.s.h.SimpleUrlHandlerMapping] | --> Mapped URL path [/webjars/**] onto handler of type [class org.springframework.web.servlet.resource.ResourceHttpRequestHandler]|
- | [] | [20180905 11:04:26.109] | [INFO] | [DESKTOP-RR6N2CI] | [main] | [o.s.w.s.h.SimpleUrlHandlerMapping] | --> Mapped URL path [/**] onto handler of type [class org.springframework.web.servlet.resource.ResourceHttpRequestHandler]|
- | [] | [20180905 11:04:26.149] | [INFO] | [DESKTOP-RR6N2CI] | [main] | [o.s.w.s.m.m.a.ExceptionHandlerExceptionResolver] | --> Detected @ExceptionHandler methods in globalExceptionHandler|
- | [] | [20180905 11:04:27.085] | [INFO] | [DESKTOP-RR6N2CI] | [main] | [o.s.j.e.a.AnnotationMBeanExporter] | --> Registering beans for JMX exposure on startup|
- | [] | [20180905 11:04:27.088] | [INFO] | [DESKTOP-RR6N2CI] | [main] | [o.s.j.e.a.AnnotationMBeanExporter] | --> Bean with name 'dataSource' has been autodetected for JMX exposure|
- | [] | [20180905 11:04:27.099] | [INFO] | [DESKTOP-RR6N2CI] | [main] | [o.s.j.e.a.AnnotationMBeanExporter] | --> Located MBean 'dataSource': registering with JMX server as MBean [com.alibaba.druid.pool:name=dataSource,type=DruidDataSource]|
- | [] | [20180905 11:04:27.106] | [INFO] | [DESKTOP-RR6N2CI] | [main] | [o.s.c.s.DefaultLifecycleProcessor] | --> Starting beans in phase 2147483647|
- | [] | [20180905 11:04:27.106] | [INFO] | [DESKTOP-RR6N2CI] | [main] | [o.s.s.quartz.SchedulerFactoryBean] | --> Will start Quartz Scheduler [schedulerFactoryBean] in 5 seconds|
- | [] | [20180905 11:04:27.124] | [INFO] | [DESKTOP-RR6N2CI] | [main] | [o.a.coyote.http11.Http11NioProtocol] | --> Starting ProtocolHandler ["http-nio-20581"]|
- | [] | [20180905 11:04:27.142] | [INFO] | [DESKTOP-RR6N2CI] | [main] | [o.a.tomcat.util.net.NioSelectorPool] | --> Using a shared selector for servlet write/read|
- | [] | [20180905 11:04:27.177] | [INFO] | [DESKTOP-RR6N2CI] | [main] | [o.s.b.w.e.tomcat.TomcatWebServer] | --> Tomcat started on port(s): 20581 (http) with context path ''|
- | [] | [20180905 11:04:27.181] | [INFO] | [DESKTOP-RR6N2CI] | [main] | [c.m.m.MillionaireServerWebApplication] | --> Started MillionaireServerWebApplication in 11.387 seconds (JVM running for 14.249)|
- | [] | [20180905 11:04:32.109] | [INFO] | [DESKTOP-RR6N2CI] | [Quartz Scheduler [schedulerFactoryBean]] | [o.s.s.quartz.SchedulerFactoryBean] | --> Starting Quartz Scheduler now, after delay of 5 seconds|
- | [] | [20180905 11:04:32.114] | [INFO] | [DESKTOP-RR6N2CI] | [Quartz Scheduler [schedulerFactoryBean]] | [org.quartz.core.QuartzScheduler] | --> Scheduler schedulerFactoryBean_$_NON_CLUSTERED started.|
- | [] | [20180905 11:04:39.520] | [INFO] | [DESKTOP-RR6N2CI] | [http-nio-20581-exec-1] | [o.a.c.c.C.[Tomcat].[localhost].[/]] | --> Initializing Spring FrameworkServlet 'dispatcherServlet'|
- | [] | [20180905 11:04:39.521] | [INFO] | [DESKTOP-RR6N2CI] | [http-nio-20581-exec-1] | [o.s.web.servlet.DispatcherServlet] | --> FrameworkServlet 'dispatcherServlet': initialization started|
- | [] | [20180905 11:04:39.587] | [INFO] | [DESKTOP-RR6N2CI] | [http-nio-20581-exec-1] | [o.s.web.servlet.DispatcherServlet] | --> FrameworkServlet 'dispatcherServlet': initialization completed in 66 ms|
- | [] | [20180905 11:05:00.043] | [INFO] | [DESKTOP-RR6N2CI] | [schedulerFactoryBean_Worker-1] | [c.m.m.lkjob.job.MessageSendJob] | --> 定时消息发送任务启动|
- | [] | [20180905 11:06:00.116] | [INFO] | [DESKTOP-RR6N2CI] | [schedulerFactoryBean_Worker-2] | [c.m.m.lkjob.job.MessageSendJob] | --> 定时消息发送任务启动|
- | [] | [20180905 11:07:00.018] | [INFO] | [DESKTOP-RR6N2CI] | [schedulerFactoryBean_Worker-3] | [c.m.m.lkjob.job.MessageSendJob] | --> 定时消息发送任务启动|
- | [] | [20180905 11:08:00.016] | [INFO] | [DESKTOP-RR6N2CI] | [schedulerFactoryBean_Worker-4] | [c.m.m.lkjob.job.MessageSendJob] | --> 定时消息发送任务启动|
- | [] | [20180905 11:09:00.020] | [INFO] | [DESKTOP-RR6N2CI] | [schedulerFactoryBean_Worker-5] | [c.m.m.lkjob.job.MessageSendJob] | --> 定时消息发送任务启动|
- | [] | [20180905 11:10:00.026] | [INFO] | [DESKTOP-RR6N2CI] | [schedulerFactoryBean_Worker-6] | [c.m.m.lkjob.job.MessageSendJob] | --> 定时消息发送任务启动|
- | [] | [20180905 11:11:00.015] | [INFO] | [DESKTOP-RR6N2CI] | [schedulerFactoryBean_Worker-7] | [c.m.m.lkjob.job.MessageSendJob] | --> 定时消息发送任务启动|
- | [] | [20180905 11:12:00.032] | [INFO] | [DESKTOP-RR6N2CI] | [schedulerFactoryBean_Worker-8] | [c.m.m.lkjob.job.MessageSendJob] | --> 定时消息发送任务启动|
- | [] | [20180905 11:13:00.030] | [INFO] | [DESKTOP-RR6N2CI] | [schedulerFactoryBean_Worker-9] | [c.m.m.lkjob.job.MessageSendJob] | --> 定时消息发送任务启动|
- | [] | [20180905 11:14:00.020] | [INFO] | [DESKTOP-RR6N2CI] | [schedulerFactoryBean_Worker-10] | [c.m.m.lkjob.job.MessageSendJob] | --> 定时消息发送任务启动|
- | [] | [20180905 11:15:00.017] | [INFO] | [DESKTOP-RR6N2CI] | [schedulerFactoryBean_Worker-1] | [c.m.m.lkjob.job.MessageSendJob] | --> 定时消息发送任务启动|
- | [] | [20180905 11:16:00.025] | [INFO] | [DESKTOP-RR6N2CI] | [schedulerFactoryBean_Worker-2] | [c.m.m.lkjob.job.MessageSendJob] | --> 定时消息发送任务启动|
- | [] | [20180905 11:17:00.016] | [INFO] | [DESKTOP-RR6N2CI] | [schedulerFactoryBean_Worker-3] | [c.m.m.lkjob.job.MessageSendJob] | --> 定时消息发送任务启动|
- | [] | [20180905 11:18:00.020] | [INFO] | [DESKTOP-RR6N2CI] | [schedulerFactoryBean_Worker-4] | [c.m.m.lkjob.job.MessageSendJob] | --> 定时消息发送任务启动|
