- | [] | [20180904 09:38:52.038] | [ERROR] | [DESKTOP-RR6N2CI] | [main] | [o.s.boot.SpringApplication] | --> Application run failed|
org.springframework.beans.factory.BeanCreationException: Error creating bean with name 'claimInfoUnmatchLineWarnJobDetail' defined in class path resource [com/millionaire/millionairequartzmanager/lkjob/QuartzConfig/QuartzConfig.class]: Ambiguous factory method matches found in bean 'claimInfoUnmatchLineWarnJobDetail' (hint: specify index/type/name arguments for simple parameters to avoid type ambiguities): [public org.springframework.scheduling.quartz.MethodInvokingJobDetailFactoryBean com.millionaire.millionairequartzmanager.lkjob.QuartzConfig.QuartzConfig.claimInfoUnmatchLineWarn(com.millionaire.millionairequartzmanager.lkjob.job.ClaimInfoCheckJob), public org.springframework.scheduling.quartz.MethodInvokingJobDetailFactoryBean com.millionaire.millionairequartzmanager.lkjob.QuartzConfig.QuartzConfig.claimInfoUnmatchLineWarn(com.millionaire.millionairequartzmanager.lkjob.job.InvestmentUserCheckJob)]
	at org.springframework.beans.factory.support.ConstructorResolver.instantiateUsingFactoryMethod(ConstructorResolver.java:559)
	at org.springframework.beans.factory.support.AbstractAutowireCapableBeanFactory.instantiateUsingFactoryMethod(AbstractAutowireCapableBeanFactory.java:1247)
	at org.springframework.beans.factory.support.AbstractAutowireCapableBeanFactory.createBeanInstance(AbstractAutowireCapableBeanFactory.java:1096)
	at org.springframework.beans.factory.support.AbstractAutowireCapableBeanFactory.doCreateBean(AbstractAutowireCapableBeanFactory.java:535)
	at org.springframework.beans.factory.support.AbstractAutowireCapableBeanFactory.createBean(AbstractAutowireCapableBeanFactory.java:495)
	at org.springframework.beans.factory.support.AbstractBeanFactory.lambda$doGetBean$0(AbstractBeanFactory.java:317)
	at org.springframework.beans.factory.support.DefaultSingletonBeanRegistry.getSingleton(DefaultSingletonBeanRegistry.java:222)
	at org.springframework.beans.factory.support.AbstractBeanFactory.doGetBean(AbstractBeanFactory.java:315)
	at org.springframework.beans.factory.support.AbstractBeanFactory.getBean(AbstractBeanFactory.java:199)
	at org.springframework.beans.factory.support.DefaultListableBeanFactory.preInstantiateSingletons(DefaultListableBeanFactory.java:740)
	at org.springframework.context.support.AbstractApplicationContext.finishBeanFactoryInitialization(AbstractApplicationContext.java:869)
	at org.springframework.context.support.AbstractApplicationContext.refresh(AbstractApplicationContext.java:550)
	at org.springframework.boot.web.servlet.context.ServletWebServerApplicationContext.refresh(ServletWebServerApplicationContext.java:140)
	at org.springframework.boot.SpringApplication.refresh(SpringApplication.java:762)
	at org.springframework.boot.SpringApplication.refreshContext(SpringApplication.java:398)
	at org.springframework.boot.SpringApplication.run(SpringApplication.java:330)
	at org.springframework.boot.SpringApplication.run(SpringApplication.java:1258)
	at org.springframework.boot.SpringApplication.run(SpringApplication.java:1246)
	at com.millionaire.millionaireserverweb.MillionaireServerWebApplication.main(MillionaireServerWebApplication.java:15)
- | [] | [20180904 11:31:55.467] | [ERROR] | [DESKTOP-RR6N2CI] | [http-nio-8080-exec-1] | [o.a.c.c.C.[.[.[.[dispatcherServlet]] | --> Servlet.service() for servlet [dispatcherServlet] in context with path [] threw exception [Request processing failed; nested exception is java.lang.NullPointerException] with root cause|
java.lang.NullPointerException: null
	at com.millionaire.millionaireserverweb.controller.ContentController.updateStatus(ContentController.java:112)
	at sun.reflect.NativeMethodAccessorImpl.invoke0(Native Method)
	at sun.reflect.NativeMethodAccessorImpl.invoke(NativeMethodAccessorImpl.java:62)
	at sun.reflect.DelegatingMethodAccessorImpl.invoke(DelegatingMethodAccessorImpl.java:43)
	at java.lang.reflect.Method.invoke(Method.java:498)
	at org.springframework.web.method.support.InvocableHandlerMethod.doInvoke(InvocableHandlerMethod.java:209)
	at org.springframework.web.method.support.InvocableHandlerMethod.invokeForRequest(InvocableHandlerMethod.java:136)
	at org.springframework.web.servlet.mvc.method.annotation.ServletInvocableHandlerMethod.invokeAndHandle(ServletInvocableHandlerMethod.java:102)
	at org.springframework.web.servlet.mvc.method.annotation.RequestMappingHandlerAdapter.invokeHandlerMethod(RequestMappingHandlerAdapter.java:877)
	at org.springframework.web.servlet.mvc.method.annotation.RequestMappingHandlerAdapter.handleInternal(RequestMappingHandlerAdapter.java:783)
	at org.springframework.web.servlet.mvc.method.AbstractHandlerMethodAdapter.handle(AbstractHandlerMethodAdapter.java:87)
	at org.springframework.web.servlet.DispatcherServlet.doDispatch(DispatcherServlet.java:991)
	at org.springframework.web.servlet.DispatcherServlet.doService(DispatcherServlet.java:925)
	at org.springframework.web.servlet.FrameworkServlet.processRequest(FrameworkServlet.java:974)
	at org.springframework.web.servlet.FrameworkServlet.doPut(FrameworkServlet.java:888)
	at javax.servlet.http.HttpServlet.service(HttpServlet.java:664)
	at org.springframework.web.servlet.FrameworkServlet.service(FrameworkServlet.java:851)
	at javax.servlet.http.HttpServlet.service(HttpServlet.java:742)
	at org.apache.catalina.core.ApplicationFilterChain.internalDoFilter(ApplicationFilterChain.java:231)
	at org.apache.catalina.core.ApplicationFilterChain.doFilter(ApplicationFilterChain.java:166)
	at org.apache.tomcat.websocket.server.WsFilter.doFilter(WsFilter.java:52)
	at org.apache.catalina.core.ApplicationFilterChain.internalDoFilter(ApplicationFilterChain.java:193)
	at org.apache.catalina.core.ApplicationFilterChain.doFilter(ApplicationFilterChain.java:166)
	at org.springframework.web.filter.HttpPutFormContentFilter.doFilterInternal(HttpPutFormContentFilter.java:109)
	at org.springframework.web.filter.OncePerRequestFilter.doFilter(OncePerRequestFilter.java:107)
	at org.apache.catalina.core.ApplicationFilterChain.internalDoFilter(ApplicationFilterChain.java:193)
	at org.apache.catalina.core.ApplicationFilterChain.doFilter(ApplicationFilterChain.java:166)
	at org.springframework.web.filter.RequestContextFilter.doFilterInternal(RequestContextFilter.java:99)
	at org.springframework.web.filter.OncePerRequestFilter.doFilter(OncePerRequestFilter.java:107)
	at org.apache.catalina.core.ApplicationFilterChain.internalDoFilter(ApplicationFilterChain.java:193)
	at org.apache.catalina.core.ApplicationFilterChain.doFilter(ApplicationFilterChain.java:166)
	at org.springframework.web.filter.HiddenHttpMethodFilter.doFilterInternal(HiddenHttpMethodFilter.java:93)
	at org.springframework.web.filter.OncePerRequestFilter.doFilter(OncePerRequestFilter.java:107)
	at org.apache.catalina.core.ApplicationFilterChain.internalDoFilter(ApplicationFilterChain.java:193)
	at org.apache.catalina.core.ApplicationFilterChain.doFilter(ApplicationFilterChain.java:166)
	at org.springframework.web.filter.CharacterEncodingFilter.doFilterInternal(CharacterEncodingFilter.java:200)
	at org.springframework.web.filter.OncePerRequestFilter.doFilter(OncePerRequestFilter.java:107)
	at org.apache.catalina.core.ApplicationFilterChain.internalDoFilter(ApplicationFilterChain.java:193)
	at org.apache.catalina.core.ApplicationFilterChain.doFilter(ApplicationFilterChain.java:166)
	at org.apache.catalina.core.StandardWrapperValve.invoke(StandardWrapperValve.java:198)
	at org.apache.catalina.core.StandardContextValve.invoke(StandardContextValve.java:96)
	at org.apache.catalina.authenticator.AuthenticatorBase.invoke(AuthenticatorBase.java:493)
	at org.apache.catalina.core.StandardHostValve.invoke(StandardHostValve.java:140)
	at org.apache.catalina.valves.ErrorReportValve.invoke(ErrorReportValve.java:81)
	at org.apache.catalina.core.StandardEngineValve.invoke(StandardEngineValve.java:87)
	at org.apache.catalina.connector.CoyoteAdapter.service(CoyoteAdapter.java:342)
	at org.apache.coyote.http11.Http11Processor.service(Http11Processor.java:800)
	at org.apache.coyote.AbstractProcessorLight.process(AbstractProcessorLight.java:66)
	at org.apache.coyote.AbstractProtocol$ConnectionHandler.process(AbstractProtocol.java:800)
	at org.apache.tomcat.util.net.NioEndpoint$SocketProcessor.doRun(NioEndpoint.java:1471)
	at org.apache.tomcat.util.net.SocketProcessorBase.run(SocketProcessorBase.java:49)
	at java.util.concurrent.ThreadPoolExecutor.runWorker(ThreadPoolExecutor.java:1149)
	at java.util.concurrent.ThreadPoolExecutor$Worker.run(ThreadPoolExecutor.java:624)
	at org.apache.tomcat.util.threads.TaskThread$WrappingRunnable.run(TaskThread.java:61)
	at java.lang.Thread.run(Thread.java:748)
- | [] | [20180904 14:21:19.164] | [ERROR] | [DESKTOP-RR6N2CI] | [schedulerFactoryBean_Worker-10] | [c.alibaba.druid.pool.DruidDataSource] | --> discard connection|
com.mysql.jdbc.exceptions.jdbc4.CommunicationsException: Communications link failure

The last packet successfully received from the server was 79,129 milliseconds ago.  The last packet sent successfully to the server was 19,144 milliseconds ago.
	at sun.reflect.NativeConstructorAccessorImpl.newInstance0(Native Method)
	at sun.reflect.NativeConstructorAccessorImpl.newInstance(NativeConstructorAccessorImpl.java:62)
	at sun.reflect.DelegatingConstructorAccessorImpl.newInstance(DelegatingConstructorAccessorImpl.java:45)
	at java.lang.reflect.Constructor.newInstance(Constructor.java:423)
	at com.mysql.jdbc.Util.handleNewInstance(Util.java:425)
	at com.mysql.jdbc.SQLError.createCommunicationsException(SQLError.java:990)
	at com.mysql.jdbc.MysqlIO.reuseAndReadPacket(MysqlIO.java:3562)
	at com.mysql.jdbc.MysqlIO.reuseAndReadPacket(MysqlIO.java:3462)
	at com.mysql.jdbc.MysqlIO.checkErrorPacket(MysqlIO.java:3903)
	at com.mysql.jdbc.MysqlIO.sendCommand(MysqlIO.java:2530)
	at com.mysql.jdbc.MysqlIO.sqlQueryDirect(MysqlIO.java:2683)
	at com.mysql.jdbc.ConnectionImpl.execSQL(ConnectionImpl.java:2486)
	at com.mysql.jdbc.PreparedStatement.executeInternal(PreparedStatement.java:1858)
	at com.mysql.jdbc.PreparedStatement.execute(PreparedStatement.java:1197)
	at com.alibaba.druid.pool.DruidPooledPreparedStatement.execute(DruidPooledPreparedStatement.java:493)
	at org.apache.ibatis.executor.statement.PreparedStatementHandler.query(PreparedStatementHandler.java:63)
	at org.apache.ibatis.executor.statement.RoutingStatementHandler.query(RoutingStatementHandler.java:79)
	at org.apache.ibatis.executor.SimpleExecutor.doQuery(SimpleExecutor.java:63)
	at org.apache.ibatis.executor.BaseExecutor.queryFromDatabase(BaseExecutor.java:326)
	at org.apache.ibatis.executor.BaseExecutor.query(BaseExecutor.java:156)
	at org.apache.ibatis.executor.CachingExecutor.query(CachingExecutor.java:109)
	at com.github.pagehelper.PageInterceptor.intercept(PageInterceptor.java:143)
	at org.apache.ibatis.plugin.Plugin.invoke(Plugin.java:61)
	at com.sun.proxy.$Proxy122.query(Unknown Source)
	at org.apache.ibatis.session.defaults.DefaultSqlSession.selectList(DefaultSqlSession.java:148)
	at org.apache.ibatis.session.defaults.DefaultSqlSession.selectList(DefaultSqlSession.java:141)
	at sun.reflect.GeneratedMethodAccessor94.invoke(Unknown Source)
	at sun.reflect.DelegatingMethodAccessorImpl.invoke(DelegatingMethodAccessorImpl.java:43)
	at java.lang.reflect.Method.invoke(Method.java:498)
	at org.mybatis.spring.SqlSessionTemplate$SqlSessionInterceptor.invoke(SqlSessionTemplate.java:433)
	at com.sun.proxy.$Proxy79.selectList(Unknown Source)
	at org.mybatis.spring.SqlSessionTemplate.selectList(SqlSessionTemplate.java:230)
	at org.apache.ibatis.binding.MapperMethod.executeForMany(MapperMethod.java:139)
	at org.apache.ibatis.binding.MapperMethod.execute(MapperMethod.java:76)
	at org.apache.ibatis.binding.MapperProxy.invoke(MapperProxy.java:59)
	at com.sun.proxy.$Proxy88.listUnsendMessage(Unknown Source)
	at com.millionaire.millionairemanagerservice.service.impl.MessagePlatformServiceImpl.listUnsendMessage(MessagePlatformServiceImpl.java:69)
	at com.millionaire.millionairequartzmanager.lkjob.job.MessageSendJob.sendMessage(MessageSendJob.java:36)
	at sun.reflect.GeneratedMethodAccessor93.invoke(Unknown Source)
	at sun.reflect.DelegatingMethodAccessorImpl.invoke(DelegatingMethodAccessorImpl.java:43)
	at java.lang.reflect.Method.invoke(Method.java:498)
	at org.springframework.util.MethodInvoker.invoke(MethodInvoker.java:280)
	at org.springframework.scheduling.quartz.MethodInvokingJobDetailFactoryBean$MethodInvokingJob.executeInternal(MethodInvokingJobDetailFactoryBean.java:267)
	at org.springframework.scheduling.quartz.QuartzJobBean.execute(QuartzJobBean.java:75)
	at org.quartz.core.JobRunShell.run(JobRunShell.java:202)
	at org.quartz.simpl.SimpleThreadPool$WorkerThread.run(SimpleThreadPool.java:573)
Caused by: java.net.SocketTimeoutException: Read timed out
	at java.net.SocketInputStream.socketRead0(Native Method)
	at java.net.SocketInputStream.socketRead(SocketInputStream.java:116)
	at java.net.SocketInputStream.read(SocketInputStream.java:171)
	at java.net.SocketInputStream.read(SocketInputStream.java:141)
	at com.mysql.jdbc.util.ReadAheadInputStream.fill(ReadAheadInputStream.java:101)
	at com.mysql.jdbc.util.ReadAheadInputStream.readFromUnderlyingStreamIfNecessary(ReadAheadInputStream.java:144)
	at com.mysql.jdbc.util.ReadAheadInputStream.read(ReadAheadInputStream.java:174)
	at com.mysql.jdbc.MysqlIO.readFully(MysqlIO.java:3011)
	at com.mysql.jdbc.MysqlIO.reuseAndReadPacket(MysqlIO.java:3472)
	... 39 common frames omitted
- | [] | [20180904 14:21:19.632] | [ERROR] | [DESKTOP-RR6N2CI] | [schedulerFactoryBean_Worker-10] | [org.quartz.core.JobRunShell] | --> Job DEFAULT.messageSendJobDetail threw an unhandled Exception: |
org.springframework.scheduling.quartz.JobMethodInvocationFailedException: Invocation of method 'sendMessage' on target class [class com.millionaire.millionairequartzmanager.lkjob.job.MessageSendJob$$EnhancerBySpringCGLIB$$40b88314] failed; nested exception is org.springframework.dao.RecoverableDataAccessException: 
### Error querying database.  Cause: com.mysql.jdbc.exceptions.jdbc4.CommunicationsException: Communications link failure

The last packet successfully received from the server was 79,129 milliseconds ago.  The last packet sent successfully to the server was 19,144 milliseconds ago.
### The error may exist in file [C:\Users\Liu Kai\Desktop\复盘项目-聚金融\new\millionaire-club\millionaire-server-web\target\classes\mapper\MessagePlatformMapper.xml]
### The error may involve defaultParameterMap
### The error occurred while setting parameters
### SQL: select               id, title, sending_crowd, brief, content, type, timing_time, status, editors, gmt_create,      gmt_update             from message_platform         where status = 20
### Cause: com.mysql.jdbc.exceptions.jdbc4.CommunicationsException: Communications link failure

The last packet successfully received from the server was 79,129 milliseconds ago.  The last packet sent successfully to the server was 19,144 milliseconds ago.
; ]; Communications link failure

The last packet successfully received from the server was 79,129 milliseconds ago.  The last packet sent successfully to the server was 19,144 milliseconds ago.; nested exception is com.mysql.jdbc.exceptions.jdbc4.CommunicationsException: Communications link failure

The last packet successfully received from the server was 79,129 milliseconds ago.  The last packet sent successfully to the server was 19,144 milliseconds ago.
	at org.springframework.scheduling.quartz.MethodInvokingJobDetailFactoryBean$MethodInvokingJob.executeInternal(MethodInvokingJobDetailFactoryBean.java:276)
	at org.springframework.scheduling.quartz.QuartzJobBean.execute(QuartzJobBean.java:75)
	at org.quartz.core.JobRunShell.run(JobRunShell.java:202)
	at org.quartz.simpl.SimpleThreadPool$WorkerThread.run(SimpleThreadPool.java:573)
Caused by: org.springframework.dao.RecoverableDataAccessException: 
### Error querying database.  Cause: com.mysql.jdbc.exceptions.jdbc4.CommunicationsException: Communications link failure

The last packet successfully received from the server was 79,129 milliseconds ago.  The last packet sent successfully to the server was 19,144 milliseconds ago.
### The error may exist in file [C:\Users\Liu Kai\Desktop\复盘项目-聚金融\new\millionaire-club\millionaire-server-web\target\classes\mapper\MessagePlatformMapper.xml]
### The error may involve defaultParameterMap
### The error occurred while setting parameters
### SQL: select               id, title, sending_crowd, brief, content, type, timing_time, status, editors, gmt_create,      gmt_update             from message_platform         where status = 20
### Cause: com.mysql.jdbc.exceptions.jdbc4.CommunicationsException: Communications link failure

The last packet successfully received from the server was 79,129 milliseconds ago.  The last packet sent successfully to the server was 19,144 milliseconds ago.
; ]; Communications link failure

The last packet successfully received from the server was 79,129 milliseconds ago.  The last packet sent successfully to the server was 19,144 milliseconds ago.; nested exception is com.mysql.jdbc.exceptions.jdbc4.CommunicationsException: Communications link failure

The last packet successfully received from the server was 79,129 milliseconds ago.  The last packet sent successfully to the server was 19,144 milliseconds ago.
	at org.springframework.jdbc.support.SQLExceptionSubclassTranslator.doTranslate(SQLExceptionSubclassTranslator.java:100)
	at org.springframework.jdbc.support.AbstractFallbackSQLExceptionTranslator.translate(AbstractFallbackSQLExceptionTranslator.java:72)
	at org.springframework.jdbc.support.AbstractFallbackSQLExceptionTranslator.translate(AbstractFallbackSQLExceptionTranslator.java:81)
	at org.mybatis.spring.MyBatisExceptionTranslator.translateExceptionIfPossible(MyBatisExceptionTranslator.java:73)
	at org.mybatis.spring.SqlSessionTemplate$SqlSessionInterceptor.invoke(SqlSessionTemplate.java:446)
	at com.sun.proxy.$Proxy79.selectList(Unknown Source)
	at org.mybatis.spring.SqlSessionTemplate.selectList(SqlSessionTemplate.java:230)
	at org.apache.ibatis.binding.MapperMethod.executeForMany(MapperMethod.java:139)
	at org.apache.ibatis.binding.MapperMethod.execute(MapperMethod.java:76)
	at org.apache.ibatis.binding.MapperProxy.invoke(MapperProxy.java:59)
	at com.sun.proxy.$Proxy88.listUnsendMessage(Unknown Source)
	at com.millionaire.millionairemanagerservice.service.impl.MessagePlatformServiceImpl.listUnsendMessage(MessagePlatformServiceImpl.java:69)
	at com.millionaire.millionairequartzmanager.lkjob.job.MessageSendJob.sendMessage(MessageSendJob.java:36)
	at sun.reflect.GeneratedMethodAccessor93.invoke(Unknown Source)
	at sun.reflect.DelegatingMethodAccessorImpl.invoke(DelegatingMethodAccessorImpl.java:43)
	at java.lang.reflect.Method.invoke(Method.java:498)
	at org.springframework.util.MethodInvoker.invoke(MethodInvoker.java:280)
	at org.springframework.scheduling.quartz.MethodInvokingJobDetailFactoryBean$MethodInvokingJob.executeInternal(MethodInvokingJobDetailFactoryBean.java:267)
	... 3 common frames omitted
Caused by: com.mysql.jdbc.exceptions.jdbc4.CommunicationsException: Communications link failure

The last packet successfully received from the server was 79,129 milliseconds ago.  The last packet sent successfully to the server was 19,144 milliseconds ago.
	at sun.reflect.NativeConstructorAccessorImpl.newInstance0(Native Method)
	at sun.reflect.NativeConstructorAccessorImpl.newInstance(NativeConstructorAccessorImpl.java:62)
	at sun.reflect.DelegatingConstructorAccessorImpl.newInstance(DelegatingConstructorAccessorImpl.java:45)
	at java.lang.reflect.Constructor.newInstance(Constructor.java:423)
	at com.mysql.jdbc.Util.handleNewInstance(Util.java:425)
	at com.mysql.jdbc.SQLError.createCommunicationsException(SQLError.java:990)
	at com.mysql.jdbc.MysqlIO.reuseAndReadPacket(MysqlIO.java:3562)
	at com.mysql.jdbc.MysqlIO.reuseAndReadPacket(MysqlIO.java:3462)
	at com.mysql.jdbc.MysqlIO.checkErrorPacket(MysqlIO.java:3903)
	at com.mysql.jdbc.MysqlIO.sendCommand(MysqlIO.java:2530)
	at com.mysql.jdbc.MysqlIO.sqlQueryDirect(MysqlIO.java:2683)
	at com.mysql.jdbc.ConnectionImpl.execSQL(ConnectionImpl.java:2486)
	at com.mysql.jdbc.PreparedStatement.executeInternal(PreparedStatement.java:1858)
	at com.mysql.jdbc.PreparedStatement.execute(PreparedStatement.java:1197)
	at com.alibaba.druid.pool.DruidPooledPreparedStatement.execute(DruidPooledPreparedStatement.java:493)
	at org.apache.ibatis.executor.statement.PreparedStatementHandler.query(PreparedStatementHandler.java:63)
	at org.apache.ibatis.executor.statement.RoutingStatementHandler.query(RoutingStatementHandler.java:79)
	at org.apache.ibatis.executor.SimpleExecutor.doQuery(SimpleExecutor.java:63)
	at org.apache.ibatis.executor.BaseExecutor.queryFromDatabase(BaseExecutor.java:326)
	at org.apache.ibatis.executor.BaseExecutor.query(BaseExecutor.java:156)
	at org.apache.ibatis.executor.CachingExecutor.query(CachingExecutor.java:109)
	at com.github.pagehelper.PageInterceptor.intercept(PageInterceptor.java:143)
	at org.apache.ibatis.plugin.Plugin.invoke(Plugin.java:61)
	at com.sun.proxy.$Proxy122.query(Unknown Source)
	at org.apache.ibatis.session.defaults.DefaultSqlSession.selectList(DefaultSqlSession.java:148)
	at org.apache.ibatis.session.defaults.DefaultSqlSession.selectList(DefaultSqlSession.java:141)
	at sun.reflect.GeneratedMethodAccessor94.invoke(Unknown Source)
	at sun.reflect.DelegatingMethodAccessorImpl.invoke(DelegatingMethodAccessorImpl.java:43)
	at java.lang.reflect.Method.invoke(Method.java:498)
	at org.mybatis.spring.SqlSessionTemplate$SqlSessionInterceptor.invoke(SqlSessionTemplate.java:433)
	... 16 common frames omitted
Caused by: java.net.SocketTimeoutException: Read timed out
	at java.net.SocketInputStream.socketRead0(Native Method)
	at java.net.SocketInputStream.socketRead(SocketInputStream.java:116)
	at java.net.SocketInputStream.read(SocketInputStream.java:171)
	at java.net.SocketInputStream.read(SocketInputStream.java:141)
	at com.mysql.jdbc.util.ReadAheadInputStream.fill(ReadAheadInputStream.java:101)
	at com.mysql.jdbc.util.ReadAheadInputStream.readFromUnderlyingStreamIfNecessary(ReadAheadInputStream.java:144)
	at com.mysql.jdbc.util.ReadAheadInputStream.read(ReadAheadInputStream.java:174)
	at com.mysql.jdbc.MysqlIO.readFully(MysqlIO.java:3011)
	at com.mysql.jdbc.MysqlIO.reuseAndReadPacket(MysqlIO.java:3472)
	... 39 common frames omitted
- | [] | [20180904 14:21:19.639] | [ERROR] | [DESKTOP-RR6N2CI] | [schedulerFactoryBean_Worker-10] | [org.quartz.core.ErrorLogger] | --> Job (DEFAULT.messageSendJobDetail threw an exception.|
org.quartz.SchedulerException: Job threw an unhandled exception.
	at org.quartz.core.JobRunShell.run(JobRunShell.java:213)
	at org.quartz.simpl.SimpleThreadPool$WorkerThread.run(SimpleThreadPool.java:573)
Caused by: org.springframework.scheduling.quartz.JobMethodInvocationFailedException: Invocation of method 'sendMessage' on target class [class com.millionaire.millionairequartzmanager.lkjob.job.MessageSendJob$$EnhancerBySpringCGLIB$$40b88314] failed; nested exception is org.springframework.dao.RecoverableDataAccessException: 
### Error querying database.  Cause: com.mysql.jdbc.exceptions.jdbc4.CommunicationsException: Communications link failure

The last packet successfully received from the server was 79,129 milliseconds ago.  The last packet sent successfully to the server was 19,144 milliseconds ago.
### The error may exist in file [C:\Users\Liu Kai\Desktop\复盘项目-聚金融\new\millionaire-club\millionaire-server-web\target\classes\mapper\MessagePlatformMapper.xml]
### The error may involve defaultParameterMap
### The error occurred while setting parameters
### SQL: select               id, title, sending_crowd, brief, content, type, timing_time, status, editors, gmt_create,      gmt_update             from message_platform         where status = 20
### Cause: com.mysql.jdbc.exceptions.jdbc4.CommunicationsException: Communications link failure

The last packet successfully received from the server was 79,129 milliseconds ago.  The last packet sent successfully to the server was 19,144 milliseconds ago.
; ]; Communications link failure

The last packet successfully received from the server was 79,129 milliseconds ago.  The last packet sent successfully to the server was 19,144 milliseconds ago.; nested exception is com.mysql.jdbc.exceptions.jdbc4.CommunicationsException: Communications link failure

The last packet successfully received from the server was 79,129 milliseconds ago.  The last packet sent successfully to the server was 19,144 milliseconds ago.
	at org.springframework.scheduling.quartz.MethodInvokingJobDetailFactoryBean$MethodInvokingJob.executeInternal(MethodInvokingJobDetailFactoryBean.java:276)
	at org.springframework.scheduling.quartz.QuartzJobBean.execute(QuartzJobBean.java:75)
	at org.quartz.core.JobRunShell.run(JobRunShell.java:202)
	... 1 common frames omitted
Caused by: org.springframework.dao.RecoverableDataAccessException: 
### Error querying database.  Cause: com.mysql.jdbc.exceptions.jdbc4.CommunicationsException: Communications link failure

The last packet successfully received from the server was 79,129 milliseconds ago.  The last packet sent successfully to the server was 19,144 milliseconds ago.
### The error may exist in file [C:\Users\Liu Kai\Desktop\复盘项目-聚金融\new\millionaire-club\millionaire-server-web\target\classes\mapper\MessagePlatformMapper.xml]
### The error may involve defaultParameterMap
### The error occurred while setting parameters
### SQL: select               id, title, sending_crowd, brief, content, type, timing_time, status, editors, gmt_create,      gmt_update             from message_platform         where status = 20
### Cause: com.mysql.jdbc.exceptions.jdbc4.CommunicationsException: Communications link failure

The last packet successfully received from the server was 79,129 milliseconds ago.  The last packet sent successfully to the server was 19,144 milliseconds ago.
; ]; Communications link failure

The last packet successfully received from the server was 79,129 milliseconds ago.  The last packet sent successfully to the server was 19,144 milliseconds ago.; nested exception is com.mysql.jdbc.exceptions.jdbc4.CommunicationsException: Communications link failure

The last packet successfully received from the server was 79,129 milliseconds ago.  The last packet sent successfully to the server was 19,144 milliseconds ago.
	at org.springframework.jdbc.support.SQLExceptionSubclassTranslator.doTranslate(SQLExceptionSubclassTranslator.java:100)
	at org.springframework.jdbc.support.AbstractFallbackSQLExceptionTranslator.translate(AbstractFallbackSQLExceptionTranslator.java:72)
	at org.springframework.jdbc.support.AbstractFallbackSQLExceptionTranslator.translate(AbstractFallbackSQLExceptionTranslator.java:81)
	at org.mybatis.spring.MyBatisExceptionTranslator.translateExceptionIfPossible(MyBatisExceptionTranslator.java:73)
	at org.mybatis.spring.SqlSessionTemplate$SqlSessionInterceptor.invoke(SqlSessionTemplate.java:446)
	at com.sun.proxy.$Proxy79.selectList(Unknown Source)
	at org.mybatis.spring.SqlSessionTemplate.selectList(SqlSessionTemplate.java:230)
	at org.apache.ibatis.binding.MapperMethod.executeForMany(MapperMethod.java:139)
	at org.apache.ibatis.binding.MapperMethod.execute(MapperMethod.java:76)
	at org.apache.ibatis.binding.MapperProxy.invoke(MapperProxy.java:59)
	at com.sun.proxy.$Proxy88.listUnsendMessage(Unknown Source)
	at com.millionaire.millionairemanagerservice.service.impl.MessagePlatformServiceImpl.listUnsendMessage(MessagePlatformServiceImpl.java:69)
	at com.millionaire.millionairequartzmanager.lkjob.job.MessageSendJob.sendMessage(MessageSendJob.java:36)
	at sun.reflect.GeneratedMethodAccessor93.invoke(Unknown Source)
	at sun.reflect.DelegatingMethodAccessorImpl.invoke(DelegatingMethodAccessorImpl.java:43)
	at java.lang.reflect.Method.invoke(Method.java:498)
	at org.springframework.util.MethodInvoker.invoke(MethodInvoker.java:280)
	at org.springframework.scheduling.quartz.MethodInvokingJobDetailFactoryBean$MethodInvokingJob.executeInternal(MethodInvokingJobDetailFactoryBean.java:267)
	... 3 common frames omitted
Caused by: com.mysql.jdbc.exceptions.jdbc4.CommunicationsException: Communications link failure

The last packet successfully received from the server was 79,129 milliseconds ago.  The last packet sent successfully to the server was 19,144 milliseconds ago.
	at sun.reflect.NativeConstructorAccessorImpl.newInstance0(Native Method)
	at sun.reflect.NativeConstructorAccessorImpl.newInstance(NativeConstructorAccessorImpl.java:62)
	at sun.reflect.DelegatingConstructorAccessorImpl.newInstance(DelegatingConstructorAccessorImpl.java:45)
	at java.lang.reflect.Constructor.newInstance(Constructor.java:423)
	at com.mysql.jdbc.Util.handleNewInstance(Util.java:425)
	at com.mysql.jdbc.SQLError.createCommunicationsException(SQLError.java:990)
	at com.mysql.jdbc.MysqlIO.reuseAndReadPacket(MysqlIO.java:3562)
	at com.mysql.jdbc.MysqlIO.reuseAndReadPacket(MysqlIO.java:3462)
	at com.mysql.jdbc.MysqlIO.checkErrorPacket(MysqlIO.java:3903)
	at com.mysql.jdbc.MysqlIO.sendCommand(MysqlIO.java:2530)
	at com.mysql.jdbc.MysqlIO.sqlQueryDirect(MysqlIO.java:2683)
	at com.mysql.jdbc.ConnectionImpl.execSQL(ConnectionImpl.java:2486)
	at com.mysql.jdbc.PreparedStatement.executeInternal(PreparedStatement.java:1858)
	at com.mysql.jdbc.PreparedStatement.execute(PreparedStatement.java:1197)
	at com.alibaba.druid.pool.DruidPooledPreparedStatement.execute(DruidPooledPreparedStatement.java:493)
	at org.apache.ibatis.executor.statement.PreparedStatementHandler.query(PreparedStatementHandler.java:63)
	at org.apache.ibatis.executor.statement.RoutingStatementHandler.query(RoutingStatementHandler.java:79)
	at org.apache.ibatis.executor.SimpleExecutor.doQuery(SimpleExecutor.java:63)
	at org.apache.ibatis.executor.BaseExecutor.queryFromDatabase(BaseExecutor.java:326)
	at org.apache.ibatis.executor.BaseExecutor.query(BaseExecutor.java:156)
	at org.apache.ibatis.executor.CachingExecutor.query(CachingExecutor.java:109)
	at com.github.pagehelper.PageInterceptor.intercept(PageInterceptor.java:143)
	at org.apache.ibatis.plugin.Plugin.invoke(Plugin.java:61)
	at com.sun.proxy.$Proxy122.query(Unknown Source)
	at org.apache.ibatis.session.defaults.DefaultSqlSession.selectList(DefaultSqlSession.java:148)
	at org.apache.ibatis.session.defaults.DefaultSqlSession.selectList(DefaultSqlSession.java:141)
	at sun.reflect.GeneratedMethodAccessor94.invoke(Unknown Source)
	at sun.reflect.DelegatingMethodAccessorImpl.invoke(DelegatingMethodAccessorImpl.java:43)
	at java.lang.reflect.Method.invoke(Method.java:498)
	at org.mybatis.spring.SqlSessionTemplate$SqlSessionInterceptor.invoke(SqlSessionTemplate.java:433)
	... 16 common frames omitted
Caused by: java.net.SocketTimeoutException: Read timed out
	at java.net.SocketInputStream.socketRead0(Native Method)
	at java.net.SocketInputStream.socketRead(SocketInputStream.java:116)
	at java.net.SocketInputStream.read(SocketInputStream.java:171)
	at java.net.SocketInputStream.read(SocketInputStream.java:141)
	at com.mysql.jdbc.util.ReadAheadInputStream.fill(ReadAheadInputStream.java:101)
	at com.mysql.jdbc.util.ReadAheadInputStream.readFromUnderlyingStreamIfNecessary(ReadAheadInputStream.java:144)
	at com.mysql.jdbc.util.ReadAheadInputStream.read(ReadAheadInputStream.java:174)
	at com.mysql.jdbc.MysqlIO.readFully(MysqlIO.java:3011)
	at com.mysql.jdbc.MysqlIO.reuseAndReadPacket(MysqlIO.java:3472)
	... 39 common frames omitted
