- | [] | [20180911 09:20:47.247] | [INFO] | [DESKTOP-RR6N2CI] | [main] | [c.m.m.controller.BankControllerTest] | --> Starting BankControllerTest on DESKTOP-RR6N2CI with PID 10700 (started by Liu Kai in C:\Users\Liu Kai\Desktop\复盘项目-聚金融\new\millionaire-club\millionaire-server-web)|
- | [] | [20180911 09:20:47.264] | [INFO] | [DESKTOP-RR6N2CI] | [main] | [c.m.m.controller.BankControllerTest] | --> No active profile set, falling back to default profiles: default|
- | [] | [20180911 09:20:47.338] | [INFO] | [DESKTOP-RR6N2CI] | [main] | [o.s.w.c.s.GenericWebApplicationContext] | --> Refreshing org.springframework.web.context.support.GenericWebApplicationContext@24959ca4: startup date [Tue Sep 11 09:20:47 CST 2018]; root of context hierarchy|
- | [] | [20180911 09:20:50.548] | [INFO] | [DESKTOP-RR6N2CI] | [main] | [o.s.d.r.c.RepositoryConfigurationDelegate] | --> Multiple Spring Data modules found, entering strict repository configuration mode!|
- | [] | [20180911 09:20:51.902] | [INFO] | [DESKTOP-RR6N2CI] | [main] | [o.s.c.s.PostProcessorRegistrationDelegate$BeanPostProcessorChecker] | --> Bean 'org.springframework.transaction.annotation.ProxyTransactionManagementConfiguration' of type [org.springframework.transaction.annotation.ProxyTransactionManagementConfiguration$$EnhancerBySpringCGLIB$$6bdb9d37] is not eligible for getting processed by all BeanPostProcessors (for example: not eligible for auto-proxying)|
- | [] | [20180911 09:20:55.843] | [INFO] | [DESKTOP-RR6N2CI] | [main] | [c.alibaba.druid.pool.DruidDataSource] | --> {dataSource-1} inited|
- | [] | [20180911 09:20:56.598] | [INFO] | [DESKTOP-RR6N2CI] | [main] | [org.quartz.impl.StdSchedulerFactory] | --> Using default implementation for ThreadExecutor|
- | [] | [20180911 09:20:56.719] | [INFO] | [DESKTOP-RR6N2CI] | [main] | [o.quartz.core.SchedulerSignalerImpl] | --> Initialized Scheduler Signaller of type: class org.quartz.core.SchedulerSignalerImpl|
- | [] | [20180911 09:20:56.724] | [INFO] | [DESKTOP-RR6N2CI] | [main] | [org.quartz.core.QuartzScheduler] | --> Quartz Scheduler v.2.3.0 created.|
- | [] | [20180911 09:20:56.737] | [INFO] | [DESKTOP-RR6N2CI] | [main] | [org.quartz.simpl.RAMJobStore] | --> RAMJobStore initialized.|
- | [] | [20180911 09:20:56.739] | [INFO] | [DESKTOP-RR6N2CI] | [main] | [org.quartz.core.QuartzScheduler] | --> Scheduler meta-data: Quartz Scheduler (v2.3.0) 'schedulerFactoryBean' with instanceId 'NON_CLUSTERED'
  Scheduler class: 'org.quartz.core.QuartzScheduler' - running locally.
  NOT STARTED.
  Currently in standby mode.
  Number of jobs executed: 0
  Using thread pool 'org.quartz.simpl.SimpleThreadPool' - with 10 threads.
  Using job-store 'org.quartz.simpl.RAMJobStore' - which does not support persistence. and is not clustered.
|
- | [] | [20180911 09:20:56.742] | [INFO] | [DESKTOP-RR6N2CI] | [main] | [org.quartz.impl.StdSchedulerFactory] | --> Quartz scheduler 'schedulerFactoryBean' initialized from an externally provided properties instance.|
- | [] | [20180911 09:20:56.742] | [INFO] | [DESKTOP-RR6N2CI] | [main] | [org.quartz.impl.StdSchedulerFactory] | --> Quartz scheduler version: 2.3.0|
- | [] | [20180911 09:20:56.750] | [INFO] | [DESKTOP-RR6N2CI] | [main] | [org.quartz.core.QuartzScheduler] | --> JobFactory set to: org.springframework.scheduling.quartz.AdaptableJobFactory@3d1f558a|
- | [] | [20180911 09:20:57.493] | [INFO] | [DESKTOP-RR6N2CI] | [main] | [o.s.w.s.h.SimpleUrlHandlerMapping] | --> Mapped URL path [/**/favicon.ico] onto handler of type [class org.springframework.web.servlet.resource.ResourceHttpRequestHandler]|
- | [] | [20180911 09:20:58.609] | [INFO] | [DESKTOP-RR6N2CI] | [main] | [o.s.w.s.m.m.a.RequestMappingHandlerAdapter] | --> Looking for @ControllerAdvice: org.springframework.web.context.support.GenericWebApplicationContext@24959ca4: startup date [Tue Sep 11 09:20:47 CST 2018]; root of context hierarchy|
- | [] | [20180911 09:20:58.793] | [INFO] | [DESKTOP-RR6N2CI] | [main] | [o.s.w.s.m.m.a.RequestMappingHandlerMapping] | --> Mapped "{[/a/upload-picture],methods=[POST]}" onto public java.lang.String com.millionaire.millionaireserverweb.controller.AliyunAPIController.test(org.springframework.web.multipart.MultipartFile) throws java.io.IOException,com.millionaire.millionairecommonapi.excepion.AliyunAPIException|
- | [] | [20180911 09:20:58.796] | [INFO] | [DESKTOP-RR6N2CI] | [main] | [o.s.w.s.m.m.a.RequestMappingHandlerMapping] | --> Mapped "{[/a/ID-card-upload],methods=[POST]}" onto public java.lang.String com.millionaire.millionaireserverweb.controller.AliyunAPIController.testID(org.springframework.web.multipart.MultipartFile) throws java.io.IOException,com.millionaire.millionairecommonapi.excepion.AliyunAPIException|
- | [] | [20180911 09:20:58.804] | [INFO] | [DESKTOP-RR6N2CI] | [main] | [o.s.w.s.m.m.a.RequestMappingHandlerMapping] | --> Mapped "{[/a/bank],methods=[POST]}" onto public com.millionaire.millionaireserverweb.result.ResultBean com.millionaire.millionaireserverweb.controller.BankController.insertBank(com.millionaire.millionairemanagerservice.module.Bank)|
- | [] | [20180911 09:20:58.807] | [INFO] | [DESKTOP-RR6N2CI] | [main] | [o.s.w.s.m.m.a.RequestMappingHandlerMapping] | --> Mapped "{[/a/list/bank],methods=[GET]}" onto public com.millionaire.millionaireserverweb.result.ResultBean com.millionaire.millionaireserverweb.controller.BankController.selectBankByPage(java.lang.Integer,java.lang.Integer,com.millionaire.millionairemanagerservice.request.BankQuery)|
- | [] | [20180911 09:20:58.808] | [INFO] | [DESKTOP-RR6N2CI] | [main] | [o.s.w.s.m.m.a.RequestMappingHandlerMapping] | --> Mapped "{[/a/bank/{bankId}],methods=[PUT]}" onto public com.millionaire.millionaireserverweb.result.ResultBean com.millionaire.millionaireserverweb.controller.BankController.updateBank(java.lang.Long,com.alibaba.fastjson.JSONObject)|
- | [] | [20180911 09:20:58.810] | [INFO] | [DESKTOP-RR6N2CI] | [main] | [o.s.w.s.m.m.a.RequestMappingHandlerMapping] | --> Mapped "{[/a/bank/{bankId}],methods=[GET]}" onto public com.millionaire.millionaireserverweb.result.ResultBean com.millionaire.millionaireserverweb.controller.BankController.selectBank(long)|
- | [] | [20180911 09:20:58.813] | [INFO] | [DESKTOP-RR6N2CI] | [main] | [o.s.w.s.m.m.a.RequestMappingHandlerMapping] | --> Mapped "{[/a/claim-info],methods=[POST]}" onto public com.millionaire.millionaireserverweb.result.ResultBean com.millionaire.millionaireserverweb.controller.ClaimInfoController.insertClaimInfo(com.millionaire.millionairebusinessservice.module.ClaimInfo)|
- | [] | [20180911 09:20:58.813] | [INFO] | [DESKTOP-RR6N2CI] | [main] | [o.s.w.s.m.m.a.RequestMappingHandlerMapping] | --> Mapped "{[/a/claim-info/{claimId}],methods=[GET]}" onto public com.millionaire.millionaireserverweb.result.ResultBean com.millionaire.millionaireserverweb.controller.ClaimInfoController.selectClaimInfo(java.lang.Long)|
- | [] | [20180911 09:20:58.814] | [INFO] | [DESKTOP-RR6N2CI] | [main] | [o.s.w.s.m.m.a.RequestMappingHandlerMapping] | --> Mapped "{[/a/list/claim-info],methods=[GET]}" onto public com.millionaire.millionaireserverweb.result.ResultBean com.millionaire.millionaireserverweb.controller.ClaimInfoController.selectClaimByPage(java.lang.Integer,java.lang.Integer,com.millionaire.millionairebusinessservice.request.ClaimInfoQuery)|
- | [] | [20180911 09:20:58.820] | [INFO] | [DESKTOP-RR6N2CI] | [main] | [o.s.w.s.m.m.a.RequestMappingHandlerMapping] | --> Mapped "{[/a/list/claim-match/{claimid}],methods=[GET]}" onto public com.millionaire.millionaireserverweb.result.ResultBean com.millionaire.millionaireserverweb.controller.ClaimMatchController.listClaimMatch(long,java.lang.Integer,java.lang.Integer,com.millionaire.millionairebusinessservice.request.ClaimMatchQuery)|
- | [] | [20180911 09:20:58.821] | [INFO] | [DESKTOP-RR6N2CI] | [main] | [o.s.w.s.m.m.a.RequestMappingHandlerMapping] | --> Mapped "{[/a/investment-credit],methods=[PUT]}" onto public com.millionaire.millionaireserverweb.result.ResultBean com.millionaire.millionaireserverweb.controller.ClaimMatchController.updateInvestmentCredit(com.alibaba.fastjson.JSONObject)|
- | [] | [20180911 09:20:58.821] | [INFO] | [DESKTOP-RR6N2CI] | [main] | [o.s.w.s.m.m.a.RequestMappingHandlerMapping] | --> Mapped "{[/a/list/investment-match-claim/{claimId}],methods=[GET]}" onto public com.millionaire.millionaireserverweb.result.ResultBean com.millionaire.millionaireserverweb.controller.ClaimMatchController.listRecommendedMatch(long)|
- | [] | [20180911 09:20:58.827] | [INFO] | [DESKTOP-RR6N2CI] | [main] | [o.s.w.s.m.m.a.RequestMappingHandlerMapping] | --> Mapped "{[/a/content-info/{contentId}],methods=[GET]}" onto public com.millionaire.millionaireserverweb.result.ResultBean com.millionaire.millionaireserverweb.controller.ContentController.getContent(java.lang.Long)|
- | [] | [20180911 09:20:58.828] | [INFO] | [DESKTOP-RR6N2CI] | [main] | [o.s.w.s.m.m.a.RequestMappingHandlerMapping] | --> Mapped "{[/a/content-status/{contentId}],methods=[PUT]}" onto public com.millionaire.millionaireserverweb.result.ResultBean com.millionaire.millionaireserverweb.controller.ContentController.updateStatus(java.lang.Long,com.alibaba.fastjson.JSONObject)|
- | [] | [20180911 09:20:58.829] | [INFO] | [DESKTOP-RR6N2CI] | [main] | [o.s.w.s.m.m.a.RequestMappingHandlerMapping] | --> Mapped "{[/a/content/{contentId}],methods=[PUT]}" onto public com.millionaire.millionaireserverweb.result.ResultBean com.millionaire.millionaireserverweb.controller.ContentController.updateContent(java.lang.Long,com.millionaire.millionairemanagerservice.module.Content)|
- | [] | [20180911 09:20:58.830] | [INFO] | [DESKTOP-RR6N2CI] | [main] | [o.s.w.s.m.m.a.RequestMappingHandlerMapping] | --> Mapped "{[/a/content/{contentId}],methods=[DELETE]}" onto public com.millionaire.millionaireserverweb.result.ResultBean com.millionaire.millionaireserverweb.controller.ContentController.deleteContent(long)|
- | [] | [20180911 09:20:58.830] | [INFO] | [DESKTOP-RR6N2CI] | [main] | [o.s.w.s.m.m.a.RequestMappingHandlerMapping] | --> Mapped "{[/a/content],methods=[POST]}" onto public com.millionaire.millionaireserverweb.result.ResultBean com.millionaire.millionaireserverweb.controller.ContentController.insertContent(com.millionaire.millionairemanagerservice.module.Content)|
- | [] | [20180911 09:20:58.833] | [INFO] | [DESKTOP-RR6N2CI] | [main] | [o.s.w.s.m.m.a.RequestMappingHandlerMapping] | --> Mapped "{[/a/list/content],methods=[GET]}" onto public com.millionaire.millionaireserverweb.result.ResultBean com.millionaire.millionaireserverweb.controller.ContentController.listContent(java.lang.Integer,java.lang.Integer,com.millionaire.millionairemanagerservice.request.ContentQuery)|
- | [] | [20180911 09:20:58.848] | [INFO] | [DESKTOP-RR6N2CI] | [main] | [o.s.w.s.m.m.a.RequestMappingHandlerMapping] | --> Mapped "{[/a/product-info/{productId}],methods=[GET]}" onto public com.millionaire.millionaireserverweb.result.ResultBean com.millionaire.millionaireserverweb.controller.InvestmentProductController.selectInvestmentProduct(java.lang.Long)|
- | [] | [20180911 09:20:58.848] | [INFO] | [DESKTOP-RR6N2CI] | [main] | [o.s.w.s.m.m.a.RequestMappingHandlerMapping] | --> Mapped "{[/a/product-info/{productId}],methods=[PUT]}" onto public com.millionaire.millionaireserverweb.result.ResultBean com.millionaire.millionaireserverweb.controller.InvestmentProductController.updateProductShelfCommendLimit(java.lang.Long,com.alibaba.fastjson.JSONObject)|
- | [] | [20180911 09:20:58.849] | [INFO] | [DESKTOP-RR6N2CI] | [main] | [o.s.w.s.m.m.a.RequestMappingHandlerMapping] | --> Mapped "{[/a/investment-product],methods=[POST]}" onto public com.millionaire.millionaireserverweb.result.ResultBean com.millionaire.millionaireserverweb.controller.InvestmentProductController.insertInvestmentProduct(com.millionaire.millionairebusinessservice.module.InvestmentProduct)|
- | [] | [20180911 09:20:58.850] | [INFO] | [DESKTOP-RR6N2CI] | [main] | [o.s.w.s.m.m.a.RequestMappingHandlerMapping] | --> Mapped "{[/a/product-shelf/{productId}],methods=[PUT]}" onto public com.millionaire.millionaireserverweb.result.ResultBean com.millionaire.millionaireserverweb.controller.InvestmentProductController.updateProductIsShelf(java.lang.Long,com.alibaba.fastjson.JSONObject)|
- | [] | [20180911 09:20:58.850] | [INFO] | [DESKTOP-RR6N2CI] | [main] | [o.s.w.s.m.m.a.RequestMappingHandlerMapping] | --> Mapped "{[/a/list/investment-product],methods=[GET]}" onto public com.millionaire.millionaireserverweb.result.ResultBean com.millionaire.millionaireserverweb.controller.InvestmentProductController.getListInvestmentProduct(java.lang.Integer,java.lang.Integer,com.millionaire.millionairebusinessservice.request.ProductQuery)|
- | [] | [20180911 09:20:58.852] | [INFO] | [DESKTOP-RR6N2CI] | [main] | [o.s.w.s.m.m.a.RequestMappingHandlerMapping] | --> Mapped "{[/a/message-platform/{platformId}],methods=[GET]}" onto public com.millionaire.millionaireserverweb.result.ResultBean com.millionaire.millionaireserverweb.controller.MessagePlatformController.selectMessage(java.lang.Long)|
- | [] | [20180911 09:20:58.853] | [INFO] | [DESKTOP-RR6N2CI] | [main] | [o.s.w.s.m.m.a.RequestMappingHandlerMapping] | --> Mapped "{[/a/message-platform-status/{platformId}],methods=[PUT]}" onto public com.millionaire.millionaireserverweb.result.ResultBean com.millionaire.millionaireserverweb.controller.MessagePlatformController.updateMessageStatus(java.lang.Long,com.alibaba.fastjson.JSONObject)|
- | [] | [20180911 09:20:58.853] | [INFO] | [DESKTOP-RR6N2CI] | [main] | [o.s.w.s.m.m.a.RequestMappingHandlerMapping] | --> Mapped "{[/a/message-platform],methods=[POST]}" onto public com.millionaire.millionaireserverweb.result.ResultBean com.millionaire.millionaireserverweb.controller.MessagePlatformController.insertMessagePlatform(com.millionaire.millionairemanagerservice.module.MessagePlatform)|
- | [] | [20180911 09:20:58.853] | [INFO] | [DESKTOP-RR6N2CI] | [main] | [o.s.w.s.m.m.a.RequestMappingHandlerMapping] | --> Mapped "{[/a/list/message-platform],methods=[GET]}" onto public com.millionaire.millionaireserverweb.result.ResultBean com.millionaire.millionaireserverweb.controller.MessagePlatformController.listMessagePlatform(java.lang.Integer,java.lang.Integer,com.millionaire.millionairemanagerservice.request.MessagePlatformQuery)|
- | [] | [20180911 09:20:58.854] | [INFO] | [DESKTOP-RR6N2CI] | [main] | [o.s.w.s.m.m.a.RequestMappingHandlerMapping] | --> Mapped "{[/a/message-platform/{platformId}],methods=[DELETE]}" onto public com.millionaire.millionaireserverweb.result.ResultBean com.millionaire.millionaireserverweb.controller.MessagePlatformController.deleteMessagePlatform(long)|
- | [] | [20180911 09:20:58.854] | [INFO] | [DESKTOP-RR6N2CI] | [main] | [o.s.w.s.m.m.a.RequestMappingHandlerMapping] | --> Mapped "{[/a/system-param],methods=[PUT]}" onto public com.millionaire.millionaireserverweb.result.ResultBean com.millionaire.millionaireserverweb.controller.ParameterSettingController.systemParamSetting(com.alibaba.fastjson.JSONObject)|
- | [] | [20180911 09:20:58.859] | [INFO] | [DESKTOP-RR6N2CI] | [main] | [o.s.w.s.m.m.a.RequestMappingHandlerMapping] | --> Mapped "{[/a/proposal/{proposalId}],methods=[GET]}" onto public com.millionaire.millionaireserverweb.result.ResultBean com.millionaire.millionaireserverweb.controller.ProposalController.selectProposal(java.lang.Long)|
- | [] | [20180911 09:20:58.863] | [INFO] | [DESKTOP-RR6N2CI] | [main] | [o.s.w.s.m.m.a.RequestMappingHandlerMapping] | --> Mapped "{[/a/proposal/{proposalId}],methods=[DELETE]}" onto public com.millionaire.millionaireserverweb.result.ResultBean com.millionaire.millionaireserverweb.controller.ProposalController.deleteProposal(java.lang.Long)|
- | [] | [20180911 09:20:58.863] | [INFO] | [DESKTOP-RR6N2CI] | [main] | [o.s.w.s.m.m.a.RequestMappingHandlerMapping] | --> Mapped "{[/a/list/proposal],methods=[GET]}" onto public com.millionaire.millionaireserverweb.result.ResultBean com.millionaire.millionaireserverweb.controller.ProposalController.listProposalByPage(java.lang.Integer,java.lang.Integer,com.millionaire.millionairemanagerservice.request.ProposalQuery)|
- | [] | [20180911 09:20:58.878] | [INFO] | [DESKTOP-RR6N2CI] | [main] | [o.s.w.s.m.m.a.RequestMappingHandlerMapping] | --> Mapped "{[/a/user/{uid}],methods=[GET]}" onto public com.millionaire.millionaireserverweb.result.ResultBean com.millionaire.millionaireserverweb.controller.ReceptionUsersController.selectUsers(java.lang.Long)|
- | [] | [20180911 09:20:58.879] | [INFO] | [DESKTOP-RR6N2CI] | [main] | [o.s.w.s.m.m.a.RequestMappingHandlerMapping] | --> Mapped "{[/a/user-status/{uid}],methods=[PUT]}" onto public com.millionaire.millionaireserverweb.result.ResultBean com.millionaire.millionaireserverweb.controller.ReceptionUsersController.updateUserStatus(java.lang.Long,com.alibaba.fastjson.JSONObject)|
- | [] | [20180911 09:20:58.879] | [INFO] | [DESKTOP-RR6N2CI] | [main] | [o.s.w.s.m.m.a.RequestMappingHandlerMapping] | --> Mapped "{[/a/list/user],methods=[GET]}" onto public com.millionaire.millionaireserverweb.result.ResultBean com.millionaire.millionaireserverweb.controller.ReceptionUsersController.getListReceptionUsers(java.lang.Integer,java.lang.Integer,com.millionaire.millionaireuserservice.request.ReceptionUsersQuery)|
- | [] | [20180911 09:20:58.880] | [INFO] | [DESKTOP-RR6N2CI] | [main] | [o.s.w.s.m.m.a.RequestMappingHandlerMapping] | --> Mapped "{[/a/user/{uid}],methods=[PUT]}" onto public com.millionaire.millionaireserverweb.result.ResultBean com.millionaire.millionaireserverweb.controller.ReceptionUsersController.updateUserPhoneMangerNum(java.lang.Long,com.alibaba.fastjson.JSONObject)|
- | [] | [20180911 09:20:58.880] | [INFO] | [DESKTOP-RR6N2CI] | [main] | [o.s.w.s.m.m.a.RequestMappingHandlerMapping] | --> Mapped "{[/a/list/investment-user/{uid}],methods=[GET]}" onto public com.millionaire.millionaireserverweb.result.ResultBean com.millionaire.millionaireserverweb.controller.ReceptionUsersController.listUserInvestment(java.lang.Long,java.lang.Integer,java.lang.Integer,com.millionaire.millionairebusinessservice.request.InvestmentUserQuery)|
- | [] | [20180911 09:20:58.882] | [INFO] | [DESKTOP-RR6N2CI] | [main] | [o.s.w.s.m.m.a.RequestMappingHandlerMapping] | --> Mapped "{[/a/user-bank/{uid}],methods=[DELETE]}" onto public com.millionaire.millionaireserverweb.result.ResultBean com.millionaire.millionaireserverweb.controller.ReceptionUsersController.deleteUserBankCard(java.lang.Long,java.lang.String)|
- | [] | [20180911 09:20:58.882] | [INFO] | [DESKTOP-RR6N2CI] | [main] | [o.s.w.s.m.m.a.RequestMappingHandlerMapping] | --> Mapped "{[/a/user-verification-cancel/{uid}],methods=[PUT]}" onto public com.millionaire.millionaireserverweb.result.ResultBean com.millionaire.millionaireserverweb.controller.ReceptionUsersController.cancelUserVerification(java.lang.Long)|
- | [] | [20180911 09:20:58.883] | [INFO] | [DESKTOP-RR6N2CI] | [main] | [o.s.w.s.m.m.a.RequestMappingHandlerMapping] | --> Mapped "{[/a/list/user-verification],methods=[GET]}" onto public com.millionaire.millionaireserverweb.result.ResultBean com.millionaire.millionaireserverweb.controller.ReceptionUsersController.listUsersVerification(java.lang.Integer,java.lang.Integer,com.millionaire.millionaireuserservice.request.UsersVerificationQuery)|
- | [] | [20180911 09:20:58.884] | [INFO] | [DESKTOP-RR6N2CI] | [main] | [o.s.w.s.m.m.a.RequestMappingHandlerMapping] | --> Mapped "{[/a/list/trading-flow/{uid}],methods=[GET]}" onto public com.millionaire.millionaireserverweb.result.ResultBean com.millionaire.millionaireserverweb.controller.ReceptionUsersController.listUserTradingFlow(java.lang.Long,java.lang.Integer,java.lang.Integer,com.millionaire.millionairebusinessservice.request.TradingFlowQuery)|
- | [] | [20180911 09:20:58.885] | [INFO] | [DESKTOP-RR6N2CI] | [main] | [o.s.w.s.m.m.a.RequestMappingHandlerMapping] | --> Mapped "{[/a/user-verification/{uid}],methods=[PUT]}" onto public com.millionaire.millionaireserverweb.result.ResultBean com.millionaire.millionaireserverweb.controller.ReceptionUsersController.updateAuthentication(java.lang.Long,com.alibaba.fastjson.JSONObject)|
- | [] | [20180911 09:20:58.885] | [INFO] | [DESKTOP-RR6N2CI] | [main] | [o.s.w.s.m.m.a.RequestMappingHandlerMapping] | --> Mapped "{[/a/user-verification/{uid}],methods=[GET]}" onto public com.millionaire.millionaireserverweb.result.ResultBean com.millionaire.millionaireserverweb.controller.ReceptionUsersController.selectUsersVerification(java.lang.Long)|
- | [] | [20180911 09:20:58.888] | [INFO] | [DESKTOP-RR6N2CI] | [main] | [o.s.w.s.m.m.a.RequestMappingHandlerMapping] | --> Mapped "{[/a/investment-count],methods=[GET]}" onto public com.millionaire.millionaireserverweb.result.ResultBean com.millionaire.millionaireserverweb.controller.StatisticsController.countInvestmentProduct(java.lang.Integer,java.lang.Integer,com.millionaire.millionairebusinessservice.request.TradingFlowStatisticQuery)|
- | [] | [20180911 09:20:58.888] | [INFO] | [DESKTOP-RR6N2CI] | [main] | [o.s.w.s.m.m.a.RequestMappingHandlerMapping] | --> Mapped "{[/a/list/investment-detail/{productId}],methods=[GET]}" onto public com.millionaire.millionaireserverweb.result.ResultBean com.millionaire.millionaireserverweb.controller.StatisticsController.detailInvestmentProduct(java.lang.Long,java.lang.Integer,java.lang.Integer,com.millionaire.millionairebusinessservice.request.TradingFlowDetailQuery)|
- | [] | [20180911 09:20:58.892] | [INFO] | [DESKTOP-RR6N2CI] | [main] | [o.s.w.s.m.m.a.RequestMappingHandlerMapping] | --> Mapped "{[/a/permission],methods=[GET]}" onto public com.millionaire.millionaireadminservice.module.ResultBean com.millionaire.millionaireserverweb.controller.SunController.getPermission()|
- | [] | [20180911 09:20:58.893] | [INFO] | [DESKTOP-RR6N2CI] | [main] | [o.s.w.s.m.m.a.RequestMappingHandlerMapping] | --> Mapped "{[/a/backstageUser/password],methods=[PUT]}" onto public com.millionaire.millionaireadminservice.module.ResultBean com.millionaire.millionaireserverweb.controller.SunController.updatePassword(com.alibaba.fastjson.JSONObject)|
- | [] | [20180911 09:20:58.894] | [INFO] | [DESKTOP-RR6N2CI] | [main] | [o.s.w.s.m.m.a.RequestMappingHandlerMapping] | --> Mapped "{[/a/backstageUsers],methods=[POST]}" onto public com.millionaire.millionaireadminservice.module.ResultBean com.millionaire.millionaireserverweb.controller.SunController.insertUser(com.alibaba.fastjson.JSONObject)|
- | [] | [20180911 09:20:58.894] | [INFO] | [DESKTOP-RR6N2CI] | [main] | [o.s.w.s.m.m.a.RequestMappingHandlerMapping] | --> Mapped "{[/a/roles],methods=[POST]}" onto public com.millionaire.millionaireadminservice.module.ResultBean com.millionaire.millionaireserverweb.controller.SunController.insertRole(com.alibaba.fastjson.JSONObject)|
- | [] | [20180911 09:20:58.897] | [INFO] | [DESKTOP-RR6N2CI] | [main] | [o.s.w.s.m.m.a.RequestMappingHandlerMapping] | --> Mapped "{[/a/list/backstageUsers],methods=[GET]}" onto public com.millionaire.millionaireadminservice.module.ResultBean com.millionaire.millionaireserverweb.controller.SunController.getUsers(java.lang.Integer,java.lang.String,java.lang.String)|
- | [] | [20180911 09:20:58.897] | [INFO] | [DESKTOP-RR6N2CI] | [main] | [o.s.w.s.m.m.a.RequestMappingHandlerMapping] | --> Mapped "{[/a/backstageUser/{id}],methods=[PUT]}" onto public com.millionaire.millionaireadminservice.module.ResultBean com.millionaire.millionaireserverweb.controller.SunController.updateById(com.alibaba.fastjson.JSONObject,java.lang.Long)|
- | [] | [20180911 09:20:58.898] | [INFO] | [DESKTOP-RR6N2CI] | [main] | [o.s.w.s.m.m.a.RequestMappingHandlerMapping] | --> Mapped "{[/a/backstageUser/{id}],methods=[DELETE]}" onto public com.millionaire.millionaireadminservice.module.ResultBean com.millionaire.millionaireserverweb.controller.SunController.deleteById(java.lang.Long)|
- | [] | [20180911 09:20:58.898] | [INFO] | [DESKTOP-RR6N2CI] | [main] | [o.s.w.s.m.m.a.RequestMappingHandlerMapping] | --> Mapped "{[/backstageLoginPage],methods=[GET]}" onto public java.lang.String com.millionaire.millionaireserverweb.controller.SunController.backstageLogin()|
- | [] | [20180911 09:20:58.898] | [INFO] | [DESKTOP-RR6N2CI] | [main] | [o.s.w.s.m.m.a.RequestMappingHandlerMapping] | --> Mapped "{[/backstageLogin],methods=[POST]}" onto public com.millionaire.millionaireadminservice.module.ResultBean com.millionaire.millionaireserverweb.controller.SunController.subLogin(com.alibaba.fastjson.JSONObject)|
- | [] | [20180911 09:20:58.899] | [INFO] | [DESKTOP-RR6N2CI] | [main] | [o.s.w.s.m.m.a.RequestMappingHandlerMapping] | --> Mapped "{[/a/roles/{id}],methods=[PUT]}" onto public com.millionaire.millionaireadminservice.module.ResultBean com.millionaire.millionaireserverweb.controller.SunController.updateRole(java.lang.Long,com.alibaba.fastjson.JSONObject)|
- | [] | [20180911 09:20:58.910] | [INFO] | [DESKTOP-RR6N2CI] | [main] | [o.s.w.s.m.m.a.RequestMappingHandlerMapping] | --> Mapped "{[/a/role/{id}],methods=[DELETE]}" onto public com.millionaire.millionaireadminservice.module.ResultBean com.millionaire.millionaireserverweb.controller.SunController.deleteRole(java.lang.Long)|
- | [] | [20180911 09:20:58.910] | [INFO] | [DESKTOP-RR6N2CI] | [main] | [o.s.w.s.m.m.a.RequestMappingHandlerMapping] | --> Mapped "{[/a/roles],methods=[GET]}" onto public com.millionaire.millionaireadminservice.module.ResultBean com.millionaire.millionaireserverweb.controller.SunController.getRolesAll()|
- | [] | [20180911 09:20:58.911] | [INFO] | [DESKTOP-RR6N2CI] | [main] | [o.s.w.s.m.m.a.RequestMappingHandlerMapping] | --> Mapped "{[/a/backstageUser/{id}],methods=[GET]}" onto public com.millionaire.millionaireadminservice.module.ResultBean com.millionaire.millionaireserverweb.controller.SunController.getBackstageUserById(java.lang.Long)|
- | [] | [20180911 09:20:58.912] | [INFO] | [DESKTOP-RR6N2CI] | [main] | [o.s.w.s.m.m.a.RequestMappingHandlerMapping] | --> Mapped "{[/a/rolePermission/{id}],methods=[GET]}" onto public java.util.Map com.millionaire.millionaireserverweb.controller.SunController.selectRolePermission(java.lang.Long)|
- | [] | [20180911 09:20:58.912] | [INFO] | [DESKTOP-RR6N2CI] | [main] | [o.s.w.s.m.m.a.RequestMappingHandlerMapping] | --> Mapped "{[/a/list/roles],methods=[GET]}" onto public com.millionaire.millionaireadminservice.module.ResultBean com.millionaire.millionaireserverweb.controller.SunController.getRoles(java.lang.Integer)|
- | [] | [20180911 09:20:58.920] | [INFO] | [DESKTOP-RR6N2CI] | [main] | [o.s.w.s.m.m.a.RequestMappingHandlerMapping] | --> Mapped "{[/error]}" onto public org.springframework.http.ResponseEntity<java.util.Map<java.lang.String, java.lang.Object>> org.springframework.boot.autoconfigure.web.servlet.error.BasicErrorController.error(javax.servlet.http.HttpServletRequest)|
- | [] | [20180911 09:20:58.947] | [INFO] | [DESKTOP-RR6N2CI] | [main] | [o.s.w.s.m.m.a.RequestMappingHandlerMapping] | --> Mapped "{[/error],produces=[text/html]}" onto public org.springframework.web.servlet.ModelAndView org.springframework.boot.autoconfigure.web.servlet.error.BasicErrorController.errorHtml(javax.servlet.http.HttpServletRequest,javax.servlet.http.HttpServletResponse)|
- | [] | [20180911 09:20:59.105] | [INFO] | [DESKTOP-RR6N2CI] | [main] | [o.s.w.s.h.SimpleUrlHandlerMapping] | --> Mapped URL path [/webjars/**] onto handler of type [class org.springframework.web.servlet.resource.ResourceHttpRequestHandler]|
- | [] | [20180911 09:20:59.105] | [INFO] | [DESKTOP-RR6N2CI] | [main] | [o.s.w.s.h.SimpleUrlHandlerMapping] | --> Mapped URL path [/**] onto handler of type [class org.springframework.web.servlet.resource.ResourceHttpRequestHandler]|
- | [] | [20180911 09:20:59.153] | [INFO] | [DESKTOP-RR6N2CI] | [main] | [o.s.w.s.m.m.a.ExceptionHandlerExceptionResolver] | --> Detected @ExceptionHandler methods in globalExceptionHandler|
- | [] | [20180911 09:21:00.429] | [INFO] | [DESKTOP-RR6N2CI] | [main] | [o.s.c.s.DefaultLifecycleProcessor] | --> Starting beans in phase 2147483647|
- | [] | [20180911 09:21:00.430] | [INFO] | [DESKTOP-RR6N2CI] | [main] | [o.s.s.quartz.SchedulerFactoryBean] | --> Will start Quartz Scheduler [schedulerFactoryBean] in 5 seconds|
- | [] | [20180911 09:21:00.454] | [INFO] | [DESKTOP-RR6N2CI] | [main] | [c.m.m.controller.BankControllerTest] | --> Started BankControllerTest in 13.945 seconds (JVM running for 17.969)|
- | [] | [20180911 09:21:00.814] | [INFO] | [DESKTOP-RR6N2CI] | [Thread-10] | [o.s.w.c.s.GenericWebApplicationContext] | --> Closing org.springframework.web.context.support.GenericWebApplicationContext@24959ca4: startup date [Tue Sep 11 09:20:47 CST 2018]; root of context hierarchy|
- | [] | [20180911 09:21:00.817] | [INFO] | [DESKTOP-RR6N2CI] | [Thread-10] | [o.s.c.s.DefaultLifecycleProcessor] | --> Stopping beans in phase 2147483647|
- | [] | [20180911 09:21:00.820] | [INFO] | [DESKTOP-RR6N2CI] | [Thread-10] | [o.s.s.quartz.SchedulerFactoryBean] | --> Shutting down Quartz Scheduler|
- | [] | [20180911 09:21:00.820] | [INFO] | [DESKTOP-RR6N2CI] | [Thread-10] | [org.quartz.core.QuartzScheduler] | --> Scheduler schedulerFactoryBean_$_NON_CLUSTERED shutting down.|
- | [] | [20180911 09:21:00.820] | [INFO] | [DESKTOP-RR6N2CI] | [Thread-10] | [org.quartz.core.QuartzScheduler] | --> Scheduler schedulerFactoryBean_$_NON_CLUSTERED paused.|
- | [] | [20180911 09:21:00.821] | [INFO] | [DESKTOP-RR6N2CI] | [Thread-10] | [org.quartz.core.QuartzScheduler] | --> Scheduler schedulerFactoryBean_$_NON_CLUSTERED shutdown complete.|
- | [] | [20180911 09:21:00.866] | [INFO] | [DESKTOP-RR6N2CI] | [Thread-10] | [c.alibaba.druid.pool.DruidDataSource] | --> {dataSource-1} closed|
- | [] | [20180911 09:25:30.400] | [INFO] | [DESKTOP-RR6N2CI] | [main] | [c.m.m.controller.BankControllerTest] | --> Starting BankControllerTest on DESKTOP-RR6N2CI with PID 6900 (started by Liu Kai in C:\Users\Liu Kai\Desktop\复盘项目-聚金融\new\millionaire-club\millionaire-server-web)|
- | [] | [20180911 09:25:30.401] | [INFO] | [DESKTOP-RR6N2CI] | [main] | [c.m.m.controller.BankControllerTest] | --> No active profile set, falling back to default profiles: default|
- | [] | [20180911 09:25:30.482] | [INFO] | [DESKTOP-RR6N2CI] | [main] | [o.s.w.c.s.GenericWebApplicationContext] | --> Refreshing org.springframework.web.context.support.GenericWebApplicationContext@24959ca4: startup date [Tue Sep 11 09:25:30 CST 2018]; root of context hierarchy|
- | [] | [20180911 09:25:33.937] | [INFO] | [DESKTOP-RR6N2CI] | [main] | [o.s.d.r.c.RepositoryConfigurationDelegate] | --> Multiple Spring Data modules found, entering strict repository configuration mode!|
- | [] | [20180911 09:25:35.559] | [INFO] | [DESKTOP-RR6N2CI] | [main] | [o.s.c.s.PostProcessorRegistrationDelegate$BeanPostProcessorChecker] | --> Bean 'org.springframework.transaction.annotation.ProxyTransactionManagementConfiguration' of type [org.springframework.transaction.annotation.ProxyTransactionManagementConfiguration$$EnhancerBySpringCGLIB$$c82e845e] is not eligible for getting processed by all BeanPostProcessors (for example: not eligible for auto-proxying)|
- | [] | [20180911 09:25:39.766] | [INFO] | [DESKTOP-RR6N2CI] | [main] | [c.alibaba.druid.pool.DruidDataSource] | --> {dataSource-1} inited|
- | [] | [20180911 09:25:40.612] | [INFO] | [DESKTOP-RR6N2CI] | [main] | [org.quartz.impl.StdSchedulerFactory] | --> Using default implementation for ThreadExecutor|
- | [] | [20180911 09:25:40.641] | [INFO] | [DESKTOP-RR6N2CI] | [main] | [o.quartz.core.SchedulerSignalerImpl] | --> Initialized Scheduler Signaller of type: class org.quartz.core.SchedulerSignalerImpl|
- | [] | [20180911 09:25:40.643] | [INFO] | [DESKTOP-RR6N2CI] | [main] | [org.quartz.core.QuartzScheduler] | --> Quartz Scheduler v.2.3.0 created.|
- | [] | [20180911 09:25:40.646] | [INFO] | [DESKTOP-RR6N2CI] | [main] | [org.quartz.simpl.RAMJobStore] | --> RAMJobStore initialized.|
- | [] | [20180911 09:25:40.649] | [INFO] | [DESKTOP-RR6N2CI] | [main] | [org.quartz.core.QuartzScheduler] | --> Scheduler meta-data: Quartz Scheduler (v2.3.0) 'schedulerFactoryBean' with instanceId 'NON_CLUSTERED'
  Scheduler class: 'org.quartz.core.QuartzScheduler' - running locally.
  NOT STARTED.
  Currently in standby mode.
  Number of jobs executed: 0
  Using thread pool 'org.quartz.simpl.SimpleThreadPool' - with 10 threads.
  Using job-store 'org.quartz.simpl.RAMJobStore' - which does not support persistence. and is not clustered.
|
- | [] | [20180911 09:25:40.649] | [INFO] | [DESKTOP-RR6N2CI] | [main] | [org.quartz.impl.StdSchedulerFactory] | --> Quartz scheduler 'schedulerFactoryBean' initialized from an externally provided properties instance.|
- | [] | [20180911 09:25:40.651] | [INFO] | [DESKTOP-RR6N2CI] | [main] | [org.quartz.impl.StdSchedulerFactory] | --> Quartz scheduler version: 2.3.0|
- | [] | [20180911 09:25:40.655] | [INFO] | [DESKTOP-RR6N2CI] | [main] | [org.quartz.core.QuartzScheduler] | --> JobFactory set to: org.springframework.scheduling.quartz.AdaptableJobFactory@5762658b|
- | [] | [20180911 09:25:41.483] | [INFO] | [DESKTOP-RR6N2CI] | [main] | [o.s.w.s.h.SimpleUrlHandlerMapping] | --> Mapped URL path [/**/favicon.ico] onto handler of type [class org.springframework.web.servlet.resource.ResourceHttpRequestHandler]|
- | [] | [20180911 09:25:42.388] | [INFO] | [DESKTOP-RR6N2CI] | [main] | [o.s.w.s.m.m.a.RequestMappingHandlerAdapter] | --> Looking for @ControllerAdvice: org.springframework.web.context.support.GenericWebApplicationContext@24959ca4: startup date [Tue Sep 11 09:25:30 CST 2018]; root of context hierarchy|
- | [] | [20180911 09:25:42.588] | [INFO] | [DESKTOP-RR6N2CI] | [main] | [o.s.w.s.m.m.a.RequestMappingHandlerMapping] | --> Mapped "{[/a/upload-picture],methods=[POST]}" onto public java.lang.String com.millionaire.millionaireserverweb.controller.AliyunAPIController.test(org.springframework.web.multipart.MultipartFile) throws java.io.IOException,com.millionaire.millionairecommonapi.excepion.AliyunAPIException|
- | [] | [20180911 09:25:42.592] | [INFO] | [DESKTOP-RR6N2CI] | [main] | [o.s.w.s.m.m.a.RequestMappingHandlerMapping] | --> Mapped "{[/a/ID-card-upload],methods=[POST]}" onto public java.lang.String com.millionaire.millionaireserverweb.controller.AliyunAPIController.testID(org.springframework.web.multipart.MultipartFile) throws java.io.IOException,com.millionaire.millionairecommonapi.excepion.AliyunAPIException|
- | [] | [20180911 09:25:42.616] | [INFO] | [DESKTOP-RR6N2CI] | [main] | [o.s.w.s.m.m.a.RequestMappingHandlerMapping] | --> Mapped "{[/a/bank],methods=[POST]}" onto public com.millionaire.millionaireserverweb.result.ResultBean com.millionaire.millionaireserverweb.controller.BankController.insertBank(com.millionaire.millionairemanagerservice.module.Bank)|
- | [] | [20180911 09:25:42.617] | [INFO] | [DESKTOP-RR6N2CI] | [main] | [o.s.w.s.m.m.a.RequestMappingHandlerMapping] | --> Mapped "{[/a/list/bank],methods=[GET]}" onto public com.millionaire.millionaireserverweb.result.ResultBean com.millionaire.millionaireserverweb.controller.BankController.selectBankByPage(java.lang.Integer,java.lang.Integer,com.millionaire.millionairemanagerservice.request.BankQuery)|
- | [] | [20180911 09:25:42.619] | [INFO] | [DESKTOP-RR6N2CI] | [main] | [o.s.w.s.m.m.a.RequestMappingHandlerMapping] | --> Mapped "{[/a/bank/{bankId}],methods=[GET]}" onto public com.millionaire.millionaireserverweb.result.ResultBean com.millionaire.millionaireserverweb.controller.BankController.selectBank(long)|
- | [] | [20180911 09:25:42.619] | [INFO] | [DESKTOP-RR6N2CI] | [main] | [o.s.w.s.m.m.a.RequestMappingHandlerMapping] | --> Mapped "{[/a/bank/{bankId}],methods=[PUT]}" onto public com.millionaire.millionaireserverweb.result.ResultBean com.millionaire.millionaireserverweb.controller.BankController.updateBank(java.lang.Long,com.alibaba.fastjson.JSONObject)|
- | [] | [20180911 09:25:42.621] | [INFO] | [DESKTOP-RR6N2CI] | [main] | [o.s.w.s.m.m.a.RequestMappingHandlerMapping] | --> Mapped "{[/a/claim-info],methods=[POST]}" onto public com.millionaire.millionaireserverweb.result.ResultBean com.millionaire.millionaireserverweb.controller.ClaimInfoController.insertClaimInfo(com.millionaire.millionairebusinessservice.module.ClaimInfo)|
- | [] | [20180911 09:25:42.622] | [INFO] | [DESKTOP-RR6N2CI] | [main] | [o.s.w.s.m.m.a.RequestMappingHandlerMapping] | --> Mapped "{[/a/claim-info/{claimId}],methods=[GET]}" onto public com.millionaire.millionaireserverweb.result.ResultBean com.millionaire.millionaireserverweb.controller.ClaimInfoController.selectClaimInfo(java.lang.Long)|
- | [] | [20180911 09:25:42.625] | [INFO] | [DESKTOP-RR6N2CI] | [main] | [o.s.w.s.m.m.a.RequestMappingHandlerMapping] | --> Mapped "{[/a/list/claim-info],methods=[GET]}" onto public com.millionaire.millionaireserverweb.result.ResultBean com.millionaire.millionaireserverweb.controller.ClaimInfoController.selectClaimByPage(java.lang.Integer,java.lang.Integer,com.millionaire.millionairebusinessservice.request.ClaimInfoQuery)|
- | [] | [20180911 09:25:42.631] | [INFO] | [DESKTOP-RR6N2CI] | [main] | [o.s.w.s.m.m.a.RequestMappingHandlerMapping] | --> Mapped "{[/a/list/claim-match/{claimid}],methods=[GET]}" onto public com.millionaire.millionaireserverweb.result.ResultBean com.millionaire.millionaireserverweb.controller.ClaimMatchController.listClaimMatch(long,java.lang.Integer,java.lang.Integer,com.millionaire.millionairebusinessservice.request.ClaimMatchQuery)|
- | [] | [20180911 09:25:42.632] | [INFO] | [DESKTOP-RR6N2CI] | [main] | [o.s.w.s.m.m.a.RequestMappingHandlerMapping] | --> Mapped "{[/a/investment-credit],methods=[PUT]}" onto public com.millionaire.millionaireserverweb.result.ResultBean com.millionaire.millionaireserverweb.controller.ClaimMatchController.updateInvestmentCredit(com.alibaba.fastjson.JSONObject)|
- | [] | [20180911 09:25:42.642] | [INFO] | [DESKTOP-RR6N2CI] | [main] | [o.s.w.s.m.m.a.RequestMappingHandlerMapping] | --> Mapped "{[/a/list/investment-match-claim/{claimId}],methods=[GET]}" onto public com.millionaire.millionaireserverweb.result.ResultBean com.millionaire.millionaireserverweb.controller.ClaimMatchController.listRecommendedMatch(long)|
- | [] | [20180911 09:25:42.651] | [INFO] | [DESKTOP-RR6N2CI] | [main] | [o.s.w.s.m.m.a.RequestMappingHandlerMapping] | --> Mapped "{[/a/content-info/{contentId}],methods=[GET]}" onto public com.millionaire.millionaireserverweb.result.ResultBean com.millionaire.millionaireserverweb.controller.ContentController.getContent(java.lang.Long)|
- | [] | [20180911 09:25:42.652] | [INFO] | [DESKTOP-RR6N2CI] | [main] | [o.s.w.s.m.m.a.RequestMappingHandlerMapping] | --> Mapped "{[/a/content-status/{contentId}],methods=[PUT]}" onto public com.millionaire.millionaireserverweb.result.ResultBean com.millionaire.millionaireserverweb.controller.ContentController.updateStatus(java.lang.Long,com.alibaba.fastjson.JSONObject)|
- | [] | [20180911 09:25:42.652] | [INFO] | [DESKTOP-RR6N2CI] | [main] | [o.s.w.s.m.m.a.RequestMappingHandlerMapping] | --> Mapped "{[/a/content/{contentId}],methods=[PUT]}" onto public com.millionaire.millionaireserverweb.result.ResultBean com.millionaire.millionaireserverweb.controller.ContentController.updateContent(java.lang.Long,com.millionaire.millionairemanagerservice.module.Content)|
- | [] | [20180911 09:25:42.652] | [INFO] | [DESKTOP-RR6N2CI] | [main] | [o.s.w.s.m.m.a.RequestMappingHandlerMapping] | --> Mapped "{[/a/list/content],methods=[GET]}" onto public com.millionaire.millionaireserverweb.result.ResultBean com.millionaire.millionaireserverweb.controller.ContentController.listContent(java.lang.Integer,java.lang.Integer,com.millionaire.millionairemanagerservice.request.ContentQuery)|
- | [] | [20180911 09:25:42.654] | [INFO] | [DESKTOP-RR6N2CI] | [main] | [o.s.w.s.m.m.a.RequestMappingHandlerMapping] | --> Mapped "{[/a/content/{contentId}],methods=[DELETE]}" onto public com.millionaire.millionaireserverweb.result.ResultBean com.millionaire.millionaireserverweb.controller.ContentController.deleteContent(long)|
- | [] | [20180911 09:25:42.654] | [INFO] | [DESKTOP-RR6N2CI] | [main] | [o.s.w.s.m.m.a.RequestMappingHandlerMapping] | --> Mapped "{[/a/content],methods=[POST]}" onto public com.millionaire.millionaireserverweb.result.ResultBean com.millionaire.millionaireserverweb.controller.ContentController.insertContent(com.millionaire.millionairemanagerservice.module.Content)|
- | [] | [20180911 09:25:42.667] | [INFO] | [DESKTOP-RR6N2CI] | [main] | [o.s.w.s.m.m.a.RequestMappingHandlerMapping] | --> Mapped "{[/a/list/investment-product],methods=[GET]}" onto public com.millionaire.millionaireserverweb.result.ResultBean com.millionaire.millionaireserverweb.controller.InvestmentProductController.getListInvestmentProduct(java.lang.Integer,java.lang.Integer,com.millionaire.millionairebusinessservice.request.ProductQuery)|
- | [] | [20180911 09:25:42.668] | [INFO] | [DESKTOP-RR6N2CI] | [main] | [o.s.w.s.m.m.a.RequestMappingHandlerMapping] | --> Mapped "{[/a/product-shelf/{productId}],methods=[PUT]}" onto public com.millionaire.millionaireserverweb.result.ResultBean com.millionaire.millionaireserverweb.controller.InvestmentProductController.updateProductIsShelf(java.lang.Long,com.alibaba.fastjson.JSONObject)|
- | [] | [20180911 09:25:42.668] | [INFO] | [DESKTOP-RR6N2CI] | [main] | [o.s.w.s.m.m.a.RequestMappingHandlerMapping] | --> Mapped "{[/a/product-info/{productId}],methods=[PUT]}" onto public com.millionaire.millionaireserverweb.result.ResultBean com.millionaire.millionaireserverweb.controller.InvestmentProductController.updateProductShelfCommendLimit(java.lang.Long,com.alibaba.fastjson.JSONObject)|
- | [] | [20180911 09:25:42.669] | [INFO] | [DESKTOP-RR6N2CI] | [main] | [o.s.w.s.m.m.a.RequestMappingHandlerMapping] | --> Mapped "{[/a/investment-product],methods=[POST]}" onto public com.millionaire.millionaireserverweb.result.ResultBean com.millionaire.millionaireserverweb.controller.InvestmentProductController.insertInvestmentProduct(com.millionaire.millionairebusinessservice.module.InvestmentProduct)|
- | [] | [20180911 09:25:42.669] | [INFO] | [DESKTOP-RR6N2CI] | [main] | [o.s.w.s.m.m.a.RequestMappingHandlerMapping] | --> Mapped "{[/a/product-info/{productId}],methods=[GET]}" onto public com.millionaire.millionaireserverweb.result.ResultBean com.millionaire.millionaireserverweb.controller.InvestmentProductController.selectInvestmentProduct(java.lang.Long)|
- | [] | [20180911 09:25:42.671] | [INFO] | [DESKTOP-RR6N2CI] | [main] | [o.s.w.s.m.m.a.RequestMappingHandlerMapping] | --> Mapped "{[/a/message-platform/{platformId}],methods=[GET]}" onto public com.millionaire.millionaireserverweb.result.ResultBean com.millionaire.millionaireserverweb.controller.MessagePlatformController.selectMessage(java.lang.Long)|
- | [] | [20180911 09:25:42.674] | [INFO] | [DESKTOP-RR6N2CI] | [main] | [o.s.w.s.m.m.a.RequestMappingHandlerMapping] | --> Mapped "{[/a/list/message-platform],methods=[GET]}" onto public com.millionaire.millionaireserverweb.result.ResultBean com.millionaire.millionaireserverweb.controller.MessagePlatformController.listMessagePlatform(java.lang.Integer,java.lang.Integer,com.millionaire.millionairemanagerservice.request.MessagePlatformQuery)|
- | [] | [20180911 09:25:42.676] | [INFO] | [DESKTOP-RR6N2CI] | [main] | [o.s.w.s.m.m.a.RequestMappingHandlerMapping] | --> Mapped "{[/a/message-platform-status/{platformId}],methods=[PUT]}" onto public com.millionaire.millionaireserverweb.result.ResultBean com.millionaire.millionaireserverweb.controller.MessagePlatformController.updateMessageStatus(java.lang.Long,com.alibaba.fastjson.JSONObject)|
- | [] | [20180911 09:25:42.676] | [INFO] | [DESKTOP-RR6N2CI] | [main] | [o.s.w.s.m.m.a.RequestMappingHandlerMapping] | --> Mapped "{[/a/message-platform/{platformId}],methods=[DELETE]}" onto public com.millionaire.millionaireserverweb.result.ResultBean com.millionaire.millionaireserverweb.controller.MessagePlatformController.deleteMessagePlatform(long)|
- | [] | [20180911 09:25:42.678] | [INFO] | [DESKTOP-RR6N2CI] | [main] | [o.s.w.s.m.m.a.RequestMappingHandlerMapping] | --> Mapped "{[/a/message-platform],methods=[POST]}" onto public com.millionaire.millionaireserverweb.result.ResultBean com.millionaire.millionaireserverweb.controller.MessagePlatformController.insertMessagePlatform(com.millionaire.millionairemanagerservice.module.MessagePlatform)|
- | [] | [20180911 09:25:42.679] | [INFO] | [DESKTOP-RR6N2CI] | [main] | [o.s.w.s.m.m.a.RequestMappingHandlerMapping] | --> Mapped "{[/a/system-param],methods=[PUT]}" onto public com.millionaire.millionaireserverweb.result.ResultBean com.millionaire.millionaireserverweb.controller.ParameterSettingController.systemParamSetting(com.alibaba.fastjson.JSONObject)|
- | [] | [20180911 09:25:42.682] | [INFO] | [DESKTOP-RR6N2CI] | [main] | [o.s.w.s.m.m.a.RequestMappingHandlerMapping] | --> Mapped "{[/a/proposal/{proposalId}],methods=[GET]}" onto public com.millionaire.millionaireserverweb.result.ResultBean com.millionaire.millionaireserverweb.controller.ProposalController.selectProposal(java.lang.Long)|
- | [] | [20180911 09:25:42.684] | [INFO] | [DESKTOP-RR6N2CI] | [main] | [o.s.w.s.m.m.a.RequestMappingHandlerMapping] | --> Mapped "{[/a/proposal/{proposalId}],methods=[DELETE]}" onto public com.millionaire.millionaireserverweb.result.ResultBean com.millionaire.millionaireserverweb.controller.ProposalController.deleteProposal(java.lang.Long)|
- | [] | [20180911 09:25:42.685] | [INFO] | [DESKTOP-RR6N2CI] | [main] | [o.s.w.s.m.m.a.RequestMappingHandlerMapping] | --> Mapped "{[/a/list/proposal],methods=[GET]}" onto public com.millionaire.millionaireserverweb.result.ResultBean com.millionaire.millionaireserverweb.controller.ProposalController.listProposalByPage(java.lang.Integer,java.lang.Integer,com.millionaire.millionairemanagerservice.request.ProposalQuery)|
- | [] | [20180911 09:25:42.702] | [INFO] | [DESKTOP-RR6N2CI] | [main] | [o.s.w.s.m.m.a.RequestMappingHandlerMapping] | --> Mapped "{[/a/user/{uid}],methods=[GET]}" onto public com.millionaire.millionaireserverweb.result.ResultBean com.millionaire.millionaireserverweb.controller.ReceptionUsersController.selectUsers(java.lang.Long)|
- | [] | [20180911 09:25:42.703] | [INFO] | [DESKTOP-RR6N2CI] | [main] | [o.s.w.s.m.m.a.RequestMappingHandlerMapping] | --> Mapped "{[/a/user-status/{uid}],methods=[PUT]}" onto public com.millionaire.millionaireserverweb.result.ResultBean com.millionaire.millionaireserverweb.controller.ReceptionUsersController.updateUserStatus(java.lang.Long,com.alibaba.fastjson.JSONObject)|
- | [] | [20180911 09:25:42.703] | [INFO] | [DESKTOP-RR6N2CI] | [main] | [o.s.w.s.m.m.a.RequestMappingHandlerMapping] | --> Mapped "{[/a/user-verification/{uid}],methods=[GET]}" onto public com.millionaire.millionaireserverweb.result.ResultBean com.millionaire.millionaireserverweb.controller.ReceptionUsersController.selectUsersVerification(java.lang.Long)|
- | [] | [20180911 09:25:42.703] | [INFO] | [DESKTOP-RR6N2CI] | [main] | [o.s.w.s.m.m.a.RequestMappingHandlerMapping] | --> Mapped "{[/a/user-bank/{uid}],methods=[DELETE]}" onto public com.millionaire.millionaireserverweb.result.ResultBean com.millionaire.millionaireserverweb.controller.ReceptionUsersController.deleteUserBankCard(java.lang.Long,java.lang.String)|
- | [] | [20180911 09:25:42.703] | [INFO] | [DESKTOP-RR6N2CI] | [main] | [o.s.w.s.m.m.a.RequestMappingHandlerMapping] | --> Mapped "{[/a/list/trading-flow/{uid}],methods=[GET]}" onto public com.millionaire.millionaireserverweb.result.ResultBean com.millionaire.millionaireserverweb.controller.ReceptionUsersController.listUserTradingFlow(java.lang.Long,java.lang.Integer,java.lang.Integer,com.millionaire.millionairebusinessservice.request.TradingFlowQuery)|
- | [] | [20180911 09:25:42.703] | [INFO] | [DESKTOP-RR6N2CI] | [main] | [o.s.w.s.m.m.a.RequestMappingHandlerMapping] | --> Mapped "{[/a/user/{uid}],methods=[PUT]}" onto public com.millionaire.millionaireserverweb.result.ResultBean com.millionaire.millionaireserverweb.controller.ReceptionUsersController.updateUserPhoneMangerNum(java.lang.Long,com.alibaba.fastjson.JSONObject)|
- | [] | [20180911 09:25:42.704] | [INFO] | [DESKTOP-RR6N2CI] | [main] | [o.s.w.s.m.m.a.RequestMappingHandlerMapping] | --> Mapped "{[/a/list/investment-user/{uid}],methods=[GET]}" onto public com.millionaire.millionaireserverweb.result.ResultBean com.millionaire.millionaireserverweb.controller.ReceptionUsersController.listUserInvestment(java.lang.Long,java.lang.Integer,java.lang.Integer,com.millionaire.millionairebusinessservice.request.InvestmentUserQuery)|
- | [] | [20180911 09:25:42.704] | [INFO] | [DESKTOP-RR6N2CI] | [main] | [o.s.w.s.m.m.a.RequestMappingHandlerMapping] | --> Mapped "{[/a/user-verification-cancel/{uid}],methods=[PUT]}" onto public com.millionaire.millionaireserverweb.result.ResultBean com.millionaire.millionaireserverweb.controller.ReceptionUsersController.cancelUserVerification(java.lang.Long)|
- | [] | [20180911 09:25:42.704] | [INFO] | [DESKTOP-RR6N2CI] | [main] | [o.s.w.s.m.m.a.RequestMappingHandlerMapping] | --> Mapped "{[/a/user-verification/{uid}],methods=[PUT]}" onto public com.millionaire.millionaireserverweb.result.ResultBean com.millionaire.millionaireserverweb.controller.ReceptionUsersController.updateAuthentication(java.lang.Long,com.alibaba.fastjson.JSONObject)|
- | [] | [20180911 09:25:42.704] | [INFO] | [DESKTOP-RR6N2CI] | [main] | [o.s.w.s.m.m.a.RequestMappingHandlerMapping] | --> Mapped "{[/a/list/user-verification],methods=[GET]}" onto public com.millionaire.millionaireserverweb.result.ResultBean com.millionaire.millionaireserverweb.controller.ReceptionUsersController.listUsersVerification(java.lang.Integer,java.lang.Integer,com.millionaire.millionaireuserservice.request.UsersVerificationQuery)|
- | [] | [20180911 09:25:42.705] | [INFO] | [DESKTOP-RR6N2CI] | [main] | [o.s.w.s.m.m.a.RequestMappingHandlerMapping] | --> Mapped "{[/a/list/user],methods=[GET]}" onto public com.millionaire.millionaireserverweb.result.ResultBean com.millionaire.millionaireserverweb.controller.ReceptionUsersController.getListReceptionUsers(java.lang.Integer,java.lang.Integer,com.millionaire.millionaireuserservice.request.ReceptionUsersQuery)|
- | [] | [20180911 09:25:42.708] | [INFO] | [DESKTOP-RR6N2CI] | [main] | [o.s.w.s.m.m.a.RequestMappingHandlerMapping] | --> Mapped "{[/a/investment-count],methods=[GET]}" onto public com.millionaire.millionaireserverweb.result.ResultBean com.millionaire.millionaireserverweb.controller.StatisticsController.countInvestmentProduct(java.lang.Integer,java.lang.Integer,com.millionaire.millionairebusinessservice.request.TradingFlowStatisticQuery)|
- | [] | [20180911 09:25:42.708] | [INFO] | [DESKTOP-RR6N2CI] | [main] | [o.s.w.s.m.m.a.RequestMappingHandlerMapping] | --> Mapped "{[/a/list/investment-detail/{productId}],methods=[GET]}" onto public com.millionaire.millionaireserverweb.result.ResultBean com.millionaire.millionaireserverweb.controller.StatisticsController.detailInvestmentProduct(java.lang.Long,java.lang.Integer,java.lang.Integer,com.millionaire.millionairebusinessservice.request.TradingFlowDetailQuery)|
- | [] | [20180911 09:25:42.712] | [INFO] | [DESKTOP-RR6N2CI] | [main] | [o.s.w.s.m.m.a.RequestMappingHandlerMapping] | --> Mapped "{[/a/permission],methods=[GET]}" onto public com.millionaire.millionaireadminservice.module.ResultBean com.millionaire.millionaireserverweb.controller.SunController.getPermission()|
- | [] | [20180911 09:25:42.713] | [INFO] | [DESKTOP-RR6N2CI] | [main] | [o.s.w.s.m.m.a.RequestMappingHandlerMapping] | --> Mapped "{[/a/list/roles],methods=[GET]}" onto public com.millionaire.millionaireadminservice.module.ResultBean com.millionaire.millionaireserverweb.controller.SunController.getRoles(java.lang.Integer)|
- | [] | [20180911 09:25:42.713] | [INFO] | [DESKTOP-RR6N2CI] | [main] | [o.s.w.s.m.m.a.RequestMappingHandlerMapping] | --> Mapped "{[/backstageLoginPage],methods=[GET]}" onto public java.lang.String com.millionaire.millionaireserverweb.controller.SunController.backstageLogin()|
- | [] | [20180911 09:25:42.715] | [INFO] | [DESKTOP-RR6N2CI] | [main] | [o.s.w.s.m.m.a.RequestMappingHandlerMapping] | --> Mapped "{[/backstageLogin],methods=[POST]}" onto public com.millionaire.millionaireadminservice.module.ResultBean com.millionaire.millionaireserverweb.controller.SunController.subLogin(com.alibaba.fastjson.JSONObject)|
- | [] | [20180911 09:25:42.715] | [INFO] | [DESKTOP-RR6N2CI] | [main] | [o.s.w.s.m.m.a.RequestMappingHandlerMapping] | --> Mapped "{[/a/role/{id}],methods=[DELETE]}" onto public com.millionaire.millionaireadminservice.module.ResultBean com.millionaire.millionaireserverweb.controller.SunController.deleteRole(java.lang.Long)|
- | [] | [20180911 09:25:42.715] | [INFO] | [DESKTOP-RR6N2CI] | [main] | [o.s.w.s.m.m.a.RequestMappingHandlerMapping] | --> Mapped "{[/a/backstageUser/{id}],methods=[PUT]}" onto public com.millionaire.millionaireadminservice.module.ResultBean com.millionaire.millionaireserverweb.controller.SunController.updateById(com.alibaba.fastjson.JSONObject,java.lang.Long)|
- | [] | [20180911 09:25:42.715] | [INFO] | [DESKTOP-RR6N2CI] | [main] | [o.s.w.s.m.m.a.RequestMappingHandlerMapping] | --> Mapped "{[/a/roles/{id}],methods=[PUT]}" onto public com.millionaire.millionaireadminservice.module.ResultBean com.millionaire.millionaireserverweb.controller.SunController.updateRole(java.lang.Long,com.alibaba.fastjson.JSONObject)|
- | [] | [20180911 09:25:42.716] | [INFO] | [DESKTOP-RR6N2CI] | [main] | [o.s.w.s.m.m.a.RequestMappingHandlerMapping] | --> Mapped "{[/a/list/backstageUsers],methods=[GET]}" onto public com.millionaire.millionaireadminservice.module.ResultBean com.millionaire.millionaireserverweb.controller.SunController.getUsers(java.lang.Integer,java.lang.String,java.lang.String)|
- | [] | [20180911 09:25:42.716] | [INFO] | [DESKTOP-RR6N2CI] | [main] | [o.s.w.s.m.m.a.RequestMappingHandlerMapping] | --> Mapped "{[/a/backstageUser/password],methods=[PUT]}" onto public com.millionaire.millionaireadminservice.module.ResultBean com.millionaire.millionaireserverweb.controller.SunController.updatePassword(com.alibaba.fastjson.JSONObject)|
- | [] | [20180911 09:25:42.716] | [INFO] | [DESKTOP-RR6N2CI] | [main] | [o.s.w.s.m.m.a.RequestMappingHandlerMapping] | --> Mapped "{[/a/roles],methods=[POST]}" onto public com.millionaire.millionaireadminservice.module.ResultBean com.millionaire.millionaireserverweb.controller.SunController.insertRole(com.alibaba.fastjson.JSONObject)|
- | [] | [20180911 09:25:42.716] | [INFO] | [DESKTOP-RR6N2CI] | [main] | [o.s.w.s.m.m.a.RequestMappingHandlerMapping] | --> Mapped "{[/a/backstageUsers],methods=[POST]}" onto public com.millionaire.millionaireadminservice.module.ResultBean com.millionaire.millionaireserverweb.controller.SunController.insertUser(com.alibaba.fastjson.JSONObject)|
- | [] | [20180911 09:25:42.717] | [INFO] | [DESKTOP-RR6N2CI] | [main] | [o.s.w.s.m.m.a.RequestMappingHandlerMapping] | --> Mapped "{[/a/roles],methods=[GET]}" onto public com.millionaire.millionaireadminservice.module.ResultBean com.millionaire.millionaireserverweb.controller.SunController.getRolesAll()|
- | [] | [20180911 09:25:42.718] | [INFO] | [DESKTOP-RR6N2CI] | [main] | [o.s.w.s.m.m.a.RequestMappingHandlerMapping] | --> Mapped "{[/a/backstageUser/{id}],methods=[DELETE]}" onto public com.millionaire.millionaireadminservice.module.ResultBean com.millionaire.millionaireserverweb.controller.SunController.deleteById(java.lang.Long)|
- | [] | [20180911 09:25:42.718] | [INFO] | [DESKTOP-RR6N2CI] | [main] | [o.s.w.s.m.m.a.RequestMappingHandlerMapping] | --> Mapped "{[/a/backstageUser/{id}],methods=[GET]}" onto public com.millionaire.millionaireadminservice.module.ResultBean com.millionaire.millionaireserverweb.controller.SunController.getBackstageUserById(java.lang.Long)|
- | [] | [20180911 09:25:42.718] | [INFO] | [DESKTOP-RR6N2CI] | [main] | [o.s.w.s.m.m.a.RequestMappingHandlerMapping] | --> Mapped "{[/a/rolePermission/{id}],methods=[GET]}" onto public java.util.Map com.millionaire.millionaireserverweb.controller.SunController.selectRolePermission(java.lang.Long)|
- | [] | [20180911 09:25:42.724] | [INFO] | [DESKTOP-RR6N2CI] | [main] | [o.s.w.s.m.m.a.RequestMappingHandlerMapping] | --> Mapped "{[/error]}" onto public org.springframework.http.ResponseEntity<java.util.Map<java.lang.String, java.lang.Object>> org.springframework.boot.autoconfigure.web.servlet.error.BasicErrorController.error(javax.servlet.http.HttpServletRequest)|
- | [] | [20180911 09:25:42.726] | [INFO] | [DESKTOP-RR6N2CI] | [main] | [o.s.w.s.m.m.a.RequestMappingHandlerMapping] | --> Mapped "{[/error],produces=[text/html]}" onto public org.springframework.web.servlet.ModelAndView org.springframework.boot.autoconfigure.web.servlet.error.BasicErrorController.errorHtml(javax.servlet.http.HttpServletRequest,javax.servlet.http.HttpServletResponse)|
- | [] | [20180911 09:25:42.866] | [INFO] | [DESKTOP-RR6N2CI] | [main] | [o.s.w.s.h.SimpleUrlHandlerMapping] | --> Mapped URL path [/webjars/**] onto handler of type [class org.springframework.web.servlet.resource.ResourceHttpRequestHandler]|
- | [] | [20180911 09:25:42.867] | [INFO] | [DESKTOP-RR6N2CI] | [main] | [o.s.w.s.h.SimpleUrlHandlerMapping] | --> Mapped URL path [/**] onto handler of type [class org.springframework.web.servlet.resource.ResourceHttpRequestHandler]|
- | [] | [20180911 09:25:42.958] | [INFO] | [DESKTOP-RR6N2CI] | [main] | [o.s.w.s.m.m.a.ExceptionHandlerExceptionResolver] | --> Detected @ExceptionHandler methods in globalExceptionHandler|
- | [] | [20180911 09:25:44.540] | [INFO] | [DESKTOP-RR6N2CI] | [main] | [o.s.c.s.DefaultLifecycleProcessor] | --> Starting beans in phase 2147483647|
- | [] | [20180911 09:25:44.542] | [INFO] | [DESKTOP-RR6N2CI] | [main] | [o.s.s.quartz.SchedulerFactoryBean] | --> Will start Quartz Scheduler [schedulerFactoryBean] in 5 seconds|
- | [] | [20180911 09:25:44.570] | [INFO] | [DESKTOP-RR6N2CI] | [main] | [c.m.m.controller.BankControllerTest] | --> Started BankControllerTest in 15.111 seconds (JVM running for 18.707)|
- | [] | [20180911 09:25:45.288] | [INFO] | [DESKTOP-RR6N2CI] | [Thread-10] | [o.s.w.c.s.GenericWebApplicationContext] | --> Closing org.springframework.web.context.support.GenericWebApplicationContext@24959ca4: startup date [Tue Sep 11 09:25:30 CST 2018]; root of context hierarchy|
- | [] | [20180911 09:25:45.292] | [INFO] | [DESKTOP-RR6N2CI] | [Thread-10] | [o.s.c.s.DefaultLifecycleProcessor] | --> Stopping beans in phase 2147483647|
- | [] | [20180911 09:25:45.294] | [INFO] | [DESKTOP-RR6N2CI] | [Thread-10] | [o.s.s.quartz.SchedulerFactoryBean] | --> Shutting down Quartz Scheduler|
- | [] | [20180911 09:25:45.294] | [INFO] | [DESKTOP-RR6N2CI] | [Thread-10] | [org.quartz.core.QuartzScheduler] | --> Scheduler schedulerFactoryBean_$_NON_CLUSTERED shutting down.|
- | [] | [20180911 09:25:45.294] | [INFO] | [DESKTOP-RR6N2CI] | [Thread-10] | [org.quartz.core.QuartzScheduler] | --> Scheduler schedulerFactoryBean_$_NON_CLUSTERED paused.|
- | [] | [20180911 09:25:45.298] | [INFO] | [DESKTOP-RR6N2CI] | [Thread-10] | [org.quartz.core.QuartzScheduler] | --> Scheduler schedulerFactoryBean_$_NON_CLUSTERED shutdown complete.|
- | [] | [20180911 09:25:45.354] | [INFO] | [DESKTOP-RR6N2CI] | [Thread-10] | [c.alibaba.druid.pool.DruidDataSource] | --> {dataSource-1} closed|
- | [] | [20180911 09:29:13.230] | [INFO] | [DESKTOP-RR6N2CI] | [main] | [c.m.m.controller.BankControllerTest] | --> Starting BankControllerTest on DESKTOP-RR6N2CI with PID 12800 (started by Liu Kai in C:\Users\Liu Kai\Desktop\复盘项目-聚金融\new\millionaire-club\millionaire-server-web)|
- | [] | [20180911 09:29:13.232] | [INFO] | [DESKTOP-RR6N2CI] | [main] | [c.m.m.controller.BankControllerTest] | --> No active profile set, falling back to default profiles: default|
- | [] | [20180911 09:29:13.403] | [INFO] | [DESKTOP-RR6N2CI] | [main] | [o.s.w.c.s.GenericWebApplicationContext] | --> Refreshing org.springframework.web.context.support.GenericWebApplicationContext@24959ca4: startup date [Tue Sep 11 09:29:13 CST 2018]; root of context hierarchy|
- | [] | [20180911 09:29:16.545] | [INFO] | [DESKTOP-RR6N2CI] | [main] | [o.s.d.r.c.RepositoryConfigurationDelegate] | --> Multiple Spring Data modules found, entering strict repository configuration mode!|
- | [] | [20180911 09:29:17.939] | [INFO] | [DESKTOP-RR6N2CI] | [main] | [o.s.c.s.PostProcessorRegistrationDelegate$BeanPostProcessorChecker] | --> Bean 'org.springframework.transaction.annotation.ProxyTransactionManagementConfiguration' of type [org.springframework.transaction.annotation.ProxyTransactionManagementConfiguration$$EnhancerBySpringCGLIB$$85f798ce] is not eligible for getting processed by all BeanPostProcessors (for example: not eligible for auto-proxying)|
- | [] | [20180911 09:29:21.199] | [INFO] | [DESKTOP-RR6N2CI] | [main] | [c.alibaba.druid.pool.DruidDataSource] | --> {dataSource-1} inited|
- | [] | [20180911 09:29:21.831] | [INFO] | [DESKTOP-RR6N2CI] | [main] | [org.quartz.impl.StdSchedulerFactory] | --> Using default implementation for ThreadExecutor|
- | [] | [20180911 09:29:21.860] | [INFO] | [DESKTOP-RR6N2CI] | [main] | [o.quartz.core.SchedulerSignalerImpl] | --> Initialized Scheduler Signaller of type: class org.quartz.core.SchedulerSignalerImpl|
- | [] | [20180911 09:29:21.862] | [INFO] | [DESKTOP-RR6N2CI] | [main] | [org.quartz.core.QuartzScheduler] | --> Quartz Scheduler v.2.3.0 created.|
- | [] | [20180911 09:29:21.864] | [INFO] | [DESKTOP-RR6N2CI] | [main] | [org.quartz.simpl.RAMJobStore] | --> RAMJobStore initialized.|
- | [] | [20180911 09:29:21.867] | [INFO] | [DESKTOP-RR6N2CI] | [main] | [org.quartz.core.QuartzScheduler] | --> Scheduler meta-data: Quartz Scheduler (v2.3.0) 'schedulerFactoryBean' with instanceId 'NON_CLUSTERED'
  Scheduler class: 'org.quartz.core.QuartzScheduler' - running locally.
  NOT STARTED.
  Currently in standby mode.
  Number of jobs executed: 0
  Using thread pool 'org.quartz.simpl.SimpleThreadPool' - with 10 threads.
  Using job-store 'org.quartz.simpl.RAMJobStore' - which does not support persistence. and is not clustered.
|
- | [] | [20180911 09:29:21.867] | [INFO] | [DESKTOP-RR6N2CI] | [main] | [org.quartz.impl.StdSchedulerFactory] | --> Quartz scheduler 'schedulerFactoryBean' initialized from an externally provided properties instance.|
- | [] | [20180911 09:29:21.868] | [INFO] | [DESKTOP-RR6N2CI] | [main] | [org.quartz.impl.StdSchedulerFactory] | --> Quartz scheduler version: 2.3.0|
- | [] | [20180911 09:29:21.872] | [INFO] | [DESKTOP-RR6N2CI] | [main] | [org.quartz.core.QuartzScheduler] | --> JobFactory set to: org.springframework.scheduling.quartz.AdaptableJobFactory@2596d7f4|
- | [] | [20180911 09:29:22.661] | [INFO] | [DESKTOP-RR6N2CI] | [main] | [o.s.w.s.h.SimpleUrlHandlerMapping] | --> Mapped URL path [/**/favicon.ico] onto handler of type [class org.springframework.web.servlet.resource.ResourceHttpRequestHandler]|
- | [] | [20180911 09:29:23.464] | [INFO] | [DESKTOP-RR6N2CI] | [main] | [o.s.w.s.m.m.a.RequestMappingHandlerAdapter] | --> Looking for @ControllerAdvice: org.springframework.web.context.support.GenericWebApplicationContext@24959ca4: startup date [Tue Sep 11 09:29:13 CST 2018]; root of context hierarchy|
- | [] | [20180911 09:29:23.612] | [INFO] | [DESKTOP-RR6N2CI] | [main] | [o.s.w.s.m.m.a.RequestMappingHandlerMapping] | --> Mapped "{[/a/upload-picture],methods=[POST]}" onto public java.lang.String com.millionaire.millionaireserverweb.controller.AliyunAPIController.test(org.springframework.web.multipart.MultipartFile) throws java.io.IOException,com.millionaire.millionairecommonapi.excepion.AliyunAPIException|
- | [] | [20180911 09:29:23.614] | [INFO] | [DESKTOP-RR6N2CI] | [main] | [o.s.w.s.m.m.a.RequestMappingHandlerMapping] | --> Mapped "{[/a/ID-card-upload],methods=[POST]}" onto public java.lang.String com.millionaire.millionaireserverweb.controller.AliyunAPIController.testID(org.springframework.web.multipart.MultipartFile) throws java.io.IOException,com.millionaire.millionairecommonapi.excepion.AliyunAPIException|
- | [] | [20180911 09:29:23.622] | [INFO] | [DESKTOP-RR6N2CI] | [main] | [o.s.w.s.m.m.a.RequestMappingHandlerMapping] | --> Mapped "{[/a/bank],methods=[POST]}" onto public com.millionaire.millionaireserverweb.result.ResultBean com.millionaire.millionaireserverweb.controller.BankController.insertBank(com.millionaire.millionairemanagerservice.module.Bank)|
- | [] | [20180911 09:29:23.623] | [INFO] | [DESKTOP-RR6N2CI] | [main] | [o.s.w.s.m.m.a.RequestMappingHandlerMapping] | --> Mapped "{[/a/list/bank],methods=[GET]}" onto public com.millionaire.millionaireserverweb.result.ResultBean com.millionaire.millionaireserverweb.controller.BankController.selectBankByPage(java.lang.Integer,java.lang.Integer,com.millionaire.millionairemanagerservice.request.BankQuery)|
- | [] | [20180911 09:29:23.623] | [INFO] | [DESKTOP-RR6N2CI] | [main] | [o.s.w.s.m.m.a.RequestMappingHandlerMapping] | --> Mapped "{[/a/bank/{bankId}],methods=[GET]}" onto public com.millionaire.millionaireserverweb.result.ResultBean com.millionaire.millionaireserverweb.controller.BankController.selectBank(long)|
- | [] | [20180911 09:29:23.623] | [INFO] | [DESKTOP-RR6N2CI] | [main] | [o.s.w.s.m.m.a.RequestMappingHandlerMapping] | --> Mapped "{[/a/bank/{bankId}],methods=[PUT]}" onto public com.millionaire.millionaireserverweb.result.ResultBean com.millionaire.millionaireserverweb.controller.BankController.updateBank(java.lang.Long,com.alibaba.fastjson.JSONObject)|
- | [] | [20180911 09:29:23.624] | [INFO] | [DESKTOP-RR6N2CI] | [main] | [o.s.w.s.m.m.a.RequestMappingHandlerMapping] | --> Mapped "{[/a/list/claim-info],methods=[GET]}" onto public com.millionaire.millionaireserverweb.result.ResultBean com.millionaire.millionaireserverweb.controller.ClaimInfoController.selectClaimByPage(java.lang.Integer,java.lang.Integer,com.millionaire.millionairebusinessservice.request.ClaimInfoQuery)|
- | [] | [20180911 09:29:23.625] | [INFO] | [DESKTOP-RR6N2CI] | [main] | [o.s.w.s.m.m.a.RequestMappingHandlerMapping] | --> Mapped "{[/a/claim-info/{claimId}],methods=[GET]}" onto public com.millionaire.millionaireserverweb.result.ResultBean com.millionaire.millionaireserverweb.controller.ClaimInfoController.selectClaimInfo(java.lang.Long)|
- | [] | [20180911 09:29:23.627] | [INFO] | [DESKTOP-RR6N2CI] | [main] | [o.s.w.s.m.m.a.RequestMappingHandlerMapping] | --> Mapped "{[/a/claim-info],methods=[POST]}" onto public com.millionaire.millionaireserverweb.result.ResultBean com.millionaire.millionaireserverweb.controller.ClaimInfoController.insertClaimInfo(com.millionaire.millionairebusinessservice.module.ClaimInfo)|
- | [] | [20180911 09:29:23.628] | [INFO] | [DESKTOP-RR6N2CI] | [main] | [o.s.w.s.m.m.a.RequestMappingHandlerMapping] | --> Mapped "{[/a/investment-credit],methods=[PUT]}" onto public com.millionaire.millionaireserverweb.result.ResultBean com.millionaire.millionaireserverweb.controller.ClaimMatchController.updateInvestmentCredit(com.alibaba.fastjson.JSONObject)|
- | [] | [20180911 09:29:23.629] | [INFO] | [DESKTOP-RR6N2CI] | [main] | [o.s.w.s.m.m.a.RequestMappingHandlerMapping] | --> Mapped "{[/a/list/investment-match-claim/{claimId}],methods=[GET]}" onto public com.millionaire.millionaireserverweb.result.ResultBean com.millionaire.millionaireserverweb.controller.ClaimMatchController.listRecommendedMatch(long)|
- | [] | [20180911 09:29:23.629] | [INFO] | [DESKTOP-RR6N2CI] | [main] | [o.s.w.s.m.m.a.RequestMappingHandlerMapping] | --> Mapped "{[/a/list/claim-match/{claimid}],methods=[GET]}" onto public com.millionaire.millionaireserverweb.result.ResultBean com.millionaire.millionaireserverweb.controller.ClaimMatchController.listClaimMatch(long,java.lang.Integer,java.lang.Integer,com.millionaire.millionairebusinessservice.request.ClaimMatchQuery)|
- | [] | [20180911 09:29:23.633] | [INFO] | [DESKTOP-RR6N2CI] | [main] | [o.s.w.s.m.m.a.RequestMappingHandlerMapping] | --> Mapped "{[/a/content-info/{contentId}],methods=[GET]}" onto public com.millionaire.millionaireserverweb.result.ResultBean com.millionaire.millionaireserverweb.controller.ContentController.getContent(java.lang.Long)|
- | [] | [20180911 09:29:23.634] | [INFO] | [DESKTOP-RR6N2CI] | [main] | [o.s.w.s.m.m.a.RequestMappingHandlerMapping] | --> Mapped "{[/a/content-status/{contentId}],methods=[PUT]}" onto public com.millionaire.millionaireserverweb.result.ResultBean com.millionaire.millionaireserverweb.controller.ContentController.updateStatus(java.lang.Long,com.alibaba.fastjson.JSONObject)|
- | [] | [20180911 09:29:23.634] | [INFO] | [DESKTOP-RR6N2CI] | [main] | [o.s.w.s.m.m.a.RequestMappingHandlerMapping] | --> Mapped "{[/a/content],methods=[POST]}" onto public com.millionaire.millionaireserverweb.result.ResultBean com.millionaire.millionaireserverweb.controller.ContentController.insertContent(com.millionaire.millionairemanagerservice.module.Content)|
- | [] | [20180911 09:29:23.634] | [INFO] | [DESKTOP-RR6N2CI] | [main] | [o.s.w.s.m.m.a.RequestMappingHandlerMapping] | --> Mapped "{[/a/list/content],methods=[GET]}" onto public com.millionaire.millionaireserverweb.result.ResultBean com.millionaire.millionaireserverweb.controller.ContentController.listContent(java.lang.Integer,java.lang.Integer,com.millionaire.millionairemanagerservice.request.ContentQuery)|
- | [] | [20180911 09:29:23.636] | [INFO] | [DESKTOP-RR6N2CI] | [main] | [o.s.w.s.m.m.a.RequestMappingHandlerMapping] | --> Mapped "{[/a/content/{contentId}],methods=[PUT]}" onto public com.millionaire.millionaireserverweb.result.ResultBean com.millionaire.millionaireserverweb.controller.ContentController.updateContent(java.lang.Long,com.millionaire.millionairemanagerservice.module.Content)|
- | [] | [20180911 09:29:23.637] | [INFO] | [DESKTOP-RR6N2CI] | [main] | [o.s.w.s.m.m.a.RequestMappingHandlerMapping] | --> Mapped "{[/a/content/{contentId}],methods=[DELETE]}" onto public com.millionaire.millionaireserverweb.result.ResultBean com.millionaire.millionaireserverweb.controller.ContentController.deleteContent(long)|
- | [] | [20180911 09:29:23.639] | [INFO] | [DESKTOP-RR6N2CI] | [main] | [o.s.w.s.m.m.a.RequestMappingHandlerMapping] | --> Mapped "{[/a/product-shelf/{productId}],methods=[PUT]}" onto public com.millionaire.millionaireserverweb.result.ResultBean com.millionaire.millionaireserverweb.controller.InvestmentProductController.updateProductIsShelf(java.lang.Long,com.alibaba.fastjson.JSONObject)|
- | [] | [20180911 09:29:23.639] | [INFO] | [DESKTOP-RR6N2CI] | [main] | [o.s.w.s.m.m.a.RequestMappingHandlerMapping] | --> Mapped "{[/a/list/investment-product],methods=[GET]}" onto public com.millionaire.millionaireserverweb.result.ResultBean com.millionaire.millionaireserverweb.controller.InvestmentProductController.getListInvestmentProduct(java.lang.Integer,java.lang.Integer,com.millionaire.millionairebusinessservice.request.ProductQuery)|
- | [] | [20180911 09:29:23.640] | [INFO] | [DESKTOP-RR6N2CI] | [main] | [o.s.w.s.m.m.a.RequestMappingHandlerMapping] | --> Mapped "{[/a/product-info/{productId}],methods=[GET]}" onto public com.millionaire.millionaireserverweb.result.ResultBean com.millionaire.millionaireserverweb.controller.InvestmentProductController.selectInvestmentProduct(java.lang.Long)|
- | [] | [20180911 09:29:23.641] | [INFO] | [DESKTOP-RR6N2CI] | [main] | [o.s.w.s.m.m.a.RequestMappingHandlerMapping] | --> Mapped "{[/a/investment-product],methods=[POST]}" onto public com.millionaire.millionaireserverweb.result.ResultBean com.millionaire.millionaireserverweb.controller.InvestmentProductController.insertInvestmentProduct(com.millionaire.millionairebusinessservice.module.InvestmentProduct)|
- | [] | [20180911 09:29:23.641] | [INFO] | [DESKTOP-RR6N2CI] | [main] | [o.s.w.s.m.m.a.RequestMappingHandlerMapping] | --> Mapped "{[/a/product-info/{productId}],methods=[PUT]}" onto public com.millionaire.millionaireserverweb.result.ResultBean com.millionaire.millionaireserverweb.controller.InvestmentProductController.updateProductShelfCommendLimit(java.lang.Long,com.alibaba.fastjson.JSONObject)|
- | [] | [20180911 09:29:23.645] | [INFO] | [DESKTOP-RR6N2CI] | [main] | [o.s.w.s.m.m.a.RequestMappingHandlerMapping] | --> Mapped "{[/a/message-platform],methods=[POST]}" onto public com.millionaire.millionaireserverweb.result.ResultBean com.millionaire.millionaireserverweb.controller.MessagePlatformController.insertMessagePlatform(com.millionaire.millionairemanagerservice.module.MessagePlatform)|
- | [] | [20180911 09:29:23.645] | [INFO] | [DESKTOP-RR6N2CI] | [main] | [o.s.w.s.m.m.a.RequestMappingHandlerMapping] | --> Mapped "{[/a/message-platform/{platformId}],methods=[DELETE]}" onto public com.millionaire.millionaireserverweb.result.ResultBean com.millionaire.millionaireserverweb.controller.MessagePlatformController.deleteMessagePlatform(long)|
- | [] | [20180911 09:29:23.645] | [INFO] | [DESKTOP-RR6N2CI] | [main] | [o.s.w.s.m.m.a.RequestMappingHandlerMapping] | --> Mapped "{[/a/list/message-platform],methods=[GET]}" onto public com.millionaire.millionaireserverweb.result.ResultBean com.millionaire.millionaireserverweb.controller.MessagePlatformController.listMessagePlatform(java.lang.Integer,java.lang.Integer,com.millionaire.millionairemanagerservice.request.MessagePlatformQuery)|
- | [] | [20180911 09:29:23.646] | [INFO] | [DESKTOP-RR6N2CI] | [main] | [o.s.w.s.m.m.a.RequestMappingHandlerMapping] | --> Mapped "{[/a/message-platform-status/{platformId}],methods=[PUT]}" onto public com.millionaire.millionaireserverweb.result.ResultBean com.millionaire.millionaireserverweb.controller.MessagePlatformController.updateMessageStatus(java.lang.Long,com.alibaba.fastjson.JSONObject)|
- | [] | [20180911 09:29:23.646] | [INFO] | [DESKTOP-RR6N2CI] | [main] | [o.s.w.s.m.m.a.RequestMappingHandlerMapping] | --> Mapped "{[/a/message-platform/{platformId}],methods=[GET]}" onto public com.millionaire.millionaireserverweb.result.ResultBean com.millionaire.millionaireserverweb.controller.MessagePlatformController.selectMessage(java.lang.Long)|
- | [] | [20180911 09:29:23.647] | [INFO] | [DESKTOP-RR6N2CI] | [main] | [o.s.w.s.m.m.a.RequestMappingHandlerMapping] | --> Mapped "{[/a/system-param],methods=[PUT]}" onto public com.millionaire.millionaireserverweb.result.ResultBean com.millionaire.millionaireserverweb.controller.ParameterSettingController.systemParamSetting(com.alibaba.fastjson.JSONObject)|
- | [] | [20180911 09:29:23.648] | [INFO] | [DESKTOP-RR6N2CI] | [main] | [o.s.w.s.m.m.a.RequestMappingHandlerMapping] | --> Mapped "{[/a/list/proposal],methods=[GET]}" onto public com.millionaire.millionaireserverweb.result.ResultBean com.millionaire.millionaireserverweb.controller.ProposalController.listProposalByPage(java.lang.Integer,java.lang.Integer,com.millionaire.millionairemanagerservice.request.ProposalQuery)|
- | [] | [20180911 09:29:23.649] | [INFO] | [DESKTOP-RR6N2CI] | [main] | [o.s.w.s.m.m.a.RequestMappingHandlerMapping] | --> Mapped "{[/a/proposal/{proposalId}],methods=[GET]}" onto public com.millionaire.millionaireserverweb.result.ResultBean com.millionaire.millionaireserverweb.controller.ProposalController.selectProposal(java.lang.Long)|
- | [] | [20180911 09:29:23.649] | [INFO] | [DESKTOP-RR6N2CI] | [main] | [o.s.w.s.m.m.a.RequestMappingHandlerMapping] | --> Mapped "{[/a/proposal/{proposalId}],methods=[DELETE]}" onto public com.millionaire.millionaireserverweb.result.ResultBean com.millionaire.millionaireserverweb.controller.ProposalController.deleteProposal(java.lang.Long)|
- | [] | [20180911 09:29:23.657] | [INFO] | [DESKTOP-RR6N2CI] | [main] | [o.s.w.s.m.m.a.RequestMappingHandlerMapping] | --> Mapped "{[/a/user-verification/{uid}],methods=[PUT]}" onto public com.millionaire.millionaireserverweb.result.ResultBean com.millionaire.millionaireserverweb.controller.ReceptionUsersController.updateAuthentication(java.lang.Long,com.alibaba.fastjson.JSONObject)|
- | [] | [20180911 09:29:23.657] | [INFO] | [DESKTOP-RR6N2CI] | [main] | [o.s.w.s.m.m.a.RequestMappingHandlerMapping] | --> Mapped "{[/a/user-verification/{uid}],methods=[GET]}" onto public com.millionaire.millionaireserverweb.result.ResultBean com.millionaire.millionaireserverweb.controller.ReceptionUsersController.selectUsersVerification(java.lang.Long)|
- | [] | [20180911 09:29:23.657] | [INFO] | [DESKTOP-RR6N2CI] | [main] | [o.s.w.s.m.m.a.RequestMappingHandlerMapping] | --> Mapped "{[/a/list/trading-flow/{uid}],methods=[GET]}" onto public com.millionaire.millionaireserverweb.result.ResultBean com.millionaire.millionaireserverweb.controller.ReceptionUsersController.listUserTradingFlow(java.lang.Long,java.lang.Integer,java.lang.Integer,com.millionaire.millionairebusinessservice.request.TradingFlowQuery)|
- | [] | [20180911 09:29:23.657] | [INFO] | [DESKTOP-RR6N2CI] | [main] | [o.s.w.s.m.m.a.RequestMappingHandlerMapping] | --> Mapped "{[/a/list/user-verification],methods=[GET]}" onto public com.millionaire.millionaireserverweb.result.ResultBean com.millionaire.millionaireserverweb.controller.ReceptionUsersController.listUsersVerification(java.lang.Integer,java.lang.Integer,com.millionaire.millionaireuserservice.request.UsersVerificationQuery)|
- | [] | [20180911 09:29:23.657] | [INFO] | [DESKTOP-RR6N2CI] | [main] | [o.s.w.s.m.m.a.RequestMappingHandlerMapping] | --> Mapped "{[/a/list/user],methods=[GET]}" onto public com.millionaire.millionaireserverweb.result.ResultBean com.millionaire.millionaireserverweb.controller.ReceptionUsersController.getListReceptionUsers(java.lang.Integer,java.lang.Integer,com.millionaire.millionaireuserservice.request.ReceptionUsersQuery)|
- | [] | [20180911 09:29:23.659] | [INFO] | [DESKTOP-RR6N2CI] | [main] | [o.s.w.s.m.m.a.RequestMappingHandlerMapping] | --> Mapped "{[/a/user-verification-cancel/{uid}],methods=[PUT]}" onto public com.millionaire.millionaireserverweb.result.ResultBean com.millionaire.millionaireserverweb.controller.ReceptionUsersController.cancelUserVerification(java.lang.Long)|
- | [] | [20180911 09:29:23.659] | [INFO] | [DESKTOP-RR6N2CI] | [main] | [o.s.w.s.m.m.a.RequestMappingHandlerMapping] | --> Mapped "{[/a/user/{uid}],methods=[PUT]}" onto public com.millionaire.millionaireserverweb.result.ResultBean com.millionaire.millionaireserverweb.controller.ReceptionUsersController.updateUserPhoneMangerNum(java.lang.Long,com.alibaba.fastjson.JSONObject)|
- | [] | [20180911 09:29:23.660] | [INFO] | [DESKTOP-RR6N2CI] | [main] | [o.s.w.s.m.m.a.RequestMappingHandlerMapping] | --> Mapped "{[/a/user-bank/{uid}],methods=[DELETE]}" onto public com.millionaire.millionaireserverweb.result.ResultBean com.millionaire.millionaireserverweb.controller.ReceptionUsersController.deleteUserBankCard(java.lang.Long,java.lang.String)|
- | [] | [20180911 09:29:23.660] | [INFO] | [DESKTOP-RR6N2CI] | [main] | [o.s.w.s.m.m.a.RequestMappingHandlerMapping] | --> Mapped "{[/a/list/investment-user/{uid}],methods=[GET]}" onto public com.millionaire.millionaireserverweb.result.ResultBean com.millionaire.millionaireserverweb.controller.ReceptionUsersController.listUserInvestment(java.lang.Long,java.lang.Integer,java.lang.Integer,com.millionaire.millionairebusinessservice.request.InvestmentUserQuery)|
- | [] | [20180911 09:29:23.660] | [INFO] | [DESKTOP-RR6N2CI] | [main] | [o.s.w.s.m.m.a.RequestMappingHandlerMapping] | --> Mapped "{[/a/user-status/{uid}],methods=[PUT]}" onto public com.millionaire.millionaireserverweb.result.ResultBean com.millionaire.millionaireserverweb.controller.ReceptionUsersController.updateUserStatus(java.lang.Long,com.alibaba.fastjson.JSONObject)|
- | [] | [20180911 09:29:23.661] | [INFO] | [DESKTOP-RR6N2CI] | [main] | [o.s.w.s.m.m.a.RequestMappingHandlerMapping] | --> Mapped "{[/a/user/{uid}],methods=[GET]}" onto public com.millionaire.millionaireserverweb.result.ResultBean com.millionaire.millionaireserverweb.controller.ReceptionUsersController.selectUsers(java.lang.Long)|
- | [] | [20180911 09:29:23.661] | [INFO] | [DESKTOP-RR6N2CI] | [main] | [o.s.w.s.m.m.a.RequestMappingHandlerMapping] | --> Mapped "{[/a/investment-count],methods=[GET]}" onto public com.millionaire.millionaireserverweb.result.ResultBean com.millionaire.millionaireserverweb.controller.StatisticsController.countInvestmentProduct(java.lang.Integer,java.lang.Integer,com.millionaire.millionairebusinessservice.request.TradingFlowStatisticQuery)|
- | [] | [20180911 09:29:23.661] | [INFO] | [DESKTOP-RR6N2CI] | [main] | [o.s.w.s.m.m.a.RequestMappingHandlerMapping] | --> Mapped "{[/a/list/investment-detail/{productId}],methods=[GET]}" onto public com.millionaire.millionaireserverweb.result.ResultBean com.millionaire.millionaireserverweb.controller.StatisticsController.detailInvestmentProduct(java.lang.Long,java.lang.Integer,java.lang.Integer,com.millionaire.millionairebusinessservice.request.TradingFlowDetailQuery)|
- | [] | [20180911 09:29:23.665] | [INFO] | [DESKTOP-RR6N2CI] | [main] | [o.s.w.s.m.m.a.RequestMappingHandlerMapping] | --> Mapped "{[/a/permission],methods=[GET]}" onto public com.millionaire.millionaireadminservice.module.ResultBean com.millionaire.millionaireserverweb.controller.SunController.getPermission()|
- | [] | [20180911 09:29:23.666] | [INFO] | [DESKTOP-RR6N2CI] | [main] | [o.s.w.s.m.m.a.RequestMappingHandlerMapping] | --> Mapped "{[/a/backstageUser/{id}],methods=[GET]}" onto public com.millionaire.millionaireadminservice.module.ResultBean com.millionaire.millionaireserverweb.controller.SunController.getBackstageUserById(java.lang.Long)|
- | [] | [20180911 09:29:23.666] | [INFO] | [DESKTOP-RR6N2CI] | [main] | [o.s.w.s.m.m.a.RequestMappingHandlerMapping] | --> Mapped "{[/a/rolePermission/{id}],methods=[GET]}" onto public java.util.Map com.millionaire.millionaireserverweb.controller.SunController.selectRolePermission(java.lang.Long)|
- | [] | [20180911 09:29:23.672] | [INFO] | [DESKTOP-RR6N2CI] | [main] | [o.s.w.s.m.m.a.RequestMappingHandlerMapping] | --> Mapped "{[/a/list/roles],methods=[GET]}" onto public com.millionaire.millionaireadminservice.module.ResultBean com.millionaire.millionaireserverweb.controller.SunController.getRoles(java.lang.Integer)|
- | [] | [20180911 09:29:23.674] | [INFO] | [DESKTOP-RR6N2CI] | [main] | [o.s.w.s.m.m.a.RequestMappingHandlerMapping] | --> Mapped "{[/a/roles],methods=[POST]}" onto public com.millionaire.millionaireadminservice.module.ResultBean com.millionaire.millionaireserverweb.controller.SunController.insertRole(com.alibaba.fastjson.JSONObject)|
- | [] | [20180911 09:29:23.676] | [INFO] | [DESKTOP-RR6N2CI] | [main] | [o.s.w.s.m.m.a.RequestMappingHandlerMapping] | --> Mapped "{[/a/roles/{id}],methods=[PUT]}" onto public com.millionaire.millionaireadminservice.module.ResultBean com.millionaire.millionaireserverweb.controller.SunController.updateRole(java.lang.Long,com.alibaba.fastjson.JSONObject)|
- | [] | [20180911 09:29:23.676] | [INFO] | [DESKTOP-RR6N2CI] | [main] | [o.s.w.s.m.m.a.RequestMappingHandlerMapping] | --> Mapped "{[/a/role/{id}],methods=[DELETE]}" onto public com.millionaire.millionaireadminservice.module.ResultBean com.millionaire.millionaireserverweb.controller.SunController.deleteRole(java.lang.Long)|
- | [] | [20180911 09:29:23.676] | [INFO] | [DESKTOP-RR6N2CI] | [main] | [o.s.w.s.m.m.a.RequestMappingHandlerMapping] | --> Mapped "{[/a/backstageUser/{id}],methods=[DELETE]}" onto public com.millionaire.millionaireadminservice.module.ResultBean com.millionaire.millionaireserverweb.controller.SunController.deleteById(java.lang.Long)|
- | [] | [20180911 09:29:23.677] | [INFO] | [DESKTOP-RR6N2CI] | [main] | [o.s.w.s.m.m.a.RequestMappingHandlerMapping] | --> Mapped "{[/a/roles],methods=[GET]}" onto public com.millionaire.millionaireadminservice.module.ResultBean com.millionaire.millionaireserverweb.controller.SunController.getRolesAll()|
- | [] | [20180911 09:29:23.677] | [INFO] | [DESKTOP-RR6N2CI] | [main] | [o.s.w.s.m.m.a.RequestMappingHandlerMapping] | --> Mapped "{[/a/backstageUsers],methods=[POST]}" onto public com.millionaire.millionaireadminservice.module.ResultBean com.millionaire.millionaireserverweb.controller.SunController.insertUser(com.alibaba.fastjson.JSONObject)|
- | [] | [20180911 09:29:23.677] | [INFO] | [DESKTOP-RR6N2CI] | [main] | [o.s.w.s.m.m.a.RequestMappingHandlerMapping] | --> Mapped "{[/backstageLogin],methods=[POST]}" onto public com.millionaire.millionaireadminservice.module.ResultBean com.millionaire.millionaireserverweb.controller.SunController.subLogin(com.alibaba.fastjson.JSONObject)|
- | [] | [20180911 09:29:23.677] | [INFO] | [DESKTOP-RR6N2CI] | [main] | [o.s.w.s.m.m.a.RequestMappingHandlerMapping] | --> Mapped "{[/backstageLoginPage],methods=[GET]}" onto public java.lang.String com.millionaire.millionaireserverweb.controller.SunController.backstageLogin()|
- | [] | [20180911 09:29:23.677] | [INFO] | [DESKTOP-RR6N2CI] | [main] | [o.s.w.s.m.m.a.RequestMappingHandlerMapping] | --> Mapped "{[/a/backstageUser/{id}],methods=[PUT]}" onto public com.millionaire.millionaireadminservice.module.ResultBean com.millionaire.millionaireserverweb.controller.SunController.updateById(com.alibaba.fastjson.JSONObject,java.lang.Long)|
- | [] | [20180911 09:29:23.678] | [INFO] | [DESKTOP-RR6N2CI] | [main] | [o.s.w.s.m.m.a.RequestMappingHandlerMapping] | --> Mapped "{[/a/list/backstageUsers],methods=[GET]}" onto public com.millionaire.millionaireadminservice.module.ResultBean com.millionaire.millionaireserverweb.controller.SunController.getUsers(java.lang.Integer,java.lang.String,java.lang.String)|
- | [] | [20180911 09:29:23.678] | [INFO] | [DESKTOP-RR6N2CI] | [main] | [o.s.w.s.m.m.a.RequestMappingHandlerMapping] | --> Mapped "{[/a/backstageUser/password],methods=[PUT]}" onto public com.millionaire.millionaireadminservice.module.ResultBean com.millionaire.millionaireserverweb.controller.SunController.updatePassword(com.alibaba.fastjson.JSONObject)|
- | [] | [20180911 09:29:23.687] | [INFO] | [DESKTOP-RR6N2CI] | [main] | [o.s.w.s.m.m.a.RequestMappingHandlerMapping] | --> Mapped "{[/error]}" onto public org.springframework.http.ResponseEntity<java.util.Map<java.lang.String, java.lang.Object>> org.springframework.boot.autoconfigure.web.servlet.error.BasicErrorController.error(javax.servlet.http.HttpServletRequest)|
- | [] | [20180911 09:29:23.710] | [INFO] | [DESKTOP-RR6N2CI] | [main] | [o.s.w.s.m.m.a.RequestMappingHandlerMapping] | --> Mapped "{[/error],produces=[text/html]}" onto public org.springframework.web.servlet.ModelAndView org.springframework.boot.autoconfigure.web.servlet.error.BasicErrorController.errorHtml(javax.servlet.http.HttpServletRequest,javax.servlet.http.HttpServletResponse)|
- | [] | [20180911 09:29:23.824] | [INFO] | [DESKTOP-RR6N2CI] | [main] | [o.s.w.s.h.SimpleUrlHandlerMapping] | --> Mapped URL path [/webjars/**] onto handler of type [class org.springframework.web.servlet.resource.ResourceHttpRequestHandler]|
- | [] | [20180911 09:29:23.824] | [INFO] | [DESKTOP-RR6N2CI] | [main] | [o.s.w.s.h.SimpleUrlHandlerMapping] | --> Mapped URL path [/**] onto handler of type [class org.springframework.web.servlet.resource.ResourceHttpRequestHandler]|
- | [] | [20180911 09:29:23.867] | [INFO] | [DESKTOP-RR6N2CI] | [main] | [o.s.w.s.m.m.a.ExceptionHandlerExceptionResolver] | --> Detected @ExceptionHandler methods in globalExceptionHandler|
- | [] | [20180911 09:29:25.354] | [INFO] | [DESKTOP-RR6N2CI] | [main] | [o.s.c.s.DefaultLifecycleProcessor] | --> Starting beans in phase 2147483647|
- | [] | [20180911 09:29:25.355] | [INFO] | [DESKTOP-RR6N2CI] | [main] | [o.s.s.quartz.SchedulerFactoryBean] | --> Will start Quartz Scheduler [schedulerFactoryBean] in 5 seconds|
- | [] | [20180911 09:29:25.383] | [INFO] | [DESKTOP-RR6N2CI] | [main] | [c.m.m.controller.BankControllerTest] | --> Started BankControllerTest in 13.081 seconds (JVM running for 16.434)|
- | [] | [20180911 09:29:25.772] | [INFO] | [DESKTOP-RR6N2CI] | [Thread-10] | [o.s.w.c.s.GenericWebApplicationContext] | --> Closing org.springframework.web.context.support.GenericWebApplicationContext@24959ca4: startup date [Tue Sep 11 09:29:13 CST 2018]; root of context hierarchy|
- | [] | [20180911 09:29:25.776] | [INFO] | [DESKTOP-RR6N2CI] | [Thread-10] | [o.s.c.s.DefaultLifecycleProcessor] | --> Stopping beans in phase 2147483647|
- | [] | [20180911 09:29:25.778] | [INFO] | [DESKTOP-RR6N2CI] | [Thread-10] | [o.s.s.quartz.SchedulerFactoryBean] | --> Shutting down Quartz Scheduler|
- | [] | [20180911 09:29:25.779] | [INFO] | [DESKTOP-RR6N2CI] | [Thread-10] | [org.quartz.core.QuartzScheduler] | --> Scheduler schedulerFactoryBean_$_NON_CLUSTERED shutting down.|
- | [] | [20180911 09:29:25.779] | [INFO] | [DESKTOP-RR6N2CI] | [Thread-10] | [org.quartz.core.QuartzScheduler] | --> Scheduler schedulerFactoryBean_$_NON_CLUSTERED paused.|
- | [] | [20180911 09:29:25.780] | [INFO] | [DESKTOP-RR6N2CI] | [Thread-10] | [org.quartz.core.QuartzScheduler] | --> Scheduler schedulerFactoryBean_$_NON_CLUSTERED shutdown complete.|
- | [] | [20180911 09:29:25.827] | [INFO] | [DESKTOP-RR6N2CI] | [Thread-10] | [c.alibaba.druid.pool.DruidDataSource] | --> {dataSource-1} closed|
