- | [] | [20180906 11:24:34.030] | [INFO] | [DESKTOP-RR6N2CI] | [main] | [c.m.m.MillionaireServerWebApplication] | --> Starting MillionaireServerWebApplication on DESKTOP-RR6N2CI with PID 13040 (started by Liu Kai in C:\Users\Liu Kai\Desktop\复盘项目-聚金融\new\millionaire-club)|
- | [] | [20180906 11:24:34.086] | [INFO] | [DESKTOP-RR6N2CI] | [main] | [c.m.m.MillionaireServerWebApplication] | --> No active profile set, falling back to default profiles: default|
- | [] | [20180906 11:24:34.215] | [INFO] | [DESKTOP-RR6N2CI] | [main] | [o.s.b.w.s.c.AnnotationConfigServletWebServerApplicationContext] | --> Refreshing org.springframework.boot.web.servlet.context.AnnotationConfigServletWebServerApplicationContext@6d763516: startup date [Thu Sep 06 11:24:34 CST 2018]; root of context hierarchy|
- | [] | [20180906 11:24:39.594] | [INFO] | [DESKTOP-RR6N2CI] | [main] | [o.s.d.r.c.RepositoryConfigurationDelegate] | --> Multiple Spring Data modules found, entering strict repository configuration mode!|
- | [] | [20180906 11:24:41.712] | [INFO] | [DESKTOP-RR6N2CI] | [main] | [o.s.c.s.PostProcessorRegistrationDelegate$BeanPostProcessorChecker] | --> Bean 'org.springframework.transaction.annotation.ProxyTransactionManagementConfiguration' of type [org.springframework.transaction.annotation.ProxyTransactionManagementConfiguration$$EnhancerBySpringCGLIB$$a0dc5d2d] is not eligible for getting processed by all BeanPostProcessors (for example: not eligible for auto-proxying)|
- | [] | [20180906 11:24:43.355] | [INFO] | [DESKTOP-RR6N2CI] | [main] | [o.s.b.w.e.tomcat.TomcatWebServer] | --> Tomcat initialized with port(s): 20581 (http)|
- | [] | [20180906 11:24:43.391] | [INFO] | [DESKTOP-RR6N2CI] | [main] | [o.a.coyote.http11.Http11NioProtocol] | --> Initializing ProtocolHandler ["http-nio-20581"]|
- | [] | [20180906 11:24:43.452] | [INFO] | [DESKTOP-RR6N2CI] | [main] | [o.a.catalina.core.StandardService] | --> Starting service [Tomcat]|
- | [] | [20180906 11:24:43.453] | [INFO] | [DESKTOP-RR6N2CI] | [main] | [o.a.catalina.core.StandardEngine] | --> Starting Servlet Engine: Apache Tomcat/8.5.32|
- | [] | [20180906 11:24:43.469] | [INFO] | [DESKTOP-RR6N2CI] | [localhost-startStop-1] | [o.a.c.core.AprLifecycleListener] | --> The APR based Apache Tomcat Native library which allows optimal performance in production environments was not found on the java.library.path: [C:\Program Files\Java\jdk1.8.0_171\bin;C:\WINDOWS\Sun\Java\bin;C:\WINDOWS\system32;C:\WINDOWS;C:\Program Files (x86)\Common Files\Oracle\Java\javapath;C:\WINDOWS\system32;C:\WINDOWS;C:\WINDOWS\System32\Wbem;C:\WINDOWS\System32\WindowsPowerShell\v1.0\;C:\mysql-5.7.22-winx64\bin;C:\apache-maven-3.5.3\bin;C:\Program Files\Calibre2\;C:\WINDOWS\System32\OpenSSH\;C:\JUNIT;C:\Program Files\Java\jdk1.8.0_171\bin;C:\Program Files\Java\jdk1.8.0_171\jre\bin;C:\Program Files\Git\cmd;C:\apache-tomcat-7.0.90\bin;C:\jetty-distribution-9.4.11.v20180605\bin;C:\Program Files\TortoiseSVN\bin;C:\Users\Liu Kai\AppData\Local\Microsoft\WindowsApps;C:\Users\Liu Kai\AppData\Local\GitHubDesktop\bin;.]|
- | [] | [20180906 11:24:44.113] | [INFO] | [DESKTOP-RR6N2CI] | [localhost-startStop-1] | [o.a.c.c.C.[Tomcat].[localhost].[/]] | --> Initializing Spring embedded WebApplicationContext|
- | [] | [20180906 11:24:44.113] | [INFO] | [DESKTOP-RR6N2CI] | [localhost-startStop-1] | [o.s.web.context.ContextLoader] | --> Root WebApplicationContext: initialization completed in 9898 ms|
- | [] | [20180906 11:24:44.566] | [INFO] | [DESKTOP-RR6N2CI] | [localhost-startStop-1] | [o.s.b.w.s.ServletRegistrationBean] | --> Servlet dispatcherServlet mapped to [/]|
- | [] | [20180906 11:24:44.599] | [INFO] | [DESKTOP-RR6N2CI] | [localhost-startStop-1] | [o.s.b.w.s.FilterRegistrationBean] | --> Mapping filter: 'characterEncodingFilter' to: [/*]|
- | [] | [20180906 11:24:44.600] | [INFO] | [DESKTOP-RR6N2CI] | [localhost-startStop-1] | [o.s.b.w.s.FilterRegistrationBean] | --> Mapping filter: 'hiddenHttpMethodFilter' to: [/*]|
- | [] | [20180906 11:24:44.600] | [INFO] | [DESKTOP-RR6N2CI] | [localhost-startStop-1] | [o.s.b.w.s.FilterRegistrationBean] | --> Mapping filter: 'requestContextFilter' to: [/*]|
- | [] | [20180906 11:24:44.600] | [INFO] | [DESKTOP-RR6N2CI] | [localhost-startStop-1] | [o.s.b.w.s.FilterRegistrationBean] | --> Mapping filter: 'putFilter' to: [/*]|
- | [] | [20180906 11:24:49.229] | [INFO] | [DESKTOP-RR6N2CI] | [main] | [c.alibaba.druid.pool.DruidDataSource] | --> {dataSource-1} inited|
- | [] | [20180906 11:24:50.172] | [INFO] | [DESKTOP-RR6N2CI] | [main] | [org.quartz.impl.StdSchedulerFactory] | --> Using default implementation for ThreadExecutor|
- | [] | [20180906 11:24:50.239] | [INFO] | [DESKTOP-RR6N2CI] | [main] | [o.quartz.core.SchedulerSignalerImpl] | --> Initialized Scheduler Signaller of type: class org.quartz.core.SchedulerSignalerImpl|
- | [] | [20180906 11:24:50.239] | [INFO] | [DESKTOP-RR6N2CI] | [main] | [org.quartz.core.QuartzScheduler] | --> Quartz Scheduler v.2.3.0 created.|
- | [] | [20180906 11:24:50.245] | [INFO] | [DESKTOP-RR6N2CI] | [main] | [org.quartz.simpl.RAMJobStore] | --> RAMJobStore initialized.|
- | [] | [20180906 11:24:50.250] | [INFO] | [DESKTOP-RR6N2CI] | [main] | [org.quartz.core.QuartzScheduler] | --> Scheduler meta-data: Quartz Scheduler (v2.3.0) 'schedulerFactoryBean' with instanceId 'NON_CLUSTERED'
  Scheduler class: 'org.quartz.core.QuartzScheduler' - running locally.
  NOT STARTED.
  Currently in standby mode.
  Number of jobs executed: 0
  Using thread pool 'org.quartz.simpl.SimpleThreadPool' - with 10 threads.
  Using job-store 'org.quartz.simpl.RAMJobStore' - which does not support persistence. and is not clustered.
|
- | [] | [20180906 11:24:50.250] | [INFO] | [DESKTOP-RR6N2CI] | [main] | [org.quartz.impl.StdSchedulerFactory] | --> Quartz scheduler 'schedulerFactoryBean' initialized from an externally provided properties instance.|
- | [] | [20180906 11:24:50.251] | [INFO] | [DESKTOP-RR6N2CI] | [main] | [org.quartz.impl.StdSchedulerFactory] | --> Quartz scheduler version: 2.3.0|
- | [] | [20180906 11:24:50.266] | [INFO] | [DESKTOP-RR6N2CI] | [main] | [org.quartz.core.QuartzScheduler] | --> JobFactory set to: org.springframework.scheduling.quartz.AdaptableJobFactory@1aabf50d|
- | [] | [20180906 11:24:50.811] | [INFO] | [DESKTOP-RR6N2CI] | [main] | [o.s.w.s.h.SimpleUrlHandlerMapping] | --> Mapped URL path [/**/favicon.ico] onto handler of type [class org.springframework.web.servlet.resource.ResourceHttpRequestHandler]|
- | [] | [20180906 11:24:52.017] | [INFO] | [DESKTOP-RR6N2CI] | [main] | [o.s.w.s.m.m.a.RequestMappingHandlerAdapter] | --> Looking for @ControllerAdvice: org.springframework.boot.web.servlet.context.AnnotationConfigServletWebServerApplicationContext@6d763516: startup date [Thu Sep 06 11:24:34 CST 2018]; root of context hierarchy|
- | [] | [20180906 11:24:52.204] | [INFO] | [DESKTOP-RR6N2CI] | [main] | [o.s.w.s.m.m.a.RequestMappingHandlerMapping] | --> Mapped "{[/a/upload-picture],methods=[POST]}" onto public java.lang.String com.millionaire.millionaireserverweb.controller.AliyunAPIController.test(org.springframework.web.multipart.MultipartFile) throws java.io.IOException,com.millionaire.millionairecommonapi.excepion.AliyunAPIException|
- | [] | [20180906 11:24:52.208] | [INFO] | [DESKTOP-RR6N2CI] | [main] | [o.s.w.s.m.m.a.RequestMappingHandlerMapping] | --> Mapped "{[/a/ID-card-upload],methods=[POST]}" onto public java.lang.String com.millionaire.millionaireserverweb.controller.AliyunAPIController.testID(org.springframework.web.multipart.MultipartFile) throws java.io.IOException,com.millionaire.millionairecommonapi.excepion.AliyunAPIException|
- | [] | [20180906 11:24:52.216] | [INFO] | [DESKTOP-RR6N2CI] | [main] | [o.s.w.s.m.m.a.RequestMappingHandlerMapping] | --> Mapped "{[/a/bank/{bankId}],methods=[GET]}" onto public com.millionaire.millionaireserverweb.result.ResultBean com.millionaire.millionaireserverweb.controller.BankController.selectBank(long)|
- | [] | [20180906 11:24:52.218] | [INFO] | [DESKTOP-RR6N2CI] | [main] | [o.s.w.s.m.m.a.RequestMappingHandlerMapping] | --> Mapped "{[/a/bank],methods=[POST]}" onto public com.millionaire.millionaireserverweb.result.ResultBean com.millionaire.millionaireserverweb.controller.BankController.insertBank(com.millionaire.millionairemanagerservice.module.Bank)|
- | [] | [20180906 11:24:52.219] | [INFO] | [DESKTOP-RR6N2CI] | [main] | [o.s.w.s.m.m.a.RequestMappingHandlerMapping] | --> Mapped "{[/a/list/bank],methods=[GET]}" onto public com.millionaire.millionaireserverweb.result.ResultBean com.millionaire.millionaireserverweb.controller.BankController.selectBankByPage(java.lang.Integer,java.lang.Integer,com.millionaire.millionairemanagerservice.request.BankQuery)|
- | [] | [20180906 11:24:52.222] | [INFO] | [DESKTOP-RR6N2CI] | [main] | [o.s.w.s.m.m.a.RequestMappingHandlerMapping] | --> Mapped "{[/a/bank/{bankId}],methods=[PUT]}" onto public com.millionaire.millionaireserverweb.result.ResultBean com.millionaire.millionaireserverweb.controller.BankController.updateBank(java.lang.Long,com.alibaba.fastjson.JSONObject)|
- | [] | [20180906 11:24:52.228] | [INFO] | [DESKTOP-RR6N2CI] | [main] | [o.s.w.s.m.m.a.RequestMappingHandlerMapping] | --> Mapped "{[/a/list/claim-info],methods=[GET]}" onto public com.millionaire.millionaireserverweb.result.ResultBean com.millionaire.millionaireserverweb.controller.ClaimInfoController.selectClaimByPage(java.lang.Integer,java.lang.Integer,com.millionaire.millionairebusinessservice.request.ClaimInfoQuery)|
- | [] | [20180906 11:24:52.228] | [INFO] | [DESKTOP-RR6N2CI] | [main] | [o.s.w.s.m.m.a.RequestMappingHandlerMapping] | --> Mapped "{[/a/claim-info],methods=[POST]}" onto public com.millionaire.millionaireserverweb.result.ResultBean com.millionaire.millionaireserverweb.controller.ClaimInfoController.insertClaimInfo(com.millionaire.millionairebusinessservice.module.ClaimInfo)|
- | [] | [20180906 11:24:52.229] | [INFO] | [DESKTOP-RR6N2CI] | [main] | [o.s.w.s.m.m.a.RequestMappingHandlerMapping] | --> Mapped "{[/a/claim-info/{claimId}],methods=[GET]}" onto public com.millionaire.millionaireserverweb.result.ResultBean com.millionaire.millionaireserverweb.controller.ClaimInfoController.selectClaimInfo(java.lang.Long)|
- | [] | [20180906 11:24:52.232] | [INFO] | [DESKTOP-RR6N2CI] | [main] | [o.s.w.s.m.m.a.RequestMappingHandlerMapping] | --> Mapped "{[/a/investment-credit],methods=[PUT]}" onto public com.millionaire.millionaireserverweb.result.ResultBean com.millionaire.millionaireserverweb.controller.ClaimMatchController.updateInvestmentCredit(com.alibaba.fastjson.JSONObject)|
- | [] | [20180906 11:24:52.233] | [INFO] | [DESKTOP-RR6N2CI] | [main] | [o.s.w.s.m.m.a.RequestMappingHandlerMapping] | --> Mapped "{[/a/list/investment-match-claim/{claimId}],methods=[GET]}" onto public com.millionaire.millionaireserverweb.result.ResultBean com.millionaire.millionaireserverweb.controller.ClaimMatchController.listRecommendedMatch(long)|
- | [] | [20180906 11:24:52.235] | [INFO] | [DESKTOP-RR6N2CI] | [main] | [o.s.w.s.m.m.a.RequestMappingHandlerMapping] | --> Mapped "{[/a/list/claim-match/{claimid}],methods=[GET]}" onto public com.millionaire.millionaireserverweb.result.ResultBean com.millionaire.millionaireserverweb.controller.ClaimMatchController.listClaimMatch(long,java.lang.Integer,java.lang.Integer,com.millionaire.millionairebusinessservice.request.ClaimMatchQuery)|
- | [] | [20180906 11:24:52.272] | [INFO] | [DESKTOP-RR6N2CI] | [main] | [o.s.w.s.m.m.a.RequestMappingHandlerMapping] | --> Mapped "{[/a/content-info/{contentId}],methods=[GET]}" onto public com.millionaire.millionaireserverweb.result.ResultBean com.millionaire.millionaireserverweb.controller.ContentController.getContent(java.lang.Long)|
- | [] | [20180906 11:24:52.286] | [INFO] | [DESKTOP-RR6N2CI] | [main] | [o.s.w.s.m.m.a.RequestMappingHandlerMapping] | --> Mapped "{[/a/content-status/{contentId}],methods=[PUT]}" onto public com.millionaire.millionaireserverweb.result.ResultBean com.millionaire.millionaireserverweb.controller.ContentController.updateStatus(java.lang.Long,com.alibaba.fastjson.JSONObject)|
- | [] | [20180906 11:24:52.287] | [INFO] | [DESKTOP-RR6N2CI] | [main] | [o.s.w.s.m.m.a.RequestMappingHandlerMapping] | --> Mapped "{[/a/content/{contentId}],methods=[DELETE]}" onto public com.millionaire.millionaireserverweb.result.ResultBean com.millionaire.millionaireserverweb.controller.ContentController.deleteContent(long)|
- | [] | [20180906 11:24:52.289] | [INFO] | [DESKTOP-RR6N2CI] | [main] | [o.s.w.s.m.m.a.RequestMappingHandlerMapping] | --> Mapped "{[/a/content],methods=[POST]}" onto public com.millionaire.millionaireserverweb.result.ResultBean com.millionaire.millionaireserverweb.controller.ContentController.insertContent(com.millionaire.millionairemanagerservice.module.Content)|
- | [] | [20180906 11:24:52.289] | [INFO] | [DESKTOP-RR6N2CI] | [main] | [o.s.w.s.m.m.a.RequestMappingHandlerMapping] | --> Mapped "{[/a/content/{contentId}],methods=[PUT]}" onto public com.millionaire.millionaireserverweb.result.ResultBean com.millionaire.millionaireserverweb.controller.ContentController.updateContent(java.lang.Long,com.millionaire.millionairemanagerservice.module.Content)|
- | [] | [20180906 11:24:52.290] | [INFO] | [DESKTOP-RR6N2CI] | [main] | [o.s.w.s.m.m.a.RequestMappingHandlerMapping] | --> Mapped "{[/a/list/content],methods=[GET]}" onto public com.millionaire.millionaireserverweb.result.ResultBean com.millionaire.millionaireserverweb.controller.ContentController.listContent(java.lang.Integer,java.lang.Integer,com.millionaire.millionairemanagerservice.request.ContentQuery)|
- | [] | [20180906 11:24:52.302] | [INFO] | [DESKTOP-RR6N2CI] | [main] | [o.s.w.s.m.m.a.RequestMappingHandlerMapping] | --> Mapped "{[/a/investment-product],methods=[POST]}" onto public com.millionaire.millionaireserverweb.result.ResultBean com.millionaire.millionaireserverweb.controller.InvestmentProductController.insertInvestmentProduct(com.millionaire.millionairebusinessservice.module.InvestmentProduct)|
- | [] | [20180906 11:24:52.303] | [INFO] | [DESKTOP-RR6N2CI] | [main] | [o.s.w.s.m.m.a.RequestMappingHandlerMapping] | --> Mapped "{[/a/product-shelf/{productId}],methods=[PUT]}" onto public com.millionaire.millionaireserverweb.result.ResultBean com.millionaire.millionaireserverweb.controller.InvestmentProductController.updateProductIsShelf(java.lang.Long,com.alibaba.fastjson.JSONObject)|
- | [] | [20180906 11:24:52.304] | [INFO] | [DESKTOP-RR6N2CI] | [main] | [o.s.w.s.m.m.a.RequestMappingHandlerMapping] | --> Mapped "{[/a/list/investment-product],methods=[GET]}" onto public com.millionaire.millionaireserverweb.result.ResultBean com.millionaire.millionaireserverweb.controller.InvestmentProductController.getListInvestmentProduct(java.lang.Integer,java.lang.Integer,com.millionaire.millionairebusinessservice.request.ProductQuery)|
- | [] | [20180906 11:24:52.362] | [INFO] | [DESKTOP-RR6N2CI] | [main] | [o.s.w.s.m.m.a.RequestMappingHandlerMapping] | --> Mapped "{[/a/product-info/{productId}],methods=[GET]}" onto public com.millionaire.millionaireserverweb.result.ResultBean com.millionaire.millionaireserverweb.controller.InvestmentProductController.selectInvestmentProduct(java.lang.Long)|
- | [] | [20180906 11:24:52.362] | [INFO] | [DESKTOP-RR6N2CI] | [main] | [o.s.w.s.m.m.a.RequestMappingHandlerMapping] | --> Mapped "{[/a/product-info/{productId}],methods=[PUT]}" onto public com.millionaire.millionaireserverweb.result.ResultBean com.millionaire.millionaireserverweb.controller.InvestmentProductController.updateProductShelfCommendLimit(java.lang.Long,com.alibaba.fastjson.JSONObject)|
- | [] | [20180906 11:24:52.366] | [INFO] | [DESKTOP-RR6N2CI] | [main] | [o.s.w.s.m.m.a.RequestMappingHandlerMapping] | --> Mapped "{[/a/message-platform/{platformId}],methods=[DELETE]}" onto public com.millionaire.millionaireserverweb.result.ResultBean com.millionaire.millionaireserverweb.controller.MessagePlatformController.deleteMessagePlatform(long)|
- | [] | [20180906 11:24:52.368] | [INFO] | [DESKTOP-RR6N2CI] | [main] | [o.s.w.s.m.m.a.RequestMappingHandlerMapping] | --> Mapped "{[/a/list/message-platform],methods=[GET]}" onto public com.millionaire.millionaireserverweb.result.ResultBean com.millionaire.millionaireserverweb.controller.MessagePlatformController.listMessagePlatform(java.lang.Integer,java.lang.Integer,com.millionaire.millionairemanagerservice.request.MessagePlatformQuery)|
- | [] | [20180906 11:24:52.370] | [INFO] | [DESKTOP-RR6N2CI] | [main] | [o.s.w.s.m.m.a.RequestMappingHandlerMapping] | --> Mapped "{[/a/message-platform-status/{platformId}],methods=[PUT]}" onto public com.millionaire.millionaireserverweb.result.ResultBean com.millionaire.millionaireserverweb.controller.MessagePlatformController.updateMessageStatus(java.lang.Long,com.alibaba.fastjson.JSONObject)|
- | [] | [20180906 11:24:52.371] | [INFO] | [DESKTOP-RR6N2CI] | [main] | [o.s.w.s.m.m.a.RequestMappingHandlerMapping] | --> Mapped "{[/a/message-platform],methods=[POST]}" onto public com.millionaire.millionaireserverweb.result.ResultBean com.millionaire.millionaireserverweb.controller.MessagePlatformController.insertMessagePlatform(com.millionaire.millionairemanagerservice.module.MessagePlatform)|
- | [] | [20180906 11:24:52.373] | [INFO] | [DESKTOP-RR6N2CI] | [main] | [o.s.w.s.m.m.a.RequestMappingHandlerMapping] | --> Mapped "{[/a/message-platform/{platformId}],methods=[GET]}" onto public com.millionaire.millionaireserverweb.result.ResultBean com.millionaire.millionaireserverweb.controller.MessagePlatformController.selectMessage(java.lang.Long)|
- | [] | [20180906 11:24:52.375] | [INFO] | [DESKTOP-RR6N2CI] | [main] | [o.s.w.s.m.m.a.RequestMappingHandlerMapping] | --> Mapped "{[/a/system-param],methods=[PUT]}" onto public com.millionaire.millionaireserverweb.result.ResultBean com.millionaire.millionaireserverweb.controller.ParameterSettingController.systemParamSetting(com.alibaba.fastjson.JSONObject)|
- | [] | [20180906 11:24:52.378] | [INFO] | [DESKTOP-RR6N2CI] | [main] | [o.s.w.s.m.m.a.RequestMappingHandlerMapping] | --> Mapped "{[/a/list/proposal],methods=[GET]}" onto public com.millionaire.millionaireserverweb.result.ResultBean com.millionaire.millionaireserverweb.controller.ProposalController.listProposalByPage(java.lang.Integer,java.lang.Integer,com.millionaire.millionairemanagerservice.request.ProposalQuery)|
- | [] | [20180906 11:24:52.379] | [INFO] | [DESKTOP-RR6N2CI] | [main] | [o.s.w.s.m.m.a.RequestMappingHandlerMapping] | --> Mapped "{[/a/proposal/{proposalId}],methods=[GET]}" onto public com.millionaire.millionaireserverweb.result.ResultBean com.millionaire.millionaireserverweb.controller.ProposalController.selectProposal(java.lang.Long)|
- | [] | [20180906 11:24:52.380] | [INFO] | [DESKTOP-RR6N2CI] | [main] | [o.s.w.s.m.m.a.RequestMappingHandlerMapping] | --> Mapped "{[/a/proposal/{proposalId}],methods=[DELETE]}" onto public com.millionaire.millionaireserverweb.result.ResultBean com.millionaire.millionaireserverweb.controller.ProposalController.deleteProposal(java.lang.Long)|
- | [] | [20180906 11:24:52.393] | [INFO] | [DESKTOP-RR6N2CI] | [main] | [o.s.w.s.m.m.a.RequestMappingHandlerMapping] | --> Mapped "{[/a/list/user],methods=[GET]}" onto public com.millionaire.millionaireserverweb.result.ResultBean com.millionaire.millionaireserverweb.controller.ReceptionUsersController.getListReceptionUsers(java.lang.Integer,java.lang.Integer,com.millionaire.millionaireuserservice.request.ReceptionUsersQuery)|
- | [] | [20180906 11:24:52.394] | [INFO] | [DESKTOP-RR6N2CI] | [main] | [o.s.w.s.m.m.a.RequestMappingHandlerMapping] | --> Mapped "{[/a/list/user-verification],methods=[GET]}" onto public com.millionaire.millionaireserverweb.result.ResultBean com.millionaire.millionaireserverweb.controller.ReceptionUsersController.listUsersVerification(java.lang.Integer,java.lang.Integer,com.millionaire.millionaireuserservice.request.UsersVerificationQuery)|
- | [] | [20180906 11:24:52.395] | [INFO] | [DESKTOP-RR6N2CI] | [main] | [o.s.w.s.m.m.a.RequestMappingHandlerMapping] | --> Mapped "{[/a/user-verification/{uid}],methods=[GET]}" onto public com.millionaire.millionaireserverweb.result.ResultBean com.millionaire.millionaireserverweb.controller.ReceptionUsersController.selectUsersVerification(java.lang.Long)|
- | [] | [20180906 11:24:52.395] | [INFO] | [DESKTOP-RR6N2CI] | [main] | [o.s.w.s.m.m.a.RequestMappingHandlerMapping] | --> Mapped "{[/a/user/{uid}],methods=[PUT]}" onto public com.millionaire.millionaireserverweb.result.ResultBean com.millionaire.millionaireserverweb.controller.ReceptionUsersController.updateUserPhoneMangerNum(java.lang.Long,com.alibaba.fastjson.JSONObject)|
- | [] | [20180906 11:24:52.396] | [INFO] | [DESKTOP-RR6N2CI] | [main] | [o.s.w.s.m.m.a.RequestMappingHandlerMapping] | --> Mapped "{[/a/user-verification/{uid}],methods=[PUT]}" onto public com.millionaire.millionaireserverweb.result.ResultBean com.millionaire.millionaireserverweb.controller.ReceptionUsersController.updateAuthentication(java.lang.Long,com.alibaba.fastjson.JSONObject)|
- | [] | [20180906 11:24:52.401] | [INFO] | [DESKTOP-RR6N2CI] | [main] | [o.s.w.s.m.m.a.RequestMappingHandlerMapping] | --> Mapped "{[/a/user-bank/{uid}],methods=[DELETE]}" onto public com.millionaire.millionaireserverweb.result.ResultBean com.millionaire.millionaireserverweb.controller.ReceptionUsersController.deleteUserBankCard(java.lang.Long,java.lang.String)|
- | [] | [20180906 11:24:52.401] | [INFO] | [DESKTOP-RR6N2CI] | [main] | [o.s.w.s.m.m.a.RequestMappingHandlerMapping] | --> Mapped "{[/a/user-verification-cancel/{uid}],methods=[PUT]}" onto public com.millionaire.millionaireserverweb.result.ResultBean com.millionaire.millionaireserverweb.controller.ReceptionUsersController.cancelUserVerification(java.lang.Long)|
- | [] | [20180906 11:24:52.402] | [INFO] | [DESKTOP-RR6N2CI] | [main] | [o.s.w.s.m.m.a.RequestMappingHandlerMapping] | --> Mapped "{[/a/list/trading-flow/{uid}],methods=[GET]}" onto public com.millionaire.millionaireserverweb.result.ResultBean com.millionaire.millionaireserverweb.controller.ReceptionUsersController.listUserTradingFlow(java.lang.Long,java.lang.Integer,java.lang.Integer,com.millionaire.millionairebusinessservice.request.TradingFlowQuery)|
- | [] | [20180906 11:24:52.402] | [INFO] | [DESKTOP-RR6N2CI] | [main] | [o.s.w.s.m.m.a.RequestMappingHandlerMapping] | --> Mapped "{[/a/list/investment-user/{uid}],methods=[GET]}" onto public com.millionaire.millionaireserverweb.result.ResultBean com.millionaire.millionaireserverweb.controller.ReceptionUsersController.listUserInvestment(java.lang.Long,java.lang.Integer,java.lang.Integer,com.millionaire.millionairebusinessservice.request.InvestmentUserQuery)|
- | [] | [20180906 11:24:52.403] | [INFO] | [DESKTOP-RR6N2CI] | [main] | [o.s.w.s.m.m.a.RequestMappingHandlerMapping] | --> Mapped "{[/a/user/{uid}],methods=[GET]}" onto public com.millionaire.millionaireserverweb.result.ResultBean com.millionaire.millionaireserverweb.controller.ReceptionUsersController.selectUsers(java.lang.Long)|
- | [] | [20180906 11:24:52.403] | [INFO] | [DESKTOP-RR6N2CI] | [main] | [o.s.w.s.m.m.a.RequestMappingHandlerMapping] | --> Mapped "{[/a/user-status/{uid}],methods=[PUT]}" onto public com.millionaire.millionaireserverweb.result.ResultBean com.millionaire.millionaireserverweb.controller.ReceptionUsersController.updateUserStatus(java.lang.Long,com.alibaba.fastjson.JSONObject)|
- | [] | [20180906 11:24:52.406] | [INFO] | [DESKTOP-RR6N2CI] | [main] | [o.s.w.s.m.m.a.RequestMappingHandlerMapping] | --> Mapped "{[/a/list/investment-detail/{productId}],methods=[GET]}" onto public com.millionaire.millionaireserverweb.result.ResultBean com.millionaire.millionaireserverweb.controller.StatisticsController.detailInvestmentProduct(java.lang.Long,java.lang.Integer,java.lang.Integer,com.millionaire.millionairebusinessservice.request.TradingFlowDetailQuery)|
- | [] | [20180906 11:24:52.407] | [INFO] | [DESKTOP-RR6N2CI] | [main] | [o.s.w.s.m.m.a.RequestMappingHandlerMapping] | --> Mapped "{[/a/investment-count],methods=[GET]}" onto public com.millionaire.millionaireserverweb.result.ResultBean com.millionaire.millionaireserverweb.controller.StatisticsController.countInvestmentProduct(java.lang.Integer,java.lang.Integer,com.millionaire.millionairebusinessservice.request.TradingFlowStatisticQuery)|
- | [] | [20180906 11:24:52.414] | [INFO] | [DESKTOP-RR6N2CI] | [main] | [o.s.w.s.m.m.a.RequestMappingHandlerMapping] | --> Mapped "{[/a/permission],methods=[GET]}" onto public com.millionaire.millionaireadminservice.module.ResultBean com.millionaire.millionaireserverweb.controller.SunController.getPermission()|
- | [] | [20180906 11:24:52.415] | [INFO] | [DESKTOP-RR6N2CI] | [main] | [o.s.w.s.m.m.a.RequestMappingHandlerMapping] | --> Mapped "{[/a/rolePermission/{id}],methods=[GET]}" onto public java.util.Map com.millionaire.millionaireserverweb.controller.SunController.selectRolePermission(java.lang.Long)|
- | [] | [20180906 11:24:52.416] | [INFO] | [DESKTOP-RR6N2CI] | [main] | [o.s.w.s.m.m.a.RequestMappingHandlerMapping] | --> Mapped "{[/a/backstageUser/{id}],methods=[GET]}" onto public com.millionaire.millionaireadminservice.module.ResultBean com.millionaire.millionaireserverweb.controller.SunController.getBackstageUserById(java.lang.Long)|
- | [] | [20180906 11:24:52.417] | [INFO] | [DESKTOP-RR6N2CI] | [main] | [o.s.w.s.m.m.a.RequestMappingHandlerMapping] | --> Mapped "{[/backstageLoginPage],methods=[GET]}" onto public java.lang.String com.millionaire.millionaireserverweb.controller.SunController.backstageLogin()|
- | [] | [20180906 11:24:52.418] | [INFO] | [DESKTOP-RR6N2CI] | [main] | [o.s.w.s.m.m.a.RequestMappingHandlerMapping] | --> Mapped "{[/a/list/backstageUsers],methods=[GET]}" onto public com.millionaire.millionaireadminservice.module.ResultBean com.millionaire.millionaireserverweb.controller.SunController.getUsers(java.lang.Integer,java.lang.String,java.lang.String)|
- | [] | [20180906 11:24:52.418] | [INFO] | [DESKTOP-RR6N2CI] | [main] | [o.s.w.s.m.m.a.RequestMappingHandlerMapping] | --> Mapped "{[/backstageLogin],methods=[POST]}" onto public com.millionaire.millionaireadminservice.module.ResultBean com.millionaire.millionaireserverweb.controller.SunController.subLogin(com.alibaba.fastjson.JSONObject)|
- | [] | [20180906 11:24:52.419] | [INFO] | [DESKTOP-RR6N2CI] | [main] | [o.s.w.s.m.m.a.RequestMappingHandlerMapping] | --> Mapped "{[/a/role/{id}],methods=[DELETE]}" onto public com.millionaire.millionaireadminservice.module.ResultBean com.millionaire.millionaireserverweb.controller.SunController.deleteRole(java.lang.Long)|
- | [] | [20180906 11:24:52.420] | [INFO] | [DESKTOP-RR6N2CI] | [main] | [o.s.w.s.m.m.a.RequestMappingHandlerMapping] | --> Mapped "{[/a/backstageUser/{id}],methods=[DELETE]}" onto public com.millionaire.millionaireadminservice.module.ResultBean com.millionaire.millionaireserverweb.controller.SunController.deleteById(java.lang.Long)|
- | [] | [20180906 11:24:52.420] | [INFO] | [DESKTOP-RR6N2CI] | [main] | [o.s.w.s.m.m.a.RequestMappingHandlerMapping] | --> Mapped "{[/a/backstageUser/{id}],methods=[PUT]}" onto public com.millionaire.millionaireadminservice.module.ResultBean com.millionaire.millionaireserverweb.controller.SunController.updateById(com.alibaba.fastjson.JSONObject,java.lang.Long)|
- | [] | [20180906 11:24:52.420] | [INFO] | [DESKTOP-RR6N2CI] | [main] | [o.s.w.s.m.m.a.RequestMappingHandlerMapping] | --> Mapped "{[/a/roles/{id}],methods=[PUT]}" onto public com.millionaire.millionaireadminservice.module.ResultBean com.millionaire.millionaireserverweb.controller.SunController.updateRole(java.lang.Long,com.alibaba.fastjson.JSONObject)|
- | [] | [20180906 11:24:52.421] | [INFO] | [DESKTOP-RR6N2CI] | [main] | [o.s.w.s.m.m.a.RequestMappingHandlerMapping] | --> Mapped "{[/a/backstageUser/password],methods=[PUT]}" onto public com.millionaire.millionaireadminservice.module.ResultBean com.millionaire.millionaireserverweb.controller.SunController.updatePassword(com.alibaba.fastjson.JSONObject)|
- | [] | [20180906 11:24:52.422] | [INFO] | [DESKTOP-RR6N2CI] | [main] | [o.s.w.s.m.m.a.RequestMappingHandlerMapping] | --> Mapped "{[/a/list/roles],methods=[GET]}" onto public com.millionaire.millionaireadminservice.module.ResultBean com.millionaire.millionaireserverweb.controller.SunController.getRoles(java.lang.Integer)|
- | [] | [20180906 11:24:52.422] | [INFO] | [DESKTOP-RR6N2CI] | [main] | [o.s.w.s.m.m.a.RequestMappingHandlerMapping] | --> Mapped "{[/a/backstageUsers],methods=[POST]}" onto public com.millionaire.millionaireadminservice.module.ResultBean com.millionaire.millionaireserverweb.controller.SunController.insertUser(com.alibaba.fastjson.JSONObject)|
- | [] | [20180906 11:24:52.426] | [INFO] | [DESKTOP-RR6N2CI] | [main] | [o.s.w.s.m.m.a.RequestMappingHandlerMapping] | --> Mapped "{[/a/roles],methods=[POST]}" onto public com.millionaire.millionaireadminservice.module.ResultBean com.millionaire.millionaireserverweb.controller.SunController.insertRole(com.alibaba.fastjson.JSONObject)|
- | [] | [20180906 11:24:52.427] | [INFO] | [DESKTOP-RR6N2CI] | [main] | [o.s.w.s.m.m.a.RequestMappingHandlerMapping] | --> Mapped "{[/a/roles],methods=[GET]}" onto public com.millionaire.millionaireadminservice.module.ResultBean com.millionaire.millionaireserverweb.controller.SunController.getRolesAll()|
- | [] | [20180906 11:24:52.438] | [INFO] | [DESKTOP-RR6N2CI] | [main] | [o.s.w.s.m.m.a.RequestMappingHandlerMapping] | --> Mapped "{[/error]}" onto public org.springframework.http.ResponseEntity<java.util.Map<java.lang.String, java.lang.Object>> org.springframework.boot.autoconfigure.web.servlet.error.BasicErrorController.error(javax.servlet.http.HttpServletRequest)|
- | [] | [20180906 11:24:52.440] | [INFO] | [DESKTOP-RR6N2CI] | [main] | [o.s.w.s.m.m.a.RequestMappingHandlerMapping] | --> Mapped "{[/error],produces=[text/html]}" onto public org.springframework.web.servlet.ModelAndView org.springframework.boot.autoconfigure.web.servlet.error.BasicErrorController.errorHtml(javax.servlet.http.HttpServletRequest,javax.servlet.http.HttpServletResponse)|
- | [] | [20180906 11:24:52.772] | [INFO] | [DESKTOP-RR6N2CI] | [main] | [o.s.w.s.h.SimpleUrlHandlerMapping] | --> Mapped URL path [/webjars/**] onto handler of type [class org.springframework.web.servlet.resource.ResourceHttpRequestHandler]|
- | [] | [20180906 11:24:52.773] | [INFO] | [DESKTOP-RR6N2CI] | [main] | [o.s.w.s.h.SimpleUrlHandlerMapping] | --> Mapped URL path [/**] onto handler of type [class org.springframework.web.servlet.resource.ResourceHttpRequestHandler]|
- | [] | [20180906 11:24:52.903] | [INFO] | [DESKTOP-RR6N2CI] | [main] | [o.s.w.s.m.m.a.ExceptionHandlerExceptionResolver] | --> Detected @ExceptionHandler methods in globalExceptionHandler|
- | [] | [20180906 11:24:54.908] | [INFO] | [DESKTOP-RR6N2CI] | [main] | [o.s.j.e.a.AnnotationMBeanExporter] | --> Registering beans for JMX exposure on startup|
- | [] | [20180906 11:24:54.912] | [INFO] | [DESKTOP-RR6N2CI] | [main] | [o.s.j.e.a.AnnotationMBeanExporter] | --> Bean with name 'dataSource' has been autodetected for JMX exposure|
- | [] | [20180906 11:24:54.923] | [INFO] | [DESKTOP-RR6N2CI] | [main] | [o.s.j.e.a.AnnotationMBeanExporter] | --> Located MBean 'dataSource': registering with JMX server as MBean [com.alibaba.druid.pool:name=dataSource,type=DruidDataSource]|
- | [] | [20180906 11:24:54.932] | [INFO] | [DESKTOP-RR6N2CI] | [main] | [o.s.c.s.DefaultLifecycleProcessor] | --> Starting beans in phase 2147483647|
- | [] | [20180906 11:24:54.935] | [INFO] | [DESKTOP-RR6N2CI] | [main] | [o.s.s.quartz.SchedulerFactoryBean] | --> Will start Quartz Scheduler [schedulerFactoryBean] in 5 seconds|
- | [] | [20180906 11:24:54.969] | [INFO] | [DESKTOP-RR6N2CI] | [main] | [o.a.coyote.http11.Http11NioProtocol] | --> Starting ProtocolHandler ["http-nio-20581"]|
- | [] | [20180906 11:24:54.993] | [INFO] | [DESKTOP-RR6N2CI] | [main] | [o.a.tomcat.util.net.NioSelectorPool] | --> Using a shared selector for servlet write/read|
- | [] | [20180906 11:24:55.056] | [INFO] | [DESKTOP-RR6N2CI] | [main] | [o.s.b.w.e.tomcat.TomcatWebServer] | --> Tomcat started on port(s): 20581 (http) with context path ''|
- | [] | [20180906 11:24:55.064] | [INFO] | [DESKTOP-RR6N2CI] | [main] | [c.m.m.MillionaireServerWebApplication] | --> Started MillionaireServerWebApplication in 23.509 seconds (JVM running for 31.07)|
- | [] | [20180906 11:24:59.938] | [INFO] | [DESKTOP-RR6N2CI] | [Quartz Scheduler [schedulerFactoryBean]] | [o.s.s.quartz.SchedulerFactoryBean] | --> Starting Quartz Scheduler now, after delay of 5 seconds|
- | [] | [20180906 11:24:59.941] | [INFO] | [DESKTOP-RR6N2CI] | [Quartz Scheduler [schedulerFactoryBean]] | [org.quartz.core.QuartzScheduler] | --> Scheduler schedulerFactoryBean_$_NON_CLUSTERED started.|
- | [] | [20180906 11:25:00.228] | [INFO] | [DESKTOP-RR6N2CI] | [schedulerFactoryBean_Worker-1] | [c.m.m.lkjob.job.MessageSendJob] | --> 定时消息发送任务启动|
- | [] | [20180906 11:26:00.032] | [INFO] | [DESKTOP-RR6N2CI] | [schedulerFactoryBean_Worker-2] | [c.m.m.lkjob.job.MessageSendJob] | --> 定时消息发送任务启动|
- | [] | [20180906 11:27:00.034] | [INFO] | [DESKTOP-RR6N2CI] | [schedulerFactoryBean_Worker-3] | [c.m.m.lkjob.job.MessageSendJob] | --> 定时消息发送任务启动|
- | [] | [20180906 11:28:00.045] | [INFO] | [DESKTOP-RR6N2CI] | [schedulerFactoryBean_Worker-4] | [c.m.m.lkjob.job.MessageSendJob] | --> 定时消息发送任务启动|
- | [] | [20180906 11:29:00.106] | [INFO] | [DESKTOP-RR6N2CI] | [schedulerFactoryBean_Worker-5] | [c.m.m.lkjob.job.MessageSendJob] | --> 定时消息发送任务启动|
- | [] | [20180906 11:30:00.031] | [INFO] | [DESKTOP-RR6N2CI] | [schedulerFactoryBean_Worker-6] | [c.m.m.lkjob.job.MessageSendJob] | --> 定时消息发送任务启动|
- | [] | [20180906 11:31:00.029] | [INFO] | [DESKTOP-RR6N2CI] | [schedulerFactoryBean_Worker-7] | [c.m.m.lkjob.job.MessageSendJob] | --> 定时消息发送任务启动|
